<?xml version="1.0" encoding="utf-8"?><testsuites name="pytest tests"><testsuite name="pytest" errors="11" failures="0" skipped="0" tests="11" time="3.622" timestamp="2026-03-17T08:08:33.971738-07:00" hostname="timelock.local"><testcase classname="" name="tests.integration.test_pipelines" time="0.000"><error message="collection failure">ImportError while importing test module '/Users/4d/Documents/GitHub/GEO-INFER/GEO-INFER-AI/tests/integration/test_pipelines.py'.
Hint: make sure your test modules/packages have valid Python names.
Traceback:
../../../miniforge3/lib/python3.12/importlib/__init__.py:90: in import_module
    return _bootstrap._gcd_import(name[level:], package, level)
           ^^^^^^^^^^^^^^^^^^^^^^^^^^^^^^^^^^^^^^^^^^^^^^^^^^^^
GEO-INFER-AI/tests/integration/test_pipelines.py:8: in &lt;module&gt;
    from geo_infer_ai.core.training import ModelTrainer, TrainingConfig
GEO-INFER-AI/src/geo_infer_ai/__init__.py:19: in &lt;module&gt;
    from geo_infer_ai.core.training import ModelTrainer, TrainingConfig
GEO-INFER-AI/src/geo_infer_ai/core/__init__.py:3: in &lt;module&gt;
    from geo_infer_ai.core.training import ModelTrainer, TrainingConfig
GEO-INFER-AI/src/geo_infer_ai/core/training.py:16: in &lt;module&gt;
    from sklearn.metrics import (
.venv/lib/python3.12/site-packages/sklearn/__init__.py:73: in &lt;module&gt;
    from .base import clone  # noqa: E402
    ^^^^^^^^^^^^^^^^^^^^^^^
.venv/lib/python3.12/site-packages/sklearn/base.py:19: in &lt;module&gt;
    from .utils._metadata_requests import _MetadataRequester, _routing_enabled
.venv/lib/python3.12/site-packages/sklearn/utils/__init__.py:9: in &lt;module&gt;
    from ._chunking import gen_batches, gen_even_slices
.venv/lib/python3.12/site-packages/sklearn/utils/_chunking.py:11: in &lt;module&gt;
    from ._param_validation import Interval, validate_params
.venv/lib/python3.12/site-packages/sklearn/utils/_param_validation.py:17: in &lt;module&gt;
    from .validation import _is_arraylike_not_scalar
.venv/lib/python3.12/site-packages/sklearn/utils/validation.py:21: in &lt;module&gt;
    from ..utils._array_api import _asarray_with_order, _is_numpy_namespace, get_namespace
.venv/lib/python3.12/site-packages/sklearn/utils/_array_api.py:20: in &lt;module&gt;
    from .fixes import parse_version
.venv/lib/python3.12/site-packages/sklearn/utils/fixes.py:421: in &lt;module&gt;
    import pyarrow
.venv/lib/python3.12/site-packages/pyarrow/__init__.py:59: in &lt;module&gt;
    from pyarrow.lib import (BuildInfo, CppBuildInfo, RuntimeInfo, set_timezone_db_path,
E   ImportError: dlopen(/Users/4d/Documents/GitHub/GEO-INFER/.venv/lib/python3.12/site-packages/pyarrow/lib.cpython-312-darwin.so, 0x0002): Symbol not found: __ZN4absl12lts_2025012712log_internal15kSignedCharNullE
E     Referenced from: &lt;1491B701-20E5-348B-BB3C-769CC9AAB603&gt; /Users/4d/Documents/GitHub/GEO-INFER/.venv/lib/python3.12/site-packages/pyarrow/libarrow_substrait.2300.dylib
E     Expected in:     &lt;49902AAF-FD77-3832-911E-7B20549165B8&gt; /opt/homebrew/Cellar/apache-arrow/23.0.1_3/lib/libarrow.2300.1.0.dylib</error></testcase><testcase classname="" name="tests.unit.test_cross_validation" time="0.000"><error message="collection failure">ImportError while importing test module '/Users/4d/Documents/GitHub/GEO-INFER/GEO-INFER-AI/tests/unit/test_cross_validation.py'.
Hint: make sure your test modules/packages have valid Python names.
Traceback:
../../../miniforge3/lib/python3.12/importlib/__init__.py:90: in import_module
    return _bootstrap._gcd_import(name[level:], package, level)
           ^^^^^^^^^^^^^^^^^^^^^^^^^^^^^^^^^^^^^^^^^^^^^^^^^^^^
GEO-INFER-AI/tests/unit/test_cross_validation.py:7: in &lt;module&gt;
    from sklearn.ensemble import RandomForestClassifier, RandomForestRegressor
.venv/lib/python3.12/site-packages/sklearn/__init__.py:73: in &lt;module&gt;
    from .base import clone  # noqa: E402
    ^^^^^^^^^^^^^^^^^^^^^^^
.venv/lib/python3.12/site-packages/sklearn/base.py:20: in &lt;module&gt;
    from .utils._missing import is_scalar_nan
.venv/lib/python3.12/site-packages/sklearn/utils/__init__.py:9: in &lt;module&gt;
    from ._chunking import gen_batches, gen_even_slices
.venv/lib/python3.12/site-packages/sklearn/utils/_chunking.py:11: in &lt;module&gt;
    from ._param_validation import Interval, validate_params
.venv/lib/python3.12/site-packages/sklearn/utils/_param_validation.py:17: in &lt;module&gt;
    from .validation import _is_arraylike_not_scalar
.venv/lib/python3.12/site-packages/sklearn/utils/validation.py:21: in &lt;module&gt;
    from ..utils._array_api import _asarray_with_order, _is_numpy_namespace, get_namespace
.venv/lib/python3.12/site-packages/sklearn/utils/_array_api.py:20: in &lt;module&gt;
    from .fixes import parse_version
.venv/lib/python3.12/site-packages/sklearn/utils/fixes.py:421: in &lt;module&gt;
    import pyarrow
.venv/lib/python3.12/site-packages/pyarrow/__init__.py:59: in &lt;module&gt;
    from pyarrow.lib import (BuildInfo, CppBuildInfo, RuntimeInfo, set_timezone_db_path,
E   ImportError: dlopen(/Users/4d/Documents/GitHub/GEO-INFER/.venv/lib/python3.12/site-packages/pyarrow/lib.cpython-312-darwin.so, 0x0002): Symbol not found: __ZN4absl12lts_2025012712log_internal15kSignedCharNullE
E     Referenced from: &lt;1491B701-20E5-348B-BB3C-769CC9AAB603&gt; /Users/4d/Documents/GitHub/GEO-INFER/.venv/lib/python3.12/site-packages/pyarrow/libarrow_substrait.2300.dylib
E     Expected in:     &lt;49902AAF-FD77-3832-911E-7B20549165B8&gt; /opt/homebrew/Cellar/apache-arrow/23.0.1_3/lib/libarrow.2300.1.0.dylib</error></testcase><testcase classname="" name="tests.unit.test_explainability" time="0.000"><error message="collection failure">ImportError while importing test module '/Users/4d/Documents/GitHub/GEO-INFER/GEO-INFER-AI/tests/unit/test_explainability.py'.
Hint: make sure your test modules/packages have valid Python names.
Traceback:
../../../miniforge3/lib/python3.12/importlib/__init__.py:90: in import_module
    return _bootstrap._gcd_import(name[level:], package, level)
           ^^^^^^^^^^^^^^^^^^^^^^^^^^^^^^^^^^^^^^^^^^^^^^^^^^^^
GEO-INFER-AI/tests/unit/test_explainability.py:7: in &lt;module&gt;
    from sklearn.ensemble import RandomForestClassifier, RandomForestRegressor
.venv/lib/python3.12/site-packages/sklearn/__init__.py:73: in &lt;module&gt;
    from .base import clone  # noqa: E402
    ^^^^^^^^^^^^^^^^^^^^^^^
.venv/lib/python3.12/site-packages/sklearn/base.py:20: in &lt;module&gt;
    from .utils._missing import is_scalar_nan
.venv/lib/python3.12/site-packages/sklearn/utils/__init__.py:9: in &lt;module&gt;
    from ._chunking import gen_batches, gen_even_slices
.venv/lib/python3.12/site-packages/sklearn/utils/_chunking.py:11: in &lt;module&gt;
    from ._param_validation import Interval, validate_params
.venv/lib/python3.12/site-packages/sklearn/utils/_param_validation.py:17: in &lt;module&gt;
    from .validation import _is_arraylike_not_scalar
.venv/lib/python3.12/site-packages/sklearn/utils/validation.py:21: in &lt;module&gt;
    from ..utils._array_api import _asarray_with_order, _is_numpy_namespace, get_namespace
.venv/lib/python3.12/site-packages/sklearn/utils/_array_api.py:20: in &lt;module&gt;
    from .fixes import parse_version
.venv/lib/python3.12/site-packages/sklearn/utils/fixes.py:421: in &lt;module&gt;
    import pyarrow
.venv/lib/python3.12/site-packages/pyarrow/__init__.py:59: in &lt;module&gt;
    from pyarrow.lib import (BuildInfo, CppBuildInfo, RuntimeInfo, set_timezone_db_path,
E   ImportError: dlopen(/Users/4d/Documents/GitHub/GEO-INFER/.venv/lib/python3.12/site-packages/pyarrow/lib.cpython-312-darwin.so, 0x0002): Symbol not found: __ZN4absl12lts_2025012712log_internal15kSignedCharNullE
E     Referenced from: &lt;1491B701-20E5-348B-BB3C-769CC9AAB603&gt; /Users/4d/Documents/GitHub/GEO-INFER/.venv/lib/python3.12/site-packages/pyarrow/libarrow_substrait.2300.dylib
E     Expected in:     &lt;49902AAF-FD77-3832-911E-7B20549165B8&gt; /opt/homebrew/Cellar/apache-arrow/23.0.1_3/lib/libarrow.2300.1.0.dylib</error></testcase><testcase classname="" name="tests.unit.test_feature_engineering" time="0.000"><error message="collection failure">ImportError while importing test module '/Users/4d/Documents/GitHub/GEO-INFER/GEO-INFER-AI/tests/unit/test_feature_engineering.py'.
Hint: make sure your test modules/packages have valid Python names.
Traceback:
../../../miniforge3/lib/python3.12/importlib/__init__.py:90: in import_module
    return _bootstrap._gcd_import(name[level:], package, level)
           ^^^^^^^^^^^^^^^^^^^^^^^^^^^^^^^^^^^^^^^^^^^^^^^^^^^^
GEO-INFER-AI/tests/unit/test_feature_engineering.py:9: in &lt;module&gt;
    from geo_infer_ai.preprocessing.feature_engineering import GeospatialFeatureEngineer
GEO-INFER-AI/src/geo_infer_ai/__init__.py:19: in &lt;module&gt;
    from geo_infer_ai.core.training import ModelTrainer, TrainingConfig
GEO-INFER-AI/src/geo_infer_ai/core/__init__.py:3: in &lt;module&gt;
    from geo_infer_ai.core.training import ModelTrainer, TrainingConfig
GEO-INFER-AI/src/geo_infer_ai/core/training.py:16: in &lt;module&gt;
    from sklearn.metrics import (
.venv/lib/python3.12/site-packages/sklearn/__init__.py:73: in &lt;module&gt;
    from .base import clone  # noqa: E402
    ^^^^^^^^^^^^^^^^^^^^^^^
.venv/lib/python3.12/site-packages/sklearn/base.py:20: in &lt;module&gt;
    from .utils._missing import is_scalar_nan
.venv/lib/python3.12/site-packages/sklearn/utils/__init__.py:9: in &lt;module&gt;
    from ._chunking import gen_batches, gen_even_slices
.venv/lib/python3.12/site-packages/sklearn/utils/_chunking.py:11: in &lt;module&gt;
    from ._param_validation import Interval, validate_params
.venv/lib/python3.12/site-packages/sklearn/utils/_param_validation.py:17: in &lt;module&gt;
    from .validation import _is_arraylike_not_scalar
.venv/lib/python3.12/site-packages/sklearn/utils/validation.py:21: in &lt;module&gt;
    from ..utils._array_api import _asarray_with_order, _is_numpy_namespace, get_namespace
.venv/lib/python3.12/site-packages/sklearn/utils/_array_api.py:20: in &lt;module&gt;
    from .fixes import parse_version
.venv/lib/python3.12/site-packages/sklearn/utils/fixes.py:421: in &lt;module&gt;
    import pyarrow
.venv/lib/python3.12/site-packages/pyarrow/__init__.py:59: in &lt;module&gt;
    from pyarrow.lib import (BuildInfo, CppBuildInfo, RuntimeInfo, set_timezone_db_path,
E   ImportError: dlopen(/Users/4d/Documents/GitHub/GEO-INFER/.venv/lib/python3.12/site-packages/pyarrow/lib.cpython-312-darwin.so, 0x0002): Symbol not found: __ZN4absl12lts_2025012712log_internal15kSignedCharNullE
E     Referenced from: &lt;1491B701-20E5-348B-BB3C-769CC9AAB603&gt; /Users/4d/Documents/GitHub/GEO-INFER/.venv/lib/python3.12/site-packages/pyarrow/libarrow_substrait.2300.dylib
E     Expected in:     &lt;49902AAF-FD77-3832-911E-7B20549165B8&gt; /opt/homebrew/Cellar/apache-arrow/23.0.1_3/lib/libarrow.2300.1.0.dylib</error></testcase><testcase classname="" name="tests.unit.test_idw_interpolation" time="0.000"><error message="collection failure">ImportError while importing test module '/Users/4d/Documents/GitHub/GEO-INFER/GEO-INFER-AI/tests/unit/test_idw_interpolation.py'.
Hint: make sure your test modules/packages have valid Python names.
Traceback:
../../../miniforge3/lib/python3.12/importlib/__init__.py:90: in import_module
    return _bootstrap._gcd_import(name[level:], package, level)
           ^^^^^^^^^^^^^^^^^^^^^^^^^^^^^^^^^^^^^^^^^^^^^^^^^^^^
GEO-INFER-AI/tests/unit/test_idw_interpolation.py:8: in &lt;module&gt;
    from geo_infer_ai.models.predictive.spatial_predictor import IDWInterpolator
GEO-INFER-AI/src/geo_infer_ai/__init__.py:19: in &lt;module&gt;
    from geo_infer_ai.core.training import ModelTrainer, TrainingConfig
GEO-INFER-AI/src/geo_infer_ai/core/__init__.py:3: in &lt;module&gt;
    from geo_infer_ai.core.training import ModelTrainer, TrainingConfig
GEO-INFER-AI/src/geo_infer_ai/core/training.py:16: in &lt;module&gt;
    from sklearn.metrics import (
.venv/lib/python3.12/site-packages/sklearn/__init__.py:73: in &lt;module&gt;
    from .base import clone  # noqa: E402
    ^^^^^^^^^^^^^^^^^^^^^^^
.venv/lib/python3.12/site-packages/sklearn/base.py:20: in &lt;module&gt;
    from .utils._missing import is_scalar_nan
.venv/lib/python3.12/site-packages/sklearn/utils/__init__.py:9: in &lt;module&gt;
    from ._chunking import gen_batches, gen_even_slices
.venv/lib/python3.12/site-packages/sklearn/utils/_chunking.py:11: in &lt;module&gt;
    from ._param_validation import Interval, validate_params
.venv/lib/python3.12/site-packages/sklearn/utils/_param_validation.py:17: in &lt;module&gt;
    from .validation import _is_arraylike_not_scalar
.venv/lib/python3.12/site-packages/sklearn/utils/validation.py:21: in &lt;module&gt;
    from ..utils._array_api import _asarray_with_order, _is_numpy_namespace, get_namespace
.venv/lib/python3.12/site-packages/sklearn/utils/_array_api.py:20: in &lt;module&gt;
    from .fixes import parse_version
.venv/lib/python3.12/site-packages/sklearn/utils/fixes.py:421: in &lt;module&gt;
    import pyarrow
.venv/lib/python3.12/site-packages/pyarrow/__init__.py:59: in &lt;module&gt;
    from pyarrow.lib import (BuildInfo, CppBuildInfo, RuntimeInfo, set_timezone_db_path,
E   ImportError: dlopen(/Users/4d/Documents/GitHub/GEO-INFER/.venv/lib/python3.12/site-packages/pyarrow/lib.cpython-312-darwin.so, 0x0002): Symbol not found: __ZN4absl12lts_2025012712log_internal15kSignedCharNullE
E     Referenced from: &lt;1491B701-20E5-348B-BB3C-769CC9AAB603&gt; /Users/4d/Documents/GitHub/GEO-INFER/.venv/lib/python3.12/site-packages/pyarrow/libarrow_substrait.2300.dylib
E     Expected in:     &lt;49902AAF-FD77-3832-911E-7B20549165B8&gt; /opt/homebrew/Cellar/apache-arrow/23.0.1_3/lib/libarrow.2300.1.0.dylib</error></testcase><testcase classname="" name="tests.unit.test_image_classifier" time="0.000"><error message="collection failure">ImportError while importing test module '/Users/4d/Documents/GitHub/GEO-INFER/GEO-INFER-AI/tests/unit/test_image_classifier.py'.
Hint: make sure your test modules/packages have valid Python names.
Traceback:
../../../miniforge3/lib/python3.12/importlib/__init__.py:90: in import_module
    return _bootstrap._gcd_import(name[level:], package, level)
           ^^^^^^^^^^^^^^^^^^^^^^^^^^^^^^^^^^^^^^^^^^^^^^^^^^^^
GEO-INFER-AI/tests/unit/test_image_classifier.py:8: in &lt;module&gt;
    from geo_infer_ai.models.cv.image_classifier import ImageClassifier
GEO-INFER-AI/src/geo_infer_ai/__init__.py:19: in &lt;module&gt;
    from geo_infer_ai.core.training import ModelTrainer, TrainingConfig
GEO-INFER-AI/src/geo_infer_ai/core/__init__.py:3: in &lt;module&gt;
    from geo_infer_ai.core.training import ModelTrainer, TrainingConfig
GEO-INFER-AI/src/geo_infer_ai/core/training.py:16: in &lt;module&gt;
    from sklearn.metrics import (
.venv/lib/python3.12/site-packages/sklearn/__init__.py:73: in &lt;module&gt;
    from .base import clone  # noqa: E402
    ^^^^^^^^^^^^^^^^^^^^^^^
.venv/lib/python3.12/site-packages/sklearn/base.py:20: in &lt;module&gt;
    from .utils._missing import is_scalar_nan
.venv/lib/python3.12/site-packages/sklearn/utils/__init__.py:9: in &lt;module&gt;
    from ._chunking import gen_batches, gen_even_slices
.venv/lib/python3.12/site-packages/sklearn/utils/_chunking.py:11: in &lt;module&gt;
    from ._param_validation import Interval, validate_params
.venv/lib/python3.12/site-packages/sklearn/utils/_param_validation.py:17: in &lt;module&gt;
    from .validation import _is_arraylike_not_scalar
.venv/lib/python3.12/site-packages/sklearn/utils/validation.py:21: in &lt;module&gt;
    from ..utils._array_api import _asarray_with_order, _is_numpy_namespace, get_namespace
.venv/lib/python3.12/site-packages/sklearn/utils/_array_api.py:20: in &lt;module&gt;
    from .fixes import parse_version
.venv/lib/python3.12/site-packages/sklearn/utils/fixes.py:421: in &lt;module&gt;
    import pyarrow
.venv/lib/python3.12/site-packages/pyarrow/__init__.py:59: in &lt;module&gt;
    from pyarrow.lib import (BuildInfo, CppBuildInfo, RuntimeInfo, set_timezone_db_path,
E   ImportError: dlopen(/Users/4d/Documents/GitHub/GEO-INFER/.venv/lib/python3.12/site-packages/pyarrow/lib.cpython-312-darwin.so, 0x0002): Symbol not found: __ZN4absl12lts_2025012712log_internal15kSignedCharNullE
E     Referenced from: &lt;1491B701-20E5-348B-BB3C-769CC9AAB603&gt; /Users/4d/Documents/GitHub/GEO-INFER/.venv/lib/python3.12/site-packages/pyarrow/libarrow_substrait.2300.dylib
E     Expected in:     &lt;49902AAF-FD77-3832-911E-7B20549165B8&gt; /opt/homebrew/Cellar/apache-arrow/23.0.1_3/lib/libarrow.2300.1.0.dylib</error></testcase><testcase classname="" name="tests.unit.test_kriging" time="0.000"><error message="collection failure">ImportError while importing test module '/Users/4d/Documents/GitHub/GEO-INFER/GEO-INFER-AI/tests/unit/test_kriging.py'.
Hint: make sure your test modules/packages have valid Python names.
Traceback:
../../../miniforge3/lib/python3.12/importlib/__init__.py:90: in import_module
    return _bootstrap._gcd_import(name[level:], package, level)
           ^^^^^^^^^^^^^^^^^^^^^^^^^^^^^^^^^^^^^^^^^^^^^^^^^^^^
GEO-INFER-AI/tests/unit/test_kriging.py:8: in &lt;module&gt;
    from geo_infer_ai.models.predictive.spatial_predictor import OrdinaryKriging
GEO-INFER-AI/src/geo_infer_ai/__init__.py:19: in &lt;module&gt;
    from geo_infer_ai.core.training import ModelTrainer, TrainingConfig
GEO-INFER-AI/src/geo_infer_ai/core/__init__.py:3: in &lt;module&gt;
    from geo_infer_ai.core.training import ModelTrainer, TrainingConfig
GEO-INFER-AI/src/geo_infer_ai/core/training.py:16: in &lt;module&gt;
    from sklearn.metrics import (
.venv/lib/python3.12/site-packages/sklearn/__init__.py:73: in &lt;module&gt;
    from .base import clone  # noqa: E402
    ^^^^^^^^^^^^^^^^^^^^^^^
.venv/lib/python3.12/site-packages/sklearn/base.py:20: in &lt;module&gt;
    from .utils._missing import is_scalar_nan
.venv/lib/python3.12/site-packages/sklearn/utils/__init__.py:9: in &lt;module&gt;
    from ._chunking import gen_batches, gen_even_slices
.venv/lib/python3.12/site-packages/sklearn/utils/_chunking.py:11: in &lt;module&gt;
    from ._param_validation import Interval, validate_params
.venv/lib/python3.12/site-packages/sklearn/utils/_param_validation.py:17: in &lt;module&gt;
    from .validation import _is_arraylike_not_scalar
.venv/lib/python3.12/site-packages/sklearn/utils/validation.py:21: in &lt;module&gt;
    from ..utils._array_api import _asarray_with_order, _is_numpy_namespace, get_namespace
.venv/lib/python3.12/site-packages/sklearn/utils/_array_api.py:20: in &lt;module&gt;
    from .fixes import parse_version
.venv/lib/python3.12/site-packages/sklearn/utils/fixes.py:421: in &lt;module&gt;
    import pyarrow
.venv/lib/python3.12/site-packages/pyarrow/__init__.py:59: in &lt;module&gt;
    from pyarrow.lib import (BuildInfo, CppBuildInfo, RuntimeInfo, set_timezone_db_path,
E   ImportError: dlopen(/Users/4d/Documents/GitHub/GEO-INFER/.venv/lib/python3.12/site-packages/pyarrow/lib.cpython-312-darwin.so, 0x0002): Symbol not found: __ZN4absl12lts_2025012712log_internal15kSignedCharNullE
E     Referenced from: &lt;1491B701-20E5-348B-BB3C-769CC9AAB603&gt; /Users/4d/Documents/GitHub/GEO-INFER/.venv/lib/python3.12/site-packages/pyarrow/libarrow_substrait.2300.dylib
E     Expected in:     &lt;49902AAF-FD77-3832-911E-7B20549165B8&gt; /opt/homebrew/Cellar/apache-arrow/23.0.1_3/lib/libarrow.2300.1.0.dylib</error></testcase><testcase classname="" name="tests.unit.test_model_evaluation" time="0.000"><error message="collection failure">ImportError while importing test module '/Users/4d/Documents/GitHub/GEO-INFER/GEO-INFER-AI/tests/unit/test_model_evaluation.py'.
Hint: make sure your test modules/packages have valid Python names.
Traceback:
../../../miniforge3/lib/python3.12/importlib/__init__.py:90: in import_module
    return _bootstrap._gcd_import(name[level:], package, level)
           ^^^^^^^^^^^^^^^^^^^^^^^^^^^^^^^^^^^^^^^^^^^^^^^^^^^^
GEO-INFER-AI/tests/unit/test_model_evaluation.py:7: in &lt;module&gt;
    from sklearn.ensemble import RandomForestClassifier, RandomForestRegressor
.venv/lib/python3.12/site-packages/sklearn/__init__.py:73: in &lt;module&gt;
    from .base import clone  # noqa: E402
    ^^^^^^^^^^^^^^^^^^^^^^^
.venv/lib/python3.12/site-packages/sklearn/base.py:20: in &lt;module&gt;
    from .utils._missing import is_scalar_nan
.venv/lib/python3.12/site-packages/sklearn/utils/__init__.py:9: in &lt;module&gt;
    from ._chunking import gen_batches, gen_even_slices
.venv/lib/python3.12/site-packages/sklearn/utils/_chunking.py:11: in &lt;module&gt;
    from ._param_validation import Interval, validate_params
.venv/lib/python3.12/site-packages/sklearn/utils/_param_validation.py:17: in &lt;module&gt;
    from .validation import _is_arraylike_not_scalar
.venv/lib/python3.12/site-packages/sklearn/utils/validation.py:21: in &lt;module&gt;
    from ..utils._array_api import _asarray_with_order, _is_numpy_namespace, get_namespace
.venv/lib/python3.12/site-packages/sklearn/utils/_array_api.py:20: in &lt;module&gt;
    from .fixes import parse_version
.venv/lib/python3.12/site-packages/sklearn/utils/fixes.py:421: in &lt;module&gt;
    import pyarrow
.venv/lib/python3.12/site-packages/pyarrow/__init__.py:59: in &lt;module&gt;
    from pyarrow.lib import (BuildInfo, CppBuildInfo, RuntimeInfo, set_timezone_db_path,
E   ImportError: dlopen(/Users/4d/Documents/GitHub/GEO-INFER/.venv/lib/python3.12/site-packages/pyarrow/lib.cpython-312-darwin.so, 0x0002): Symbol not found: __ZN4absl12lts_2025012712log_internal15kSignedCharNullE
E     Referenced from: &lt;1491B701-20E5-348B-BB3C-769CC9AAB603&gt; /Users/4d/Documents/GitHub/GEO-INFER/.venv/lib/python3.12/site-packages/pyarrow/libarrow_substrait.2300.dylib
E     Expected in:     &lt;49902AAF-FD77-3832-911E-7B20549165B8&gt; /opt/homebrew/Cellar/apache-arrow/23.0.1_3/lib/libarrow.2300.1.0.dylib</error></testcase><testcase classname="" name="tests.unit.test_spatial_lag_features" time="0.000"><error message="collection failure">ImportError while importing test module '/Users/4d/Documents/GitHub/GEO-INFER/GEO-INFER-AI/tests/unit/test_spatial_lag_features.py'.
Hint: make sure your test modules/packages have valid Python names.
Traceback:
../../../miniforge3/lib/python3.12/importlib/__init__.py:90: in import_module
    return _bootstrap._gcd_import(name[level:], package, level)
           ^^^^^^^^^^^^^^^^^^^^^^^^^^^^^^^^^^^^^^^^^^^^^^^^^^^^
GEO-INFER-AI/tests/unit/test_spatial_lag_features.py:9: in &lt;module&gt;
    from geo_infer_ai.preprocessing.feature_engineering import GeospatialFeatureEngineer
GEO-INFER-AI/src/geo_infer_ai/__init__.py:19: in &lt;module&gt;
    from geo_infer_ai.core.training import ModelTrainer, TrainingConfig
GEO-INFER-AI/src/geo_infer_ai/core/__init__.py:3: in &lt;module&gt;
    from geo_infer_ai.core.training import ModelTrainer, TrainingConfig
GEO-INFER-AI/src/geo_infer_ai/core/training.py:16: in &lt;module&gt;
    from sklearn.metrics import (
.venv/lib/python3.12/site-packages/sklearn/__init__.py:73: in &lt;module&gt;
    from .base import clone  # noqa: E402
    ^^^^^^^^^^^^^^^^^^^^^^^
.venv/lib/python3.12/site-packages/sklearn/base.py:20: in &lt;module&gt;
    from .utils._missing import is_scalar_nan
.venv/lib/python3.12/site-packages/sklearn/utils/__init__.py:9: in &lt;module&gt;
    from ._chunking import gen_batches, gen_even_slices
.venv/lib/python3.12/site-packages/sklearn/utils/_chunking.py:11: in &lt;module&gt;
    from ._param_validation import Interval, validate_params
.venv/lib/python3.12/site-packages/sklearn/utils/_param_validation.py:17: in &lt;module&gt;
    from .validation import _is_arraylike_not_scalar
.venv/lib/python3.12/site-packages/sklearn/utils/validation.py:21: in &lt;module&gt;
    from ..utils._array_api import _asarray_with_order, _is_numpy_namespace, get_namespace
.venv/lib/python3.12/site-packages/sklearn/utils/_array_api.py:20: in &lt;module&gt;
    from .fixes import parse_version
.venv/lib/python3.12/site-packages/sklearn/utils/fixes.py:421: in &lt;module&gt;
    import pyarrow
.venv/lib/python3.12/site-packages/pyarrow/__init__.py:59: in &lt;module&gt;
    from pyarrow.lib import (BuildInfo, CppBuildInfo, RuntimeInfo, set_timezone_db_path,
E   ImportError: dlopen(/Users/4d/Documents/GitHub/GEO-INFER/.venv/lib/python3.12/site-packages/pyarrow/lib.cpython-312-darwin.so, 0x0002): Symbol not found: __ZN4absl12lts_2025012712log_internal15kSignedCharNullE
E     Referenced from: &lt;1491B701-20E5-348B-BB3C-769CC9AAB603&gt; /Users/4d/Documents/GitHub/GEO-INFER/.venv/lib/python3.12/site-packages/pyarrow/libarrow_substrait.2300.dylib
E     Expected in:     &lt;49902AAF-FD77-3832-911E-7B20549165B8&gt; /opt/homebrew/Cellar/apache-arrow/23.0.1_3/lib/libarrow.2300.1.0.dylib</error></testcase><testcase classname="" name="tests.unit.test_spatial_predictor" time="0.000"><error message="collection failure">ImportError while importing test module '/Users/4d/Documents/GitHub/GEO-INFER/GEO-INFER-AI/tests/unit/test_spatial_predictor.py'.
Hint: make sure your test modules/packages have valid Python names.
Traceback:
../../../miniforge3/lib/python3.12/importlib/__init__.py:90: in import_module
    return _bootstrap._gcd_import(name[level:], package, level)
           ^^^^^^^^^^^^^^^^^^^^^^^^^^^^^^^^^^^^^^^^^^^^^^^^^^^^
GEO-INFER-AI/tests/unit/test_spatial_predictor.py:9: in &lt;module&gt;
    from geo_infer_ai.models.predictive.spatial_predictor import SpatialPredictor
GEO-INFER-AI/src/geo_infer_ai/__init__.py:19: in &lt;module&gt;
    from geo_infer_ai.core.training import ModelTrainer, TrainingConfig
GEO-INFER-AI/src/geo_infer_ai/core/__init__.py:3: in &lt;module&gt;
    from geo_infer_ai.core.training import ModelTrainer, TrainingConfig
GEO-INFER-AI/src/geo_infer_ai/core/training.py:16: in &lt;module&gt;
    from sklearn.metrics import (
.venv/lib/python3.12/site-packages/sklearn/__init__.py:73: in &lt;module&gt;
    from .base import clone  # noqa: E402
    ^^^^^^^^^^^^^^^^^^^^^^^
.venv/lib/python3.12/site-packages/sklearn/base.py:20: in &lt;module&gt;
    from .utils._missing import is_scalar_nan
.venv/lib/python3.12/site-packages/sklearn/utils/__init__.py:9: in &lt;module&gt;
    from ._chunking import gen_batches, gen_even_slices
.venv/lib/python3.12/site-packages/sklearn/utils/_chunking.py:11: in &lt;module&gt;
    from ._param_validation import Interval, validate_params
.venv/lib/python3.12/site-packages/sklearn/utils/_param_validation.py:17: in &lt;module&gt;
    from .validation import _is_arraylike_not_scalar
.venv/lib/python3.12/site-packages/sklearn/utils/validation.py:21: in &lt;module&gt;
    from ..utils._array_api import _asarray_with_order, _is_numpy_namespace, get_namespace
.venv/lib/python3.12/site-packages/sklearn/utils/_array_api.py:20: in &lt;module&gt;
    from .fixes import parse_version
.venv/lib/python3.12/site-packages/sklearn/utils/fixes.py:421: in &lt;module&gt;
    import pyarrow
.venv/lib/python3.12/site-packages/pyarrow/__init__.py:59: in &lt;module&gt;
    from pyarrow.lib import (BuildInfo, CppBuildInfo, RuntimeInfo, set_timezone_db_path,
E   ImportError: dlopen(/Users/4d/Documents/GitHub/GEO-INFER/.venv/lib/python3.12/site-packages/pyarrow/lib.cpython-312-darwin.so, 0x0002): Symbol not found: __ZN4absl12lts_2025012712log_internal15kSignedCharNullE
E     Referenced from: &lt;1491B701-20E5-348B-BB3C-769CC9AAB603&gt; /Users/4d/Documents/GitHub/GEO-INFER/.venv/lib/python3.12/site-packages/pyarrow/libarrow_substrait.2300.dylib
E     Expected in:     &lt;49902AAF-FD77-3832-911E-7B20549165B8&gt; /opt/homebrew/Cellar/apache-arrow/23.0.1_3/lib/libarrow.2300.1.0.dylib</error></testcase><testcase classname="" name="tests.unit.test_training" time="0.000"><error message="collection failure">ImportError while importing test module '/Users/4d/Documents/GitHub/GEO-INFER/GEO-INFER-AI/tests/unit/test_training.py'.
Hint: make sure your test modules/packages have valid Python names.
Traceback:
../../../miniforge3/lib/python3.12/importlib/__init__.py:90: in import_module
    return _bootstrap._gcd_import(name[level:], package, level)
           ^^^^^^^^^^^^^^^^^^^^^^^^^^^^^^^^^^^^^^^^^^^^^^^^^^^^
GEO-INFER-AI/tests/unit/test_training.py:7: in &lt;module&gt;
    from sklearn.ensemble import RandomForestClassifier, RandomForestRegressor
.venv/lib/python3.12/site-packages/sklearn/__init__.py:73: in &lt;module&gt;
    from .base import clone  # noqa: E402
    ^^^^^^^^^^^^^^^^^^^^^^^
.venv/lib/python3.12/site-packages/sklearn/base.py:20: in &lt;module&gt;
    from .utils._missing import is_scalar_nan
.venv/lib/python3.12/site-packages/sklearn/utils/__init__.py:9: in &lt;module&gt;
    from ._chunking import gen_batches, gen_even_slices
.venv/lib/python3.12/site-packages/sklearn/utils/_chunking.py:11: in &lt;module&gt;
    from ._param_validation import Interval, validate_params
.venv/lib/python3.12/site-packages/sklearn/utils/_param_validation.py:17: in &lt;module&gt;
    from .validation import _is_arraylike_not_scalar
.venv/lib/python3.12/site-packages/sklearn/utils/validation.py:21: in &lt;module&gt;
    from ..utils._array_api import _asarray_with_order, _is_numpy_namespace, get_namespace
.venv/lib/python3.12/site-packages/sklearn/utils/_array_api.py:20: in &lt;module&gt;
    from .fixes import parse_version
.venv/lib/python3.12/site-packages/sklearn/utils/fixes.py:421: in &lt;module&gt;
    import pyarrow
.venv/lib/python3.12/site-packages/pyarrow/__init__.py:59: in &lt;module&gt;
    from pyarrow.lib import (BuildInfo, CppBuildInfo, RuntimeInfo, set_timezone_db_path,
E   ImportError: dlopen(/Users/4d/Documents/GitHub/GEO-INFER/.venv/lib/python3.12/site-packages/pyarrow/lib.cpython-312-darwin.so, 0x0002): Symbol not found: __ZN4absl12lts_2025012712log_internal15kSignedCharNullE
E     Referenced from: &lt;1491B701-20E5-348B-BB3C-769CC9AAB603&gt; /Users/4d/Documents/GitHub/GEO-INFER/.venv/lib/python3.12/site-packages/pyarrow/libarrow_substrait.2300.dylib
E     Expected in:     &lt;49902AAF-FD77-3832-911E-7B20549165B8&gt; /opt/homebrew/Cellar/apache-arrow/23.0.1_3/lib/libarrow.2300.1.0.dylib</error></testcase></testsuite></testsuites>