<?xml version="1.0" encoding="utf-8"?><testsuites name="pytest tests"><testsuite name="pytest" errors="0" failures="13" skipped="3" tests="55" time="25.061" timestamp="2026-02-25T17:54:36.753691-08:00" hostname="timelock.local"><testcase classname="tests.unit.test_color_palette.TestColorPalette" name="test_cmap_creation" time="0.026" /><testcase classname="tests.unit.test_color_palette.TestColorPalette" name="test_from_color_theory" time="0.001" /><testcase classname="tests.unit.test_color_palette.TestColorPalette" name="test_get_palette" time="0.000" /><testcase classname="tests.unit.test_color_palette.TestColorPalette" name="test_init_with_custom_colors" time="0.000" /><testcase classname="tests.unit.test_color_palette.TestColorPalette" name="test_init_with_default_palette" time="0.000" /><testcase classname="tests.unit.test_color_palette.TestColorPalette" name="test_invert" time="0.000" /><testcase classname="tests.unit.test_color_palette.TestColorPalette" name="test_str_representation" time="0.000" /><testcase classname="tests.unit.test_cultural_map.TestCulturalMap" name="test_add_narrative" time="0.114" /><testcase classname="tests.unit.test_cultural_map.TestCulturalMap" name="test_apply_cultural_style" time="3.991"><failure message="tensorflow.python.framework.errors_impl.InvalidArgumentError: {{function_node __wrapped__Sub_device_/job:localhost/replica:0/task:0/device:CPU:0}} Incompatible shapes: [1,2042,801,64] vs. [1,224,224,64] [Op:Sub] name:">GEO-INFER-ART/tests/unit/test_cultural_map.py:173: in test_apply_cultural_style
    cultural_map_with_style = cultural_map.apply_cultural_style(style="artistic")
                              ^^^^^^^^^^^^^^^^^^^^^^^^^^^^^^^^^^^^^^^^^^^^^^^^^^^
GEO-INFER-ART/src/geo_infer_art/core/place/cultural_map.py:704: in apply_cultural_style
    styled_img = StyleTransfer.apply(
GEO-INFER-ART/src/geo_infer_art/core/aesthetics/style_transfer.py:337: in apply
    stylized_image = transferer._apply_neural_style_transfer(
GEO-INFER-ART/src/geo_infer_art/core/aesthetics/style_transfer.py:417: in _apply_neural_style_transfer
    loss = style_content_loss()
           ^^^^^^^^^^^^^^^^^^^^
GEO-INFER-ART/src/geo_infer_art/core/aesthetics/style_transfer.py:398: in style_content_loss
    tf.reduce_mean((style_outputs[i] - style_features[i])**2)
                    ^^^^^^^^^^^^^^^^^^^^^^^^^^^^^^^^^^^^
../../../.pyenv/versions/3.12.11/lib/python3.12/site-packages/tensorflow/python/util/traceback_utils.py:153: in error_handler
    raise e.with_traceback(filtered_tb) from None
../../../.pyenv/versions/3.12.11/lib/python3.12/site-packages/tensorflow/python/framework/ops.py:6006: in raise_from_not_ok_status
    raise core._status_to_exception(e) from None  # pylint: disable=protected-access
    ^^^^^^^^^^^^^^^^^^^^^^^^^^^^^^^^^^^^^^^^^^^^
E   tensorflow.python.framework.errors_impl.InvalidArgumentError: {{function_node __wrapped__Sub_device_/job:localhost/replica:0/task:0/device:CPU:0}} Incompatible shapes: [1,2042,801,64] vs. [1,224,224,64] [Op:Sub] name:</failure></testcase><testcase classname="tests.unit.test_cultural_map.TestCulturalMap" name="test_different_cultural_themes" time="0.136" /><testcase classname="tests.unit.test_cultural_map.TestCulturalMap" name="test_different_styles" time="0.259" /><testcase classname="tests.unit.test_cultural_map.TestCulturalMap" name="test_from_coordinates" time="0.046" /><testcase classname="tests.unit.test_cultural_map.TestCulturalMap" name="test_from_region" time="0.086" /><testcase classname="tests.unit.test_cultural_map.TestCulturalMap" name="test_init_with_data" time="0.002"><failure message="ValueError: The truth value of a DataFrame is ambiguous. Use a.empty, a.bool(), a.item(), a.any() or a.all().">GEO-INFER-ART/tests/unit/test_cultural_map.py:56: in test_init_with_data
    self.assertEqual(cultural_map.data, data)
../../../.pyenv/versions/3.12.11/lib/python3.12/site-packages/pandas/core/generic.py:1577: in __nonzero__
    raise ValueError(
E   ValueError: The truth value of a DataFrame is ambiguous. Use a.empty, a.bool(), a.item(), a.any() or a.all().</failure></testcase><testcase classname="tests.unit.test_cultural_map.TestCulturalMap" name="test_invalid_inputs" time="0.108"><failure message="AssertionError: ValueError not raised">GEO-INFER-ART/tests/unit/test_cultural_map.py:278: in test_invalid_inputs
    with self.assertRaises(ValueError):
         ^^^^^^^^^^^^^^^^^^^^^^^^^^^^^
E   AssertionError: ValueError not raised</failure></testcase><testcase classname="tests.unit.test_cultural_map.TestCulturalMap" name="test_save_and_show" time="0.063" /><testcase classname="tests.unit.test_generative_map.TestGenerativeMap" name="test_abstraction_levels" time="1.042" /><testcase classname="tests.unit.test_generative_map.TestGenerativeMap" name="test_different_styles" time="1.473" /><testcase classname="tests.unit.test_generative_map.TestGenerativeMap" name="test_from_elevation_with_array" time="0.223"><failure message="AssertionError: 35283600 != (128, 128)">GEO-INFER-ART/tests/unit/test_generative_map.py:57: in test_from_elevation_with_array
    self.assertEqual(gen_map.image.size, (128, 128))
E   AssertionError: 35283600 != (128, 128)</failure></testcase><testcase classname="tests.unit.test_generative_map.TestGenerativeMap" name="test_from_elevation_with_bbox" time="0.367"><skipped type="pytest.skip" message="Elevation data retrieval failed: 35283600 != (128, 128)">/Users/4d/Documents/GitHub/GEO-INFER/GEO-INFER-ART/tests/unit/test_generative_map.py:63: Elevation data retrieval failed: 35283600 != (128, 128)</skipped></testcase><testcase classname="tests.unit.test_generative_map.TestGenerativeMap" name="test_from_elevation_with_named_region" time="0.407"><skipped type="pytest.skip" message="Named region retrieval failed: 'type' not found in {'region': 'grand_canyon', 'data_type': 'elevation', 'abstraction_level': 0.5, 'style': 'contour'}">/Users/4d/Documents/GitHub/GEO-INFER/GEO-INFER-ART/tests/unit/test_generative_map.py:85: Named region retrieval failed: 'type' not found in {'region': 'grand_canyon', 'data_type': 'elevation', 'abstraction_level': 0.5, 'style': 'contour'}</skipped></testcase><testcase classname="tests.unit.test_generative_map.TestGenerativeMap" name="test_init_with_data" time="0.000" /><testcase classname="tests.unit.test_generative_map.TestGenerativeMap" name="test_invalid_inputs" time="0.004" /><testcase classname="tests.unit.test_generative_map.TestGenerativeMap" name="test_save_and_show" time="0.372" /><testcase classname="tests.unit.test_geo_art.TestGeoArt" name="test_apply_style_default" time="0.020" /><testcase classname="tests.unit.test_geo_art.TestGeoArt" name="test_apply_style_with_custom_palette" time="0.022" /><testcase classname="tests.unit.test_geo_art.TestGeoArt" name="test_apply_style_with_invalid_data" time="0.001" /><testcase classname="tests.unit.test_geo_art.TestGeoArt" name="test_apply_style_with_palette_name" time="0.020" /><testcase classname="tests.unit.test_geo_art.TestGeoArt" name="test_init_with_raster_data" time="0.001" /><testcase classname="tests.unit.test_geo_art.TestGeoArt" name="test_init_with_vector_data" time="0.001" /><testcase classname="tests.unit.test_geo_art.TestGeoArt" name="test_load_geojson_file_not_found" time="0.001" /><testcase classname="tests.unit.test_geo_art.TestGeoArt" name="test_save" time="0.087" /><testcase classname="tests.unit.test_geo_art.TestGeoArt" name="test_save_without_style" time="0.001" /><testcase classname="tests.unit.test_geo_art.TestGeoArt" name="test_str_representation" time="0.001" /><testcase classname="tests.unit.test_place_art.TestPlaceArt" name="test_add_metadata_overlay" time="0.001"><failure message="AttributeError: &lt;class 'geo_infer_art.core.place.place_art.PlaceArt'&gt; does not have the attribute '_fetch_location_data'">../../../.pyenv/versions/3.12.11/lib/python3.12/unittest/mock.py:1393: in patched
    with self.decoration_helper(patched,
../../../.pyenv/versions/3.12.11/lib/python3.12/contextlib.py:137: in __enter__
    return next(self.gen)
           ^^^^^^^^^^^^^^
../../../.pyenv/versions/3.12.11/lib/python3.12/unittest/mock.py:1375: in decoration_helper
    arg = exit_stack.enter_context(patching)
          ^^^^^^^^^^^^^^^^^^^^^^^^^^^^^^^^^^
../../../.pyenv/versions/3.12.11/lib/python3.12/contextlib.py:526: in enter_context
    result = _enter(cm)
             ^^^^^^^^^^
../../../.pyenv/versions/3.12.11/lib/python3.12/unittest/mock.py:1467: in __enter__
    original, local = self.get_original()
                      ^^^^^^^^^^^^^^^^^^^
../../../.pyenv/versions/3.12.11/lib/python3.12/unittest/mock.py:1437: in get_original
    raise AttributeError(
E   AttributeError: &lt;class 'geo_infer_art.core.place.place_art.PlaceArt'&gt; does not have the attribute '_fetch_location_data'</failure></testcase><testcase classname="tests.unit.test_place_art.TestPlaceArt" name="test_different_styles" time="0.001"><failure message="AttributeError: &lt;class 'geo_infer_art.core.place.place_art.PlaceArt'&gt; does not have the attribute '_fetch_location_data'">GEO-INFER-ART/tests/unit/test_place_art.py:164: in test_different_styles
    with patch('geo_infer_art.core.place.place_art.PlaceArt._fetch_location_data') as mock_fetch:
         ^^^^^^^^^^^^^^^^^^^^^^^^^^^^^^^^^^^^^^^^^^^^^^^^^^^^^^^^^^^^^^^^^^^^^^^^^
../../../.pyenv/versions/3.12.11/lib/python3.12/unittest/mock.py:1467: in __enter__
    original, local = self.get_original()
                      ^^^^^^^^^^^^^^^^^^^
../../../.pyenv/versions/3.12.11/lib/python3.12/unittest/mock.py:1437: in get_original
    raise AttributeError(
E   AttributeError: &lt;class 'geo_infer_art.core.place.place_art.PlaceArt'&gt; does not have the attribute '_fetch_location_data'</failure></testcase><testcase classname="tests.unit.test_place_art.TestPlaceArt" name="test_from_coordinates" time="0.001"><failure message="AttributeError: &lt;class 'geo_infer_art.core.place.place_art.PlaceArt'&gt; does not have the attribute '_fetch_location_data'">../../../.pyenv/versions/3.12.11/lib/python3.12/unittest/mock.py:1393: in patched
    with self.decoration_helper(patched,
../../../.pyenv/versions/3.12.11/lib/python3.12/contextlib.py:137: in __enter__
    return next(self.gen)
           ^^^^^^^^^^^^^^
../../../.pyenv/versions/3.12.11/lib/python3.12/unittest/mock.py:1375: in decoration_helper
    arg = exit_stack.enter_context(patching)
          ^^^^^^^^^^^^^^^^^^^^^^^^^^^^^^^^^^
../../../.pyenv/versions/3.12.11/lib/python3.12/contextlib.py:526: in enter_context
    result = _enter(cm)
             ^^^^^^^^^^
../../../.pyenv/versions/3.12.11/lib/python3.12/unittest/mock.py:1467: in __enter__
    original, local = self.get_original()
                      ^^^^^^^^^^^^^^^^^^^
../../../.pyenv/versions/3.12.11/lib/python3.12/unittest/mock.py:1437: in get_original
    raise AttributeError(
E   AttributeError: &lt;class 'geo_infer_art.core.place.place_art.PlaceArt'&gt; does not have the attribute '_fetch_location_data'</failure></testcase><testcase classname="tests.unit.test_place_art.TestPlaceArt" name="test_from_place_name" time="0.001"><failure message="AttributeError: &lt;class 'geo_infer_art.core.place.place_art.PlaceArt'&gt; does not have the attribute '_fetch_place_data'">../../../.pyenv/versions/3.12.11/lib/python3.12/unittest/mock.py:1393: in patched
    with self.decoration_helper(patched,
../../../.pyenv/versions/3.12.11/lib/python3.12/contextlib.py:137: in __enter__
    return next(self.gen)
           ^^^^^^^^^^^^^^
../../../.pyenv/versions/3.12.11/lib/python3.12/unittest/mock.py:1375: in decoration_helper
    arg = exit_stack.enter_context(patching)
          ^^^^^^^^^^^^^^^^^^^^^^^^^^^^^^^^^^
../../../.pyenv/versions/3.12.11/lib/python3.12/contextlib.py:526: in enter_context
    result = _enter(cm)
             ^^^^^^^^^^
../../../.pyenv/versions/3.12.11/lib/python3.12/unittest/mock.py:1467: in __enter__
    original, local = self.get_original()
                      ^^^^^^^^^^^^^^^^^^^
../../../.pyenv/versions/3.12.11/lib/python3.12/unittest/mock.py:1437: in get_original
    raise AttributeError(
E   AttributeError: &lt;class 'geo_infer_art.core.place.place_art.PlaceArt'&gt; does not have the attribute '_fetch_place_data'</failure></testcase><testcase classname="tests.unit.test_place_art.TestPlaceArt" name="test_init_with_location" time="0.000" /><testcase classname="tests.unit.test_place_art.TestPlaceArt" name="test_invalid_inputs" time="0.000"><failure message="AttributeError: &lt;class 'geo_infer_art.core.place.place_art.PlaceArt'&gt; does not have the attribute '_fetch_location_data'">GEO-INFER-ART/tests/unit/test_place_art.py:200: in test_invalid_inputs
    with patch('geo_infer_art.core.place.place_art.PlaceArt._fetch_location_data') as mock_fetch:
         ^^^^^^^^^^^^^^^^^^^^^^^^^^^^^^^^^^^^^^^^^^^^^^^^^^^^^^^^^^^^^^^^^^^^^^^^^
../../../.pyenv/versions/3.12.11/lib/python3.12/unittest/mock.py:1467: in __enter__
    original, local = self.get_original()
                      ^^^^^^^^^^^^^^^^^^^
../../../.pyenv/versions/3.12.11/lib/python3.12/unittest/mock.py:1437: in get_original
    raise AttributeError(
E   AttributeError: &lt;class 'geo_infer_art.core.place.place_art.PlaceArt'&gt; does not have the attribute '_fetch_location_data'</failure></testcase><testcase classname="tests.unit.test_place_art.TestPlaceArt" name="test_save_and_show" time="0.001"><failure message="AttributeError: &lt;class 'geo_infer_art.core.place.place_art.PlaceArt'&gt; does not have the attribute '_fetch_location_data'">../../../.pyenv/versions/3.12.11/lib/python3.12/unittest/mock.py:1393: in patched
    with self.decoration_helper(patched,
../../../.pyenv/versions/3.12.11/lib/python3.12/contextlib.py:137: in __enter__
    return next(self.gen)
           ^^^^^^^^^^^^^^
../../../.pyenv/versions/3.12.11/lib/python3.12/unittest/mock.py:1375: in decoration_helper
    arg = exit_stack.enter_context(patching)
          ^^^^^^^^^^^^^^^^^^^^^^^^^^^^^^^^^^
../../../.pyenv/versions/3.12.11/lib/python3.12/contextlib.py:526: in enter_context
    result = _enter(cm)
             ^^^^^^^^^^
../../../.pyenv/versions/3.12.11/lib/python3.12/unittest/mock.py:1467: in __enter__
    original, local = self.get_original()
                      ^^^^^^^^^^^^^^^^^^^
../../../.pyenv/versions/3.12.11/lib/python3.12/unittest/mock.py:1437: in get_original
    raise AttributeError(
E   AttributeError: &lt;class 'geo_infer_art.core.place.place_art.PlaceArt'&gt; does not have the attribute '_fetch_location_data'</failure></testcase><testcase classname="tests.unit.test_procedural_art.TestProceduralArt" name="test_different_algorithms" time="0.412" /><testcase classname="tests.unit.test_procedural_art.TestProceduralArt" name="test_from_geo_coordinates" time="0.140" /><testcase classname="tests.unit.test_procedural_art.TestProceduralArt" name="test_from_geo_features" time="1.233" /><testcase classname="tests.unit.test_procedural_art.TestProceduralArt" name="test_generate" time="0.033"><failure message="AssertionError: array([[[255, 255, 255, 255],&#10;        [255, 255, 255, 255],&#10;        [255, 255, 255, 255],&#10;        ...,&#10;        [255, 255, 255, 255],&#10;        [255, 255, 255, 255],&#10;        [255, 255, 255, 255]],&#10;&#10;       [[255, 255, 255, 255],&#10;        [255, 255, 255, 255],&#10;        [255, 255, 255, 255],&#10;        ...,&#10;        [255, 255, 255, 255],&#10;        [255, 255, 255, 255],&#10;        [255, 255, 255, 255]],&#10;&#10;       [[255, 255, 255, 255],&#10;        [255, 255, 255, 255],&#10;        [255, 255, 255, 255],&#10;        ...,&#10;        [255, 255, 255, 255],&#10;        [255, 255, 255, 255],&#10;        [255, 255, 255, 255]],&#10;&#10;       ...,&#10;&#10;       [[255, 255, 255, 255],&#10;        [255, 255, 255, 255],&#10;        [255, 255, 255, 255],&#10;        ...,&#10;        [255, 255, 255, 255],&#10;        [255, 255, 255, 255],&#10;        [255, 255, 255, 255]],&#10;&#10;       [[255, 255, 255, 255],&#10;        [255, 255, 255, 255],&#10;        [255, 255, 255, 255],&#10;        ...,&#10;        [255, 255, 255, 255],&#10;        [255, 255, 255, 255],&#10;        [255, 255, 255, 255]],&#10;&#10;       [[255, 255, 255, 255],&#10;        [255, 255, 255, 255],&#10;        [255, 255, 255, 255],&#10;        ...,&#10;        [255, 255, 255, 255],&#10;        [255, 255, 255, 255],&#10;        [255, 255, 255, 255]]], dtype=uint8) is not an instance of &lt;class 'PIL.Image.Image'&gt;">GEO-INFER-ART/tests/unit/test_procedural_art.py:144: in test_generate
    self.assertIsInstance(proc_art.image, Image.Image)
E   AssertionError: array([[[255, 255, 255, 255],
E           [255, 255, 255, 255],
E           [255, 255, 255, 255],
E           ...,
E           [255, 255, 255, 255],
E           [255, 255, 255, 255],
E           [255, 255, 255, 255]],
E   
E          [[255, 255, 255, 255],
E           [255, 255, 255, 255],
E           [255, 255, 255, 255],
E           ...,
E           [255, 255, 255, 255],
E           [255, 255, 255, 255],
E           [255, 255, 255, 255]],
E   
E          [[255, 255, 255, 255],
E           [255, 255, 255, 255],
E           [255, 255, 255, 255],
E           ...,
E           [255, 255, 255, 255],
E           [255, 255, 255, 255],
E           [255, 255, 255, 255]],
E   
E          ...,
E   
E          [[255, 255, 255, 255],
E           [255, 255, 255, 255],
E           [255, 255, 255, 255],
E           ...,
E           [255, 255, 255, 255],
E           [255, 255, 255, 255],
E           [255, 255, 255, 255]],
E   
E          [[255, 255, 255, 255],
E           [255, 255, 255, 255],
E           [255, 255, 255, 255],
E           ...,
E           [255, 255, 255, 255],
E           [255, 255, 255, 255],
E           [255, 255, 255, 255]],
E   
E          [[255, 255, 255, 255],
E           [255, 255, 255, 255],
E           [255, 255, 255, 255],
E           ...,
E           [255, 255, 255, 255],
E           [255, 255, 255, 255],
E           [255, 255, 255, 255]]], dtype=uint8) is not an instance of &lt;class 'PIL.Image.Image'&gt;</failure></testcase><testcase classname="tests.unit.test_procedural_art.TestProceduralArt" name="test_init_with_custom_parameters" time="0.000" /><testcase classname="tests.unit.test_procedural_art.TestProceduralArt" name="test_init_with_defaults" time="0.000" /><testcase classname="tests.unit.test_procedural_art.TestProceduralArt" name="test_invalid_inputs" time="0.000"><failure message="AssertionError: ValueError not raised">GEO-INFER-ART/tests/unit/test_procedural_art.py:220: in test_invalid_inputs
    with self.assertRaises(ValueError):
         ^^^^^^^^^^^^^^^^^^^^^^^^^^^^^
E   AssertionError: ValueError not raised</failure></testcase><testcase classname="tests.unit.test_procedural_art.TestProceduralArt" name="test_save_and_show" time="0.132" /><testcase classname="tests.unit.test_style_transfer.TestStyleTransfer" name="test_apply_style_transfer" time="8.127"><skipped type="pytest.skip" message="Style transfer test failed: {{function_node __wrapped__Sub_device_/job:localhost/replica:0/task:0/device:CPU:0}} Incompatible shapes: [1,1356,2480,64] vs. [1,224,224,64] [Op:Sub] name:">/Users/4d/Documents/GitHub/GEO-INFER/GEO-INFER-ART/tests/unit/test_style_transfer.py:110: Style transfer test failed: {{function_node __wrapped__Sub_device_/job:localhost/replica:0/task:0/device:CPU:0}} Incompatible shapes: [1,1356,2480,64] vs. [1,224,224,64] [Op:Sub] name:</skipped></testcase><testcase classname="tests.unit.test_style_transfer.TestStyleTransfer" name="test_apply_with_custom_weights" time="1.203" /><testcase classname="tests.unit.test_style_transfer.TestStyleTransfer" name="test_apply_with_invalid_inputs" time="0.006"><failure message="FileNotFoundError: Image file not found: nonexistent_style">GEO-INFER-ART/tests/unit/test_style_transfer.py:170: in test_apply_with_invalid_inputs
    StyleTransfer.apply(
GEO-INFER-ART/src/geo_infer_art/core/aesthetics/style_transfer.py:308: in apply
    transferer.load_style_image(style)
GEO-INFER-ART/src/geo_infer_art/core/aesthetics/style_transfer.py:144: in load_style_image
    self.style_image = self._load_and_preprocess_image(style_image)
                       ^^^^^^^^^^^^^^^^^^^^^^^^^^^^^^^^^^^^^^^^^^^^
GEO-INFER-ART/src/geo_infer_art/core/aesthetics/style_transfer.py:196: in _load_and_preprocess_image
    raise FileNotFoundError(f"Image file not found: {image_path}")
E   FileNotFoundError: Image file not found: nonexistent_style</failure></testcase><testcase classname="tests.unit.test_style_transfer.TestStyleTransfer" name="test_get_predefined_style_path" time="0.003" /><testcase classname="tests.unit.test_style_transfer.TestStyleTransfer" name="test_init_with_content_and_style" time="0.004" /><testcase classname="tests.unit.test_style_transfer.TestStyleTransfer" name="test_load_style_image" time="0.004" /></testsuite></testsuites>