<?xml version="1.0" encoding="utf-8"?><testsuites name="pytest tests"><testsuite name="pytest" errors="1" failures="0" skipped="0" tests="1" time="1.317" timestamp="2025-11-06T09:17:49.629125-08:00" hostname="timelock.local"><testcase classname="" name="tests.unit.test_core" time="0.000"><error message="collection failure">../../../.pyenv/versions/3.12.11/lib/python3.12/site-packages/_pytest/python.py:498: in importtestmodule
    mod = import_path(
../../../.pyenv/versions/3.12.11/lib/python3.12/site-packages/_pytest/pathlib.py:587: in import_path
    importlib.import_module(module_name)
../../../.pyenv/versions/3.12.11/lib/python3.12/importlib/__init__.py:90: in import_module
    return _bootstrap._gcd_import(name[level:], package, level)
           ^^^^^^^^^^^^^^^^^^^^^^^^^^^^^^^^^^^^^^^^^^^^^^^^^^^^
&lt;frozen importlib._bootstrap&gt;:1387: in _gcd_import
    ???
&lt;frozen importlib._bootstrap&gt;:1360: in _find_and_load
    ???
&lt;frozen importlib._bootstrap&gt;:1331: in _find_and_load_unlocked
    ???
&lt;frozen importlib._bootstrap&gt;:935: in _load_unlocked
    ???
../../../.pyenv/versions/3.12.11/lib/python3.12/site-packages/_pytest/assertion/rewrite.py:186: in exec_module
    exec(co, module.__dict__)
GEO-INFER-COG/tests/unit/test_core.py:8: in &lt;module&gt;
    from geo_infer_cog import __version__
GEO-INFER-COG/src/geo_infer_cog/__init__.py:37: in &lt;module&gt;
    from .decision import SpatialDecisionSupport
GEO-INFER-COG/src/geo_infer_cog/decision/__init__.py:21: in &lt;module&gt;
    from .support import (
E     File "/Users/4d/Documents/GitHub/GEO-INFER/GEO-INFER-COG/src/geo_infer_cog/decision/support.py", line 624
E       considerations.append(f"Moderate stakeholder compatibility ({avg_compatibility".2f"})")
E                                                                                     ^^^^^
E   SyntaxError: f-string: expecting '=', or '!', or ':', or '}'</error></testcase></testsuite></testsuites>