<?xml version="1.0" encoding="utf-8"?><testsuites name="pytest tests"><testsuite name="pytest" errors="0" failures="0" skipped="0" tests="70" time="1.176" timestamp="2026-02-25T17:54:29.062453-08:00" hostname="timelock.local"><testcase classname="GEO-INFER-ENERGY.tests.test_renewable_resources.TestRenewableResourceAssessor" name="test_init" time="0.038" /><testcase classname="GEO-INFER-ENERGY.tests.test_renewable_resources.TestRenewableResourceAssessor" name="test_assess_solar_potential" time="0.001" /><testcase classname="GEO-INFER-ENERGY.tests.test_renewable_resources.TestRenewableResourceAssessor" name="test_assess_solar_with_terrain" time="0.068" /><testcase classname="GEO-INFER-ENERGY.tests.test_renewable_resources.TestRenewableResourceAssessor" name="test_assess_wind_potential" time="0.000" /><testcase classname="GEO-INFER-ENERGY.tests.test_renewable_resources.TestRenewableResourceAssessor" name="test_assess_hydro_potential" time="0.000" /><testcase classname="GEO-INFER-ENERGY.tests.test_renewable_resources.TestSiteSuitability" name="test_assess_excellent_site" time="0.000" /><testcase classname="GEO-INFER-ENERGY.tests.test_renewable_resources.TestSiteSuitability" name="test_assess_poor_site" time="0.000" /><testcase classname="GEO-INFER-ENERGY.tests.test_renewable_resources.TestSiteSuitability" name="test_constraints_affect_suitability" time="0.000" /><testcase classname="GEO-INFER-ENERGY.tests.test_renewable_resources.TestSiteSuitability" name="test_protected_area_blocks_development" time="0.000" /><testcase classname="GEO-INFER-ENERGY.tests.test_renewable_resources.TestCapacityFactor" name="test_solar_capacity_factor" time="0.002" /><testcase classname="GEO-INFER-ENERGY.tests.test_renewable_resources.TestCapacityFactor" name="test_wind_capacity_factor" time="0.001" /><testcase classname="GEO-INFER-ENERGY.tests.test_renewable_resources.TestLCOE" name="test_calculate_lcoe_solar" time="0.000" /><testcase classname="GEO-INFER-ENERGY.tests.test_renewable_resources.TestLCOE" name="test_lcoe_varies_with_capacity_factor" time="0.000" /><testcase classname="GEO-INFER-ENERGY.tests.test_renewable_resources.TestLCOE" name="test_lcoe_factors" time="0.000" /><testcase classname="GEO-INFER-ENERGY.tests.test_renewable_resources.TestStorageAnalysis" name="test_analyze_storage_requirements" time="0.001" /><testcase classname="GEO-INFER-ENERGY.tests.test_renewable_resources.TestSiteRegistry" name="test_register_site" time="0.000" /><testcase classname="GEO-INFER-ENERGY.tests.test_renewable_resources.TestSiteRegistry" name="test_portfolio_summary" time="0.000" /><testcase classname="GEO-INFER-ENERGY.tests.test_renewable_resources.TestEnums" name="test_renewable_types" time="0.000" /><testcase classname="GEO-INFER-ENERGY.tests.test_renewable_resources.TestEnums" name="test_suitability_classes" time="0.000" /><testcase classname="GEO-INFER-ENERGY.tests.unit.test_carbon_footprint.TestEmissions" name="test_coal_highest_emissions" time="0.000" /><testcase classname="GEO-INFER-ENERGY.tests.unit.test_carbon_footprint.TestEmissions" name="test_solar_zero_emissions" time="0.011" /><testcase classname="GEO-INFER-ENERGY.tests.unit.test_carbon_footprint.TestEmissions" name="test_emission_proportional_to_energy" time="0.001" /><testcase classname="GEO-INFER-ENERGY.tests.unit.test_carbon_footprint.TestCarbonIntensity" name="test_intensity_calculation" time="0.000" /><testcase classname="GEO-INFER-ENERGY.tests.unit.test_carbon_footprint.TestRenewableImpact" name="test_emissions_reduction" time="0.001" /><testcase classname="GEO-INFER-ENERGY.tests.unit.test_energy_demand.TestDemandForecast" name="test_forecast_produces_output" time="0.002" /><testcase classname="GEO-INFER-ENERGY.tests.unit.test_energy_demand.TestPeakDemand" name="test_identifies_peak" time="0.001" /><testcase classname="GEO-INFER-ENERGY.tests.unit.test_energy_grid.TestGridOptimization" name="test_balanced_grid" time="0.001" /><testcase classname="GEO-INFER-ENERGY.tests.unit.test_energy_grid.TestGridOptimization" name="test_deficit_detection" time="0.001" /><testcase classname="GEO-INFER-ENERGY.tests.unit.test_energy_grid.TestGridOptimization" name="test_surplus_detection" time="0.001" /><testcase classname="GEO-INFER-ENERGY.tests.unit.test_energy_grid.TestGridReliability" name="test_adequate_capacity" time="0.001" /><testcase classname="GEO-INFER-ENERGY.tests.unit.test_energy_grid.TestGridReliability" name="test_inadequate_capacity" time="0.001" /><testcase classname="GEO-INFER-ENERGY.tests.unit.test_renewable_resources.TestRenewableResourceAssessor" name="test_initialization" time="0.000" /><testcase classname="GEO-INFER-ENERGY.tests.unit.test_renewable_resources.TestRenewableResourceAssessor" name="test_solar_potential_assessment" time="0.000" /><testcase classname="GEO-INFER-ENERGY.tests.unit.test_renewable_resources.TestRenewableResourceAssessor" name="test_wind_potential_assessment" time="0.000" /><testcase classname="GEO-INFER-ENERGY.tests.unit.test_solar_analysis.TestSolarDeclination" name="test_summer_solstice" time="0.000" /><testcase classname="GEO-INFER-ENERGY.tests.unit.test_solar_analysis.TestSolarDeclination" name="test_winter_solstice" time="0.000" /><testcase classname="GEO-INFER-ENERGY.tests.unit.test_solar_analysis.TestSolarDeclination" name="test_equinox" time="0.000" /><testcase classname="GEO-INFER-ENERGY.tests.unit.test_solar_analysis.TestSolarElevation" name="test_noon_at_equator_equinox" time="0.000" /><testcase classname="GEO-INFER-ENERGY.tests.unit.test_solar_analysis.TestSolarElevation" name="test_midnight_below_horizon" time="0.000" /><testcase classname="GEO-INFER-ENERGY.tests.unit.test_solar_analysis.TestSolarElevation" name="test_polar_night" time="0.000" /><testcase classname="GEO-INFER-ENERGY.tests.unit.test_solar_analysis.TestClearSkyGHI" name="test_positive_during_day" time="0.000" /><testcase classname="GEO-INFER-ENERGY.tests.unit.test_solar_analysis.TestClearSkyGHI" name="test_zero_at_night" time="0.000" /><testcase classname="GEO-INFER-ENERGY.tests.unit.test_solar_analysis.TestClearSkyGHI" name="test_altitude_increases_irradiance" time="0.000" /><testcase classname="GEO-INFER-ENERGY.tests.unit.test_solar_analysis.TestDailyInsolation" name="test_summer_higher_than_winter" time="0.006" /><testcase classname="GEO-INFER-ENERGY.tests.unit.test_solar_analysis.TestDailyInsolation" name="test_positive_value" time="0.001" /><testcase classname="GEO-INFER-ENERGY.tests.unit.test_solar_analysis.TestOptimalTilt" name="test_tilt_positive" time="0.000" /><testcase classname="GEO-INFER-ENERGY.tests.unit.test_solar_analysis.TestOptimalTilt" name="test_tilt_increases_with_latitude" time="0.000" /><testcase classname="GEO-INFER-ENERGY.tests.unit.test_solar_analysis.TestPVOutput" name="test_basic_estimation" time="0.000" /><testcase classname="GEO-INFER-ENERGY.tests.unit.test_solar_analysis.TestPVOutput" name="test_zero_irradiance" time="0.000" /><testcase classname="GEO-INFER-ENERGY.tests.unit.test_solar_analysis.TestTiltedIrradiance" name="test_south_facing_optimal" time="0.000" /><testcase classname="GEO-INFER-ENERGY.tests.unit.test_solar_analysis.TestTiltedIrradiance" name="test_below_horizon_zero" time="0.000" /><testcase classname="GEO-INFER-ENERGY.tests.unit.test_wind_analysis.TestWeibullFit" name="test_fit_parameters" time="0.000" /><testcase classname="GEO-INFER-ENERGY.tests.unit.test_wind_analysis.TestWeibullFit" name="test_zero_speeds" time="0.000" /><testcase classname="GEO-INFER-ENERGY.tests.unit.test_wind_analysis.TestWeibullFit" name="test_uniform_speed" time="0.000" /><testcase classname="GEO-INFER-ENERGY.tests.unit.test_wind_analysis.TestWeibullPDF" name="test_pdf_positive" time="0.000" /><testcase classname="GEO-INFER-ENERGY.tests.unit.test_wind_analysis.TestWeibullPDF" name="test_pdf_integrates_approximately_to_one" time="0.000" /><testcase classname="GEO-INFER-ENERGY.tests.unit.test_wind_analysis.TestWeibullPDF" name="test_zero_speed" time="0.000" /><testcase classname="GEO-INFER-ENERGY.tests.unit.test_wind_analysis.TestWindPowerDensity" name="test_cubic_relationship" time="0.000" /><testcase classname="GEO-INFER-ENERGY.tests.unit.test_wind_analysis.TestWindPowerDensity" name="test_positive_values" time="0.000" /><testcase classname="GEO-INFER-ENERGY.tests.unit.test_wind_analysis.TestWindExtrapolation" name="test_higher_speed_at_greater_height" time="0.000" /><testcase classname="GEO-INFER-ENERGY.tests.unit.test_wind_analysis.TestWindExtrapolation" name="test_same_height_same_speed" time="0.000" /><testcase classname="GEO-INFER-ENERGY.tests.unit.test_wind_analysis.TestWindExtrapolation" name="test_lower_height_lower_speed" time="0.000" /><testcase classname="GEO-INFER-ENERGY.tests.unit.test_wind_analysis.TestWindExtrapolation" name="test_roughness_effect" time="0.000" /><testcase classname="GEO-INFER-ENERGY.tests.unit.test_wind_analysis.TestTurbinePowerCurve" name="test_zero_below_cutin" time="0.000" /><testcase classname="GEO-INFER-ENERGY.tests.unit.test_wind_analysis.TestTurbinePowerCurve" name="test_rated_power_in_range" time="0.000" /><testcase classname="GEO-INFER-ENERGY.tests.unit.test_wind_analysis.TestTurbinePowerCurve" name="test_zero_above_cutout" time="0.000" /><testcase classname="GEO-INFER-ENERGY.tests.unit.test_wind_analysis.TestTurbinePowerCurve" name="test_ramp_region" time="0.000" /><testcase classname="GEO-INFER-ENERGY.tests.unit.test_wind_analysis.TestAEP" name="test_positive_aep" time="0.000" /><testcase classname="GEO-INFER-ENERGY.tests.unit.test_wind_analysis.TestAEP" name="test_higher_wind_higher_aep" time="0.000" /><testcase classname="GEO-INFER-ENERGY.tests.unit.test_wind_analysis.TestAEP" name="test_availability_effect" time="0.000" /></testsuite></testsuites>