<?xml version="1.0" encoding="utf-8"?><testsuites name="pytest tests"><testsuite name="pytest" errors="0" failures="0" skipped="0" tests="73" time="0.838" timestamp="2026-02-25T17:56:46.937339-08:00" hostname="timelock.local"><testcase classname="GEO-INFER-FOREST.tests.test_wildfire_risk.TestWildfireRiskAnalyzer" name="test_init" time="0.026" /><testcase classname="GEO-INFER-FOREST.tests.test_wildfire_risk.TestWildfireRiskAnalyzer" name="test_assess_wildfire_risk" time="0.076" /><testcase classname="GEO-INFER-FOREST.tests.test_wildfire_risk.TestWildfireRiskAnalyzer" name="test_assess_with_fuel_load" time="0.001" /><testcase classname="GEO-INFER-FOREST.tests.test_wildfire_risk.TestFireWeatherIndex" name="test_calculate_fwi_low" time="0.000" /><testcase classname="GEO-INFER-FOREST.tests.test_wildfire_risk.TestFireWeatherIndex" name="test_calculate_fwi_high" time="0.000" /><testcase classname="GEO-INFER-FOREST.tests.test_wildfire_risk.TestFireWeatherIndex" name="test_fwi_components" time="0.000" /><testcase classname="GEO-INFER-FOREST.tests.test_wildfire_risk.TestFireSpreadModeling" name="test_predict_fire_spread" time="0.000" /><testcase classname="GEO-INFER-FOREST.tests.test_wildfire_risk.TestFireSpreadModeling" name="test_model_fire_perimeter" time="0.000" /><testcase classname="GEO-INFER-FOREST.tests.test_wildfire_risk.TestFireSpreadModeling" name="test_perimeter_fuel_types" time="0.000" /><testcase classname="GEO-INFER-FOREST.tests.test_wildfire_risk.TestSuppressionPlanning" name="test_plan_suppression_small_fire" time="0.000" /><testcase classname="GEO-INFER-FOREST.tests.test_wildfire_risk.TestSuppressionPlanning" name="test_plan_suppression_large_fire" time="0.000" /><testcase classname="GEO-INFER-FOREST.tests.test_wildfire_risk.TestSuppressionPlanning" name="test_suppression_terrain_factor" time="0.000" /><testcase classname="GEO-INFER-FOREST.tests.test_wildfire_risk.TestPostFireDamage" name="test_assess_post_fire_damage" time="0.001" /><testcase classname="GEO-INFER-FOREST.tests.test_wildfire_risk.TestEvacuationZones" name="test_calculate_evacuation_zones" time="0.000" /><testcase classname="GEO-INFER-FOREST.tests.test_wildfire_risk.TestEvacuationZones" name="test_zone_priorities" time="0.000" /><testcase classname="GEO-INFER-FOREST.tests.test_wildfire_risk.TestIncidentRegistry" name="test_register_incident" time="0.000" /><testcase classname="GEO-INFER-FOREST.tests.test_wildfire_risk.TestIncidentRegistry" name="test_get_active_incidents" time="0.000" /><testcase classname="GEO-INFER-FOREST.tests.test_wildfire_risk.TestEnums" name="test_fire_danger_ratings" time="0.000" /><testcase classname="GEO-INFER-FOREST.tests.test_wildfire_risk.TestEnums" name="test_fuel_types" time="0.000" /><testcase classname="GEO-INFER-FOREST.tests.unit.test_canopy_analysis.TestNDVI" name="test_ndvi_range" time="0.002" /><testcase classname="GEO-INFER-FOREST.tests.unit.test_canopy_analysis.TestNDVI" name="test_ndvi_positive_for_vegetation" time="0.001" /><testcase classname="GEO-INFER-FOREST.tests.unit.test_canopy_analysis.TestNDVI" name="test_ndvi_zero_denominator" time="0.001" /><testcase classname="GEO-INFER-FOREST.tests.unit.test_canopy_analysis.TestNDVI" name="test_ndvi_bare_soil" time="0.001" /><testcase classname="GEO-INFER-FOREST.tests.unit.test_canopy_analysis.TestEVI" name="test_evi_range" time="0.001" /><testcase classname="GEO-INFER-FOREST.tests.unit.test_canopy_analysis.TestEVI" name="test_evi_shape" time="0.001" /><testcase classname="GEO-INFER-FOREST.tests.unit.test_canopy_analysis.TestCanopyCover" name="test_canopy_cover_range" time="0.001" /><testcase classname="GEO-INFER-FOREST.tests.unit.test_canopy_analysis.TestCanopyCover" name="test_canopy_cover_dense_forest" time="0.001" /><testcase classname="GEO-INFER-FOREST.tests.unit.test_canopy_analysis.TestCanopyCover" name="test_canopy_cover_squared_method" time="0.001" /><testcase classname="GEO-INFER-FOREST.tests.unit.test_canopy_analysis.TestLAI" name="test_lai_positive" time="0.001" /><testcase classname="GEO-INFER-FOREST.tests.unit.test_canopy_analysis.TestLAI" name="test_lai_increases_with_ndvi" time="0.001" /><testcase classname="GEO-INFER-FOREST.tests.unit.test_canopy_analysis.TestCanopyGaps" name="test_detect_gaps" time="0.001" /><testcase classname="GEO-INFER-FOREST.tests.unit.test_canopy_analysis.TestCanopyGaps" name="test_no_gaps_in_dense_forest" time="0.001" /><testcase classname="GEO-INFER-FOREST.tests.unit.test_canopy_analysis.TestCanopyDensity" name="test_classification_categories" time="0.001" /><testcase classname="GEO-INFER-FOREST.tests.unit.test_carbon_sequestration.TestCarbonStock" name="test_carbon_is_fraction_of_biomass" time="0.007" /><testcase classname="GEO-INFER-FOREST.tests.unit.test_carbon_sequestration.TestCarbonStock" name="test_zero_biomass" time="0.000" /><testcase classname="GEO-INFER-FOREST.tests.unit.test_carbon_sequestration.TestSequestrationRate" name="test_rate_calculation" time="0.000" /><testcase classname="GEO-INFER-FOREST.tests.unit.test_carbon_sequestration.TestSequestrationRate" name="test_multi_year_period" time="0.000" /><testcase classname="GEO-INFER-FOREST.tests.unit.test_carbon_sequestration.TestCarbonCredits" name="test_credit_value" time="0.000" /><testcase classname="GEO-INFER-FOREST.tests.unit.test_carbon_sequestration.TestCarbonCredits" name="test_zero_area" time="0.000" /><testcase classname="GEO-INFER-FOREST.tests.unit.test_deforestation.TestTwoDateChange" name="test_detects_loss" time="0.001" /><testcase classname="GEO-INFER-FOREST.tests.unit.test_deforestation.TestTwoDateChange" name="test_no_change" time="0.001" /><testcase classname="GEO-INFER-FOREST.tests.unit.test_deforestation.TestTwoDateChange" name="test_change_magnitude" time="0.001" /><testcase classname="GEO-INFER-FOREST.tests.unit.test_deforestation.TestTwoDateChange" name="test_threshold_sensitivity" time="0.001" /><testcase classname="GEO-INFER-FOREST.tests.unit.test_deforestation.TestTimeSeriesChange" name="test_detects_break" time="0.463" /><testcase classname="GEO-INFER-FOREST.tests.unit.test_deforestation.TestTimeSeriesChange" name="test_stable_series" time="0.003" /><testcase classname="GEO-INFER-FOREST.tests.unit.test_deforestation.TestAnnualRate" name="test_zero_loss" time="0.001" /><testcase classname="GEO-INFER-FOREST.tests.unit.test_deforestation.TestAnnualRate" name="test_significant_loss" time="0.001" /><testcase classname="GEO-INFER-FOREST.tests.unit.test_deforestation.TestFragmentation" name="test_intact_forest" time="0.000" /><testcase classname="GEO-INFER-FOREST.tests.unit.test_deforestation.TestFragmentation" name="test_no_forest" time="0.000" /><testcase classname="GEO-INFER-FOREST.tests.unit.test_deforestation.TestFragmentation" name="test_fragmented_checkerboard" time="0.000" /><testcase classname="GEO-INFER-FOREST.tests.unit.test_fire_risk.TestKBDI" name="test_kbdi_range" time="0.000" /><testcase classname="GEO-INFER-FOREST.tests.unit.test_fire_risk.TestKBDI" name="test_kbdi_increases_without_rain" time="0.000" /><testcase classname="GEO-INFER-FOREST.tests.unit.test_fire_risk.TestKBDI" name="test_kbdi_decreases_with_rain" time="0.000" /><testcase classname="GEO-INFER-FOREST.tests.unit.test_fire_risk.TestKBDI" name="test_kbdi_starts_at_initial" time="0.000" /><testcase classname="GEO-INFER-FOREST.tests.unit.test_fire_risk.TestAngstromIndex" name="test_high_danger" time="0.000" /><testcase classname="GEO-INFER-FOREST.tests.unit.test_fire_risk.TestAngstromIndex" name="test_low_danger" time="0.000" /><testcase classname="GEO-INFER-FOREST.tests.unit.test_fire_risk.TestAngstromIndex" name="test_moderate_conditions" time="0.000" /><testcase classname="GEO-INFER-FOREST.tests.unit.test_fire_risk.TestFuelMoisture" name="test_dry_conditions" time="0.000" /><testcase classname="GEO-INFER-FOREST.tests.unit.test_fire_risk.TestFuelMoisture" name="test_wet_conditions" time="0.000" /><testcase classname="GEO-INFER-FOREST.tests.unit.test_fire_risk.TestFuelMoisture" name="test_time_lag_effect" time="0.000" /><testcase classname="GEO-INFER-FOREST.tests.unit.test_fire_risk.TestFuelMoisture" name="test_minimum_value" time="0.000" /><testcase classname="GEO-INFER-FOREST.tests.unit.test_fire_risk.TestFireRiskGrid" name="test_risk_range" time="0.002" /><testcase classname="GEO-INFER-FOREST.tests.unit.test_fire_risk.TestFireRiskGrid" name="test_high_risk_conditions" time="0.002" /><testcase classname="GEO-INFER-FOREST.tests.unit.test_fire_risk.TestFireRiskGrid" name="test_low_risk_conditions" time="0.002" /><testcase classname="GEO-INFER-FOREST.tests.unit.test_fire_risk.TestFireRiskGrid" name="test_with_slope" time="0.002" /><testcase classname="GEO-INFER-FOREST.tests.unit.test_forest_health.TestForestHealth" name="test_health_index_range" time="0.001" /><testcase classname="GEO-INFER-FOREST.tests.unit.test_forest_health.TestForestHealth" name="test_with_temperature" time="0.001" /><testcase classname="GEO-INFER-FOREST.tests.unit.test_forest_health.TestForestHealth" name="test_with_precipitation" time="0.001" /><testcase classname="GEO-INFER-FOREST.tests.unit.test_forest_health.TestDeforestationDetection" name="test_detects_loss" time="0.001" /><testcase classname="GEO-INFER-FOREST.tests.unit.test_forest_health.TestDeforestationDetection" name="test_stable_forest" time="0.001" /><testcase classname="GEO-INFER-FOREST.tests.unit.test_forest_health.TestDeforestationDetection" name="test_custom_threshold" time="0.001" /><testcase classname="GEO-INFER-FOREST.tests.unit.test_forest_inventory.TestForestInventory" name="test_initialization" time="0.000" /><testcase classname="GEO-INFER-FOREST.tests.unit.test_forest_inventory.TestForestInventory" name="test_estimate_biomass" time="0.000" /></testsuite></testsuites>