<?xml version="1.0" encoding="utf-8"?><testsuites name="pytest tests"><testsuite name="pytest" errors="7" failures="0" skipped="0" tests="7" time="0.590" timestamp="2026-03-17T08:17:09.831223-07:00" hostname="timelock.local"><testcase classname="" name="tests.unit.test_config_loader" time="0.000"><error message="collection failure">ImportError while importing test module '/Users/4d/Documents/GitHub/GEO-INFER/GEO-INFER-GIT/tests/unit/test_config_loader.py'.
Hint: make sure your test modules/packages have valid Python names.
Traceback:
../../../miniforge3/lib/python3.12/importlib/__init__.py:90: in import_module
    return _bootstrap._gcd_import(name[level:], package, level)
           ^^^^^^^^^^^^^^^^^^^^^^^^^^^^^^^^^^^^^^^^^^^^^^^^^^^^
GEO-INFER-GIT/tests/unit/test_config_loader.py:16: in &lt;module&gt;
    from geo_infer_git.utils.config_loader import (
E   ModuleNotFoundError: No module named 'geo_infer_git'</error></testcase><testcase classname="" name="tests.unit.test_error_handler" time="0.000"><error message="collection failure">ImportError while importing test module '/Users/4d/Documents/GitHub/GEO-INFER/GEO-INFER-GIT/tests/unit/test_error_handler.py'.
Hint: make sure your test modules/packages have valid Python names.
Traceback:
../../../miniforge3/lib/python3.12/importlib/__init__.py:90: in import_module
    return _bootstrap._gcd_import(name[level:], package, level)
           ^^^^^^^^^^^^^^^^^^^^^^^^^^^^^^^^^^^^^^^^^^^^^^^^^^^^
GEO-INFER-GIT/tests/unit/test_error_handler.py:4: in &lt;module&gt;
    from geo_infer_git.utils.error_handler import (
E   ModuleNotFoundError: No module named 'geo_infer_git'</error></testcase><testcase classname="" name="tests.unit.test_github_api" time="0.000"><error message="collection failure">ImportError while importing test module '/Users/4d/Documents/GitHub/GEO-INFER/GEO-INFER-GIT/tests/unit/test_github_api.py'.
Hint: make sure your test modules/packages have valid Python names.
Traceback:
../../../miniforge3/lib/python3.12/importlib/__init__.py:90: in import_module
    return _bootstrap._gcd_import(name[level:], package, level)
           ^^^^^^^^^^^^^^^^^^^^^^^^^^^^^^^^^^^^^^^^^^^^^^^^^^^^
GEO-INFER-GIT/tests/unit/test_github_api.py:13: in &lt;module&gt;
    from geo_infer_git.core.github_api import (
E   ModuleNotFoundError: No module named 'geo_infer_git'</error></testcase><testcase classname="" name="tests.unit.test_repo_analyzer" time="0.000"><error message="collection failure">ImportError while importing test module '/Users/4d/Documents/GitHub/GEO-INFER/GEO-INFER-GIT/tests/unit/test_repo_analyzer.py'.
Hint: make sure your test modules/packages have valid Python names.
Traceback:
../../../miniforge3/lib/python3.12/importlib/__init__.py:90: in import_module
    return _bootstrap._gcd_import(name[level:], package, level)
           ^^^^^^^^^^^^^^^^^^^^^^^^^^^^^^^^^^^^^^^^^^^^^^^^^^^^
GEO-INFER-GIT/tests/unit/test_repo_analyzer.py:6: in &lt;module&gt;
    from geo_infer_git.core.repo_analyzer import DependencyAnalyzer
E   ModuleNotFoundError: No module named 'geo_infer_git'</error></testcase><testcase classname="" name="tests.unit.test_repo_cloner" time="0.000"><error message="collection failure">ImportError while importing test module '/Users/4d/Documents/GitHub/GEO-INFER/GEO-INFER-GIT/tests/unit/test_repo_cloner.py'.
Hint: make sure your test modules/packages have valid Python names.
Traceback:
../../../miniforge3/lib/python3.12/importlib/__init__.py:90: in import_module
    return _bootstrap._gcd_import(name[level:], package, level)
           ^^^^^^^^^^^^^^^^^^^^^^^^^^^^^^^^^^^^^^^^^^^^^^^^^^^^
GEO-INFER-GIT/tests/unit/test_repo_cloner.py:15: in &lt;module&gt;
    from geo_infer_git.core.repo_cloner import RepoCloner, CloneProgress
E   ModuleNotFoundError: No module named 'geo_infer_git'</error></testcase><testcase classname="" name="tests.unit.test_repo_manager" time="0.000"><error message="collection failure">ImportError while importing test module '/Users/4d/Documents/GitHub/GEO-INFER/GEO-INFER-GIT/tests/unit/test_repo_manager.py'.
Hint: make sure your test modules/packages have valid Python names.
Traceback:
../../../miniforge3/lib/python3.12/importlib/__init__.py:90: in import_module
    return _bootstrap._gcd_import(name[level:], package, level)
           ^^^^^^^^^^^^^^^^^^^^^^^^^^^^^^^^^^^^^^^^^^^^^^^^^^^^
GEO-INFER-GIT/tests/unit/test_repo_manager.py:6: in &lt;module&gt;
    from geo_infer_git.core.repo_manager import RepoManager
E   ModuleNotFoundError: No module named 'geo_infer_git'</error></testcase><testcase classname="" name="tests.unit.test_validation" time="0.000"><error message="collection failure">ImportError while importing test module '/Users/4d/Documents/GitHub/GEO-INFER/GEO-INFER-GIT/tests/unit/test_validation.py'.
Hint: make sure your test modules/packages have valid Python names.
Traceback:
../../../miniforge3/lib/python3.12/importlib/__init__.py:90: in import_module
    return _bootstrap._gcd_import(name[level:], package, level)
           ^^^^^^^^^^^^^^^^^^^^^^^^^^^^^^^^^^^^^^^^^^^^^^^^^^^^
GEO-INFER-GIT/tests/unit/test_validation.py:4: in &lt;module&gt;
    from geo_infer_git.utils.validation import (
E   ModuleNotFoundError: No module named 'geo_infer_git'</error></testcase></testsuite></testsuites>