<?xml version="1.0" encoding="utf-8"?><testsuites name="pytest tests"><testsuite name="pytest" errors="0" failures="35" skipped="0" tests="195" time="0.701" timestamp="2026-02-25T17:55:04.672935-08:00" hostname="timelock.local"><testcase classname="tests.integration.test_full_workflow.TestDiseaseSurveillanceWorkflow" name="test_complete_disease_analysis_workflow" time="0.026"><failure message="assert 6.999999999999999 &gt;= (14.999999999999998 * 0.5)">GEO-INFER-HEALTH/tests/integration/test_full_workflow.py:95: in test_complete_disease_analysis_workflow
    assert hotspot_rate &gt;= rate * 0.5  # At least half the overall rate
    ^^^^^^^^^^^^^^^^^^^^^^^^^^^^^^^^^
E   assert 6.999999999999999 &gt;= (14.999999999999998 * 0.5)</failure></testcase><testcase classname="tests.integration.test_full_workflow.TestDiseaseSurveillanceWorkflow" name="test_disease_data_integration" time="0.001" /><testcase classname="tests.integration.test_full_workflow.TestHealthcareAccessibilityWorkflow" name="test_complete_accessibility_analysis_workflow" time="0.000" /><testcase classname="tests.integration.test_full_workflow.TestHealthcareAccessibilityWorkflow" name="test_accessibility_service_filtering" time="0.000" /><testcase classname="tests.integration.test_full_workflow.TestEnvironmentalHealthWorkflow" name="test_complete_environmental_analysis_workflow" time="0.001" /><testcase classname="tests.integration.test_full_workflow.TestEnvironmentalHealthWorkflow" name="test_environmental_temporal_analysis" time="0.001"><failure message="AssertionError: assert 7 &lt;= 6&#10; +  where 7 = len([EnvironmentalData(data_id='temp_reading_17', parameter_name='PM2.5', value=17.0, unit='µg/m³', location=Location(latitude=34.0522, longitude=-118.2437, crs='EPSG:4326'), timestamp=datetime.datetime(2026, 2, 25, 19, 55, 4, 924351, tzinfo=datetime.timezone.utc)), EnvironmentalData(data_id='temp_reading_18', parameter_name='PM2.5', value=18.0, unit='µg/m³', location=Location(latitude=34.0522, longitude=-118.2437, crs='EPSG:4326'), timestamp=datetime.datetime(2026, 2, 25, 20, 55, 4, 924351, tzinfo=datetime.timezone.utc)), EnvironmentalData(data_id='temp_reading_19', parameter_name='PM2.5', value=19.0, unit='µg/m³', location=Location(latitude=34.0522, longitude=-118.2437, crs='EPSG:4326'), timestamp=datetime.datetime(2026, 2, 25, 21, 55, 4, 924351, tzinfo=datetime.timezone.utc)), EnvironmentalData(data_id='temp_reading_20', parameter_name='PM2.5', value=10.0, unit='µg/m³', location=Location(latitude=34.0522, longitude=-118.2437, crs='EPSG:4326'), timestamp=datetime.datetime(2026, 2, 25, 22, 55, 4, 924351, tzinfo=datetime.timezone.utc)), EnvironmentalData(data_id='temp_reading_21', parameter_name='PM2.5', value=11.0, unit='µg/m³', location=Location(latitude=34.0522, longitude=-118.2437, crs='EPSG:4326'), timestamp=datetime.datetime(2026, 2, 25, 23, 55, 4, 924351, tzinfo=datetime.timezone.utc)), EnvironmentalData(data_id='temp_reading_22', parameter_name='PM2.5', value=12.0, unit='µg/m³', location=Location(latitude=34.0522, longitude=-118.2437, crs='EPSG:4326'), timestamp=datetime.datetime(2026, 2, 26, 0, 55, 4, 924351, tzinfo=datetime.timezone.utc)), ...])">GEO-INFER-HEALTH/tests/integration/test_full_workflow.py:413: in test_environmental_temporal_analysis
    assert len(recent_readings) &lt;= 6
E   AssertionError: assert 7 &lt;= 6
E    +  where 7 = len([EnvironmentalData(data_id='temp_reading_17', parameter_name='PM2.5', value=17.0, unit='µg/m³', location=Location(latitude=34.0522, longitude=-118.2437, crs='EPSG:4326'), timestamp=datetime.datetime(2026, 2, 25, 19, 55, 4, 924351, tzinfo=datetime.timezone.utc)), EnvironmentalData(data_id='temp_reading_18', parameter_name='PM2.5', value=18.0, unit='µg/m³', location=Location(latitude=34.0522, longitude=-118.2437, crs='EPSG:4326'), timestamp=datetime.datetime(2026, 2, 25, 20, 55, 4, 924351, tzinfo=datetime.timezone.utc)), EnvironmentalData(data_id='temp_reading_19', parameter_name='PM2.5', value=19.0, unit='µg/m³', location=Location(latitude=34.0522, longitude=-118.2437, crs='EPSG:4326'), timestamp=datetime.datetime(2026, 2, 25, 21, 55, 4, 924351, tzinfo=datetime.timezone.utc)), EnvironmentalData(data_id='temp_reading_20', parameter_name='PM2.5', value=10.0, unit='µg/m³', location=Location(latitude=34.0522, longitude=-118.2437, crs='EPSG:4326'), timestamp=datetime.datetime(2026, 2, 25, 22, 55, 4, 924351, tzinfo=datetime.timezone.utc)), EnvironmentalData(data_id='temp_reading_21', parameter_name='PM2.5', value=11.0, unit='µg/m³', location=Location(latitude=34.0522, longitude=-118.2437, crs='EPSG:4326'), timestamp=datetime.datetime(2026, 2, 25, 23, 55, 4, 924351, tzinfo=datetime.timezone.utc)), EnvironmentalData(data_id='temp_reading_22', parameter_name='PM2.5', value=12.0, unit='µg/m³', location=Location(latitude=34.0522, longitude=-118.2437, crs='EPSG:4326'), timestamp=datetime.datetime(2026, 2, 26, 0, 55, 4, 924351, tzinfo=datetime.timezone.utc)), ...])</failure></testcase><testcase classname="tests.integration.test_full_workflow.TestCrossModuleIntegration" name="test_disease_and_environmental_integration" time="0.002"><failure message="assert 0.0017599999999998112 &gt; 0.5">GEO-INFER-HEALTH/tests/integration/test_full_workflow.py:526: in test_disease_and_environmental_integration
    assert overlap &gt; 0.5  # At least 50% overlap
    ^^^^^^^^^^^^^^^^^^^^
E   assert 0.0017599999999998112 &gt; 0.5</failure></testcase><testcase classname="tests.integration.test_full_workflow.TestCrossModuleIntegration" name="test_healthcare_and_population_integration" time="0.001" /><testcase classname="tests.integration.test_full_workflow.TestPerformanceIntegration" name="test_large_scale_integration_performance" time="0.029" /><testcase classname="tests.test_disease_surveillance_integration.TestDiseaseHotspotAnalyzer" name="test_init" time="0.000" /><testcase classname="tests.test_disease_surveillance_integration.TestDiseaseHotspotAnalyzer" name="test_get_cases_in_radius" time="0.000" /><testcase classname="tests.test_disease_surveillance_integration.TestDiseaseHotspotAnalyzer" name="test_calculate_local_incidence_rate" time="0.000" /><testcase classname="tests.test_disease_surveillance_integration.TestDiseaseHotspotAnalyzer" name="test_identify_simple_hotspots" time="0.000" /><testcase classname="tests.test_disease_surveillance_integration.TestSIRModel" name="test_simulate_sir_model" time="0.000" /><testcase classname="tests.test_disease_surveillance_integration.TestSIRModel" name="test_sir_model_peak" time="0.000" /><testcase classname="tests.test_disease_surveillance_integration.TestContactTracing" name="test_find_potential_contacts" time="0.000" /><testcase classname="tests.test_disease_surveillance_integration.TestContactTracing" name="test_contact_risk_calculation" time="0.000" /><testcase classname="tests.test_disease_surveillance_integration.TestTemporalAnalysis" name="test_analyze_temporal_trends_daily" time="0.001" /><testcase classname="tests.test_disease_surveillance_integration.TestTemporalAnalysis" name="test_analyze_temporal_trends_weekly" time="0.001" /><testcase classname="tests.test_disease_surveillance_integration.TestReproductionNumber" name="test_calculate_reproduction_number" time="0.001" /><testcase classname="tests.test_disease_surveillance_integration.TestReproductionNumber" name="test_reproduction_number_summary" time="0.001" /><testcase classname="tests.test_disease_surveillance_integration.TestRiskMapping" name="test_generate_risk_map_data" time="0.001" /><testcase classname="tests.test_disease_surveillance_integration.TestRiskMapping" name="test_risk_map_with_bbox" time="0.001" /><testcase classname="tests.unit.test_advanced_geospatial.TestUTMProjection" name="test_utm_projection_northern_hemisphere" time="0.000" /><testcase classname="tests.unit.test_advanced_geospatial.TestUTMProjection" name="test_utm_projection_southern_hemisphere" time="0.000" /><testcase classname="tests.unit.test_advanced_geospatial.TestUTMProjection" name="test_utm_projection_equator" time="0.001"><failure message="assert 166123.71579264308 == 500000 ± 1.0e+03&#10;  &#10;  comparison failed&#10;  Obtained: 166123.71579264308&#10;  Expected: 500000 ± 1.0e+03">GEO-INFER-HEALTH/tests/unit/test_advanced_geospatial.py:62: in test_utm_projection_equator
    assert easting == pytest.approx(500000, abs=1000)  # Should be close to central meridian
    ^^^^^^^^^^^^^^^^^^^^^^^^^^^^^^^^^^^^^^^^^^^^^^^^^
E   assert 166123.71579264308 == 500000 ± 1.0e+03
E     
E     comparison failed
E     Obtained: 166123.71579264308
E     Expected: 500000 ± 1.0e+03</failure></testcase><testcase classname="tests.unit.test_advanced_geospatial.TestPointBuffering" name="test_buffer_point_basic" time="0.001"><failure message="assert 1109.6005038635096 == 1000 ± 100&#10;  &#10;  comparison failed&#10;  Obtained: 1109.6005038635096&#10;  Expected: 1000 ± 100">GEO-INFER-HEALTH/tests/unit/test_advanced_geospatial.py:88: in test_buffer_point_basic
    assert distance_meters == pytest.approx(radius_meters, abs=100)
E   assert 1109.6005038635096 == 1000 ± 100
E     
E     comparison failed
E     Obtained: 1109.6005038635096
E     Expected: 1000 ± 100</failure></testcase><testcase classname="tests.unit.test_advanced_geospatial.TestPointBuffering" name="test_buffer_point_different_radii" time="0.001"><failure message="assert 2209.4425503967223 == 2000 ± 200&#10;  &#10;  comparison failed&#10;  Obtained: 2209.4425503967223&#10;  Expected: 2000 ± 200">GEO-INFER-HEALTH/tests/unit/test_advanced_geospatial.py:109: in test_buffer_point_different_radii
    assert avg_distance == pytest.approx(radius, abs=200)
E   assert 2209.4425503967223 == 2000 ± 200
E     
E     comparison failed
E     Obtained: 2209.4425503967223
E     Expected: 2000 ± 200</failure></testcase><testcase classname="tests.unit.test_advanced_geospatial.TestPointBuffering" name="test_buffer_point_zero_radius" time="0.000" /><testcase classname="tests.unit.test_advanced_geospatial.TestSpatialClustering" name="test_spatial_clustering_basic" time="0.000"><failure message="assert (2 in [7] or 3 in [7])">GEO-INFER-HEALTH/tests/unit/test_advanced_geospatial.py:149: in test_spatial_clustering_basic
    assert 2 in cluster_sizes or 3 in cluster_sizes
E   assert (2 in [7] or 3 in [7])</failure></testcase><testcase classname="tests.unit.test_advanced_geospatial.TestSpatialClustering" name="test_spatial_clustering_no_clusters" time="0.000" /><testcase classname="tests.unit.test_advanced_geospatial.TestSpatialClustering" name="test_spatial_clustering_empty_input" time="0.000" /><testcase classname="tests.unit.test_advanced_geospatial.TestSpatialClustering" name="test_spatial_clustering_single_point" time="0.000" /><testcase classname="tests.unit.test_advanced_geospatial.TestSpatialStatistics" name="test_calculate_spatial_statistics" time="0.000"><failure message="TypeError: BaseModel.__init__() takes 1 positional argument but 3 were given">GEO-INFER-HEALTH/tests/unit/test_advanced_geospatial.py:192: in test_calculate_spatial_statistics
    stats = calculate_spatial_statistics(locations)
            ^^^^^^^^^^^^^^^^^^^^^^^^^^^^^^^^^^^^^^^
GEO-INFER-HEALTH/src/geo_infer_health/utils/advanced_geospatial.py:234: in calculate_spatial_statistics
    Location(bbox[0].latitude, bbox[0].longitude),
    ^^^^^^^^^^^^^^^^^^^^^^^^^^^^^^^^^^^^^^^^^^^^^
E   TypeError: BaseModel.__init__() takes 1 positional argument but 3 were given</failure></testcase><testcase classname="tests.unit.test_advanced_geospatial.TestSpatialStatistics" name="test_calculate_spatial_statistics_empty" time="0.000" /><testcase classname="tests.unit.test_advanced_geospatial.TestSpatialStatistics" name="test_calculate_spatial_statistics_single_point" time="0.000"><failure message="TypeError: BaseModel.__init__() takes 1 positional argument but 3 were given">GEO-INFER-HEALTH/tests/unit/test_advanced_geospatial.py:213: in test_calculate_spatial_statistics_single_point
    stats = calculate_spatial_statistics([location])
            ^^^^^^^^^^^^^^^^^^^^^^^^^^^^^^^^^^^^^^^^
GEO-INFER-HEALTH/src/geo_infer_health/utils/advanced_geospatial.py:234: in calculate_spatial_statistics
    Location(bbox[0].latitude, bbox[0].longitude),
    ^^^^^^^^^^^^^^^^^^^^^^^^^^^^^^^^^^^^^^^^^^^^^
E   TypeError: BaseModel.__init__() takes 1 positional argument but 3 were given</failure></testcase><testcase classname="tests.unit.test_advanced_geospatial.TestGeographicValidation" name="test_validate_valid_locations" time="0.000"><failure message="assert False is True">GEO-INFER-HEALTH/tests/unit/test_advanced_geospatial.py:234: in test_validate_valid_locations
    assert result["valid"] is True
E   assert False is True</failure></testcase><testcase classname="tests.unit.test_advanced_geospatial.TestGeographicValidation" name="test_validate_invalid_latitude" time="0.001"><failure message="AssertionError: assert 2 == 1&#10; +  where 2 = len([{'index': 0, 'issues': ['Latitude has unrealistic precision', 'Longitude has unrealistic precision'], 'location': Location(latitude=34.0522, longitude=-118.2437, crs='EPSG:4326')}, {'index': 1, 'issues': ['Latitude 91.0 out of range [-90, 90]', 'Latitude has unrealistic precision', 'Longitude has unrealistic precision'], 'location': Location(latitude=91.0, longitude=-74.006, crs='EPSG:4326')}])">GEO-INFER-HEALTH/tests/unit/test_advanced_geospatial.py:248: in test_validate_invalid_latitude
    assert len(result["invalid_locations"]) == 1
E   AssertionError: assert 2 == 1
E    +  where 2 = len([{'index': 0, 'issues': ['Latitude has unrealistic precision', 'Longitude has unrealistic precision'], 'location': Location(latitude=34.0522, longitude=-118.2437, crs='EPSG:4326')}, {'index': 1, 'issues': ['Latitude 91.0 out of range [-90, 90]', 'Latitude has unrealistic precision', 'Longitude has unrealistic precision'], 'location': Location(latitude=91.0, longitude=-74.006, crs='EPSG:4326')}])</failure></testcase><testcase classname="tests.unit.test_advanced_geospatial.TestGeographicValidation" name="test_validate_invalid_longitude" time="0.001"><failure message="AssertionError: assert 2 == 1&#10; +  where 2 = len([{'index': 0, 'issues': ['Latitude has unrealistic precision', 'Longitude has unrealistic precision'], 'location': Location(latitude=34.0522, longitude=-118.2437, crs='EPSG:4326')}, {'index': 1, 'issues': ['Longitude 181.0 out of range [-180, 180]', 'Latitude has unrealistic precision', 'Longitude has unrealistic precision'], 'location': Location(latitude=40.7128, longitude=181.0, crs='EPSG:4326')}])">GEO-INFER-HEALTH/tests/unit/test_advanced_geospatial.py:261: in test_validate_invalid_longitude
    assert len(result["invalid_locations"]) == 1
E   AssertionError: assert 2 == 1
E    +  where 2 = len([{'index': 0, 'issues': ['Latitude has unrealistic precision', 'Longitude has unrealistic precision'], 'location': Location(latitude=34.0522, longitude=-118.2437, crs='EPSG:4326')}, {'index': 1, 'issues': ['Longitude 181.0 out of range [-180, 180]', 'Latitude has unrealistic precision', 'Longitude has unrealistic precision'], 'location': Location(latitude=40.7128, longitude=181.0, crs='EPSG:4326')}])</failure></testcase><testcase classname="tests.unit.test_advanced_geospatial.TestGeographicValidation" name="test_validate_suspicious_coordinates" time="0.000"><failure message="AssertionError: assert 2 == 1&#10; +  where 2 = len([{'index': 0, 'issues': ['Coordinates (0, 0) may indicate missing data', 'Latitude has unrealistic precision', 'Longitude has unrealistic precision'], 'location': Location(latitude=0.0, longitude=0.0, crs='EPSG:4326')}, {'index': 1, 'issues': ['Latitude has unrealistic precision', 'Longitude has unrealistic precision'], 'location': Location(latitude=34.0522, longitude=-118.2437, crs='EPSG:4326')}])">GEO-INFER-HEALTH/tests/unit/test_advanced_geospatial.py:273: in test_validate_suspicious_coordinates
    assert len(result["invalid_locations"]) == 1
E   AssertionError: assert 2 == 1
E    +  where 2 = len([{'index': 0, 'issues': ['Coordinates (0, 0) may indicate missing data', 'Latitude has unrealistic precision', 'Longitude has unrealistic precision'], 'location': Location(latitude=0.0, longitude=0.0, crs='EPSG:4326')}, {'index': 1, 'issues': ['Latitude has unrealistic precision', 'Longitude has unrealistic precision'], 'location': Location(latitude=34.0522, longitude=-118.2437, crs='EPSG:4326')}])</failure></testcase><testcase classname="tests.unit.test_advanced_geospatial.TestGeographicValidation" name="test_validate_clustered_data_warning" time="0.002" /><testcase classname="tests.unit.test_advanced_geospatial.TestPointInterpolation" name="test_interpolate_points_basic" time="0.000" /><testcase classname="tests.unit.test_advanced_geospatial.TestPointInterpolation" name="test_interpolate_points_single_segment" time="0.000" /><testcase classname="tests.unit.test_advanced_geospatial.TestPointInterpolation" name="test_interpolate_points_no_interpolation" time="0.000" /><testcase classname="tests.unit.test_advanced_geospatial.TestCentroidCalculation" name="test_find_centroid_basic" time="0.000" /><testcase classname="tests.unit.test_advanced_geospatial.TestCentroidCalculation" name="test_find_centroid_single_point" time="0.000" /><testcase classname="tests.unit.test_advanced_geospatial.TestCentroidCalculation" name="test_find_centroid_empty_list" time="0.000" /><testcase classname="tests.unit.test_advanced_geospatial.TestSpatialAutocorrelation" name="test_calculate_spatial_autocorrelation" time="0.001" /><testcase classname="tests.unit.test_advanced_geospatial.TestSpatialAutocorrelation" name="test_calculate_spatial_autocorrelation_insufficient_data" time="0.000" /><testcase classname="tests.unit.test_advanced_geospatial.TestSpatialAutocorrelation" name="test_calculate_spatial_autocorrelation_no_spatial_pattern" time="0.001" /><testcase classname="tests.unit.test_advanced_geospatial.TestHotspotStatistics" name="test_calculate_hotspot_statistics" time="0.001"><failure message="assert 0 &gt;= 1&#10; +  where 0 = len([])">GEO-INFER-HEALTH/tests/unit/test_advanced_geospatial.py:453: in test_calculate_hotspot_statistics
    assert len(result["hotspots"]) &gt;= 1
E   assert 0 &gt;= 1
E    +  where 0 = len([])</failure></testcase><testcase classname="tests.unit.test_advanced_geospatial.TestHotspotStatistics" name="test_calculate_hotspot_statistics_no_hotspots" time="0.001" /><testcase classname="tests.unit.test_advanced_geospatial.TestHotspotStatistics" name="test_calculate_hotspot_statistics_empty_data" time="0.000" /><testcase classname="tests.unit.test_advanced_geospatial.TestIntegration" name="test_clustering_and_statistics_integration" time="0.001"><failure message="TypeError: BaseModel.__init__() takes 1 positional argument but 3 were given">GEO-INFER-HEALTH/tests/unit/test_advanced_geospatial.py:508: in test_clustering_and_statistics_integration
    stats = calculate_spatial_statistics(cluster)
            ^^^^^^^^^^^^^^^^^^^^^^^^^^^^^^^^^^^^^
GEO-INFER-HEALTH/src/geo_infer_health/utils/advanced_geospatial.py:234: in calculate_spatial_statistics
    Location(bbox[0].latitude, bbox[0].longitude),
    ^^^^^^^^^^^^^^^^^^^^^^^^^^^^^^^^^^^^^^^^^^^^^
E   TypeError: BaseModel.__init__() takes 1 positional argument but 3 were given</failure></testcase><testcase classname="tests.unit.test_advanced_geospatial.TestIntegration" name="test_validation_and_clustering_integration" time="0.000" /><testcase classname="tests.unit.test_config.TestConfigLoading" name="test_load_yaml_config" time="0.002" /><testcase classname="tests.unit.test_config.TestConfigLoading" name="test_load_json_config" time="0.001" /><testcase classname="tests.unit.test_config.TestConfigLoading" name="test_load_nonexistent_config" time="0.000" /><testcase classname="tests.unit.test_config.TestConfigValidation" name="test_validate_valid_config" time="0.000" /><testcase classname="tests.unit.test_config.TestConfigValidation" name="test_validate_invalid_config" time="0.000"><failure message="Failed: DID NOT RAISE &lt;class 'Exception'&gt;">GEO-INFER-HEALTH/tests/unit/test_config.py:114: in test_validate_invalid_config
    with pytest.raises(Exception):  # ValidationError
         ^^^^^^^^^^^^^^^^^^^^^^^^
E   Failed: DID NOT RAISE &lt;class 'Exception'&gt;</failure></testcase><testcase classname="tests.unit.test_config.TestConfigValidation" name="test_health_config_creation" time="0.000" /><testcase classname="tests.unit.test_config.TestConfigMerging" name="test_merge_configs_basic" time="0.000" /><testcase classname="tests.unit.test_config.TestConfigMerging" name="test_merge_configs_nested" time="0.000" /><testcase classname="tests.unit.test_config.TestEnvironmentVariableResolution" name="test_resolve_environment_variables" time="0.001" /><testcase classname="tests.unit.test_config.TestEnvironmentVariableResolution" name="test_resolve_missing_environment_variable" time="0.000" /><testcase classname="tests.unit.test_config.TestConfigFileOperations" name="test_save_and_load_yaml_config" time="0.001" /><testcase classname="tests.unit.test_config.TestConfigFileOperations" name="test_save_and_load_json_config" time="0.001" /><testcase classname="tests.unit.test_config.TestConfigValueRetrieval" name="test_get_config_value_simple" time="0.000" /><testcase classname="tests.unit.test_config.TestConfigValueRetrieval" name="test_get_config_value_nested" time="0.000" /><testcase classname="tests.unit.test_config.TestConfigValueRetrieval" name="test_get_config_value_with_default" time="0.000" /><testcase classname="tests.unit.test_config.TestConfigValueRetrieval" name="test_get_config_value_missing_key" time="0.000" /><testcase classname="tests.unit.test_config.TestLoadConfigIntegration" name="test_load_config_from_file" time="0.002" /><testcase classname="tests.unit.test_config.TestLoadConfigIntegration" name="test_load_config_with_env_vars" time="0.001"><failure message="AssertionError: assert 'localhost' == 'env_host'&#10;  &#10;  - env_host&#10;  + localhost">GEO-INFER-HEALTH/tests/unit/test_config.py:336: in test_load_config_with_env_vars
    assert loaded_config.api["host"] == "env_host"  # From env
    ^^^^^^^^^^^^^^^^^^^^^^^^^^^^^^^^^^^^^^^^^^^^^^
E   AssertionError: assert 'localhost' == 'env_host'
E     
E     - env_host
E     + localhost</failure></testcase><testcase classname="tests.unit.test_config.TestConfigErrorHandling" name="test_load_config_invalid_format" time="0.001"><failure message="Failed: DID NOT RAISE &lt;class 'ValueError'&gt;">GEO-INFER-HEALTH/tests/unit/test_config.py:354: in test_load_config_invalid_format
    with pytest.raises(ValueError):
         ^^^^^^^^^^^^^^^^^^^^^^^^^
E   Failed: DID NOT RAISE &lt;class 'ValueError'&gt;</failure></testcase><testcase classname="tests.unit.test_config.TestConfigErrorHandling" name="test_save_config_invalid_path" time="0.000" /><testcase classname="tests.unit.test_config.TestConfigErrorHandling" name="test_validate_config_type_mismatch" time="0.000"><failure message="Failed: DID NOT RAISE &lt;class 'Exception'&gt;">GEO-INFER-HEALTH/tests/unit/test_config.py:374: in test_validate_config_type_mismatch
    with pytest.raises(Exception):
         ^^^^^^^^^^^^^^^^^^^^^^^^
E   Failed: DID NOT RAISE &lt;class 'Exception'&gt;</failure></testcase><testcase classname="tests.unit.test_disease_surveillance.TestDiseaseHotspotAnalyzer" name="test_analyzer_creation" time="0.000" /><testcase classname="tests.unit.test_disease_surveillance.TestDiseaseHotspotAnalyzer" name="test_analyzer_creation_empty_reports" time="0.000" /><testcase classname="tests.unit.test_disease_surveillance.TestDiseaseHotspotAnalyzer" name="test_analyzer_creation_no_population_data" time="0.000" /><testcase classname="tests.unit.test_disease_surveillance.TestCasesInRadius" name="test_cases_in_radius_single_point" time="0.000" /><testcase classname="tests.unit.test_disease_surveillance.TestCasesInRadius" name="test_cases_in_radius_zero_radius" time="0.000" /><testcase classname="tests.unit.test_disease_surveillance.TestCasesInRadius" name="test_cases_in_radius_large_radius" time="0.000" /><testcase classname="tests.unit.test_disease_surveillance.TestCasesInRadius" name="test_cases_in_radius_no_cases" time="0.000" /><testcase classname="tests.unit.test_disease_surveillance.TestIncidenceRateCalculation" name="test_incidence_rate_with_population_data" time="0.000" /><testcase classname="tests.unit.test_disease_surveillance.TestIncidenceRateCalculation" name="test_incidence_rate_without_population_data" time="0.000" /><testcase classname="tests.unit.test_disease_surveillance.TestIncidenceRateCalculation" name="test_incidence_rate_zero_population" time="0.000" /><testcase classname="tests.unit.test_disease_surveillance.TestIncidenceRateCalculation" name="test_incidence_rate_with_time_window" time="0.000" /><testcase classname="tests.unit.test_disease_surveillance.TestIncidenceRateCalculation" name="test_incidence_rate_different_time_windows" time="0.000" /><testcase classname="tests.unit.test_disease_surveillance.TestHotspotDetection" name="test_simple_hotspot_detection" time="0.001" /><testcase classname="tests.unit.test_disease_surveillance.TestHotspotDetection" name="test_hotspot_detection_with_density_filter" time="0.001" /><testcase classname="tests.unit.test_disease_surveillance.TestHotspotDetection" name="test_hotspot_detection_high_threshold" time="0.001" /><testcase classname="tests.unit.test_disease_surveillance.TestHotspotDetection" name="test_hotspot_detection_no_reports" time="0.000" /><testcase classname="tests.unit.test_disease_surveillance.TestHotspotDetection" name="test_hotspot_detection_large_radius" time="0.001" /><testcase classname="tests.unit.test_disease_surveillance.TestHotspotAnalysisIntegration" name="test_hotspot_location_format" time="0.001" /><testcase classname="tests.unit.test_disease_surveillance.TestHotspotAnalysisIntegration" name="test_hotspot_case_count_accuracy" time="0.001" /><testcase classname="tests.unit.test_disease_surveillance.TestHotspotAnalysisIntegration" name="test_hotspot_deduplication" time="0.001" /><testcase classname="tests.unit.test_disease_surveillance.TestPerformance" name="test_large_dataset_performance" time="0.126" /><testcase classname="tests.unit.test_disease_surveillance.TestEdgeCases" name="test_empty_analyzer_operations" time="0.000" /><testcase classname="tests.unit.test_disease_surveillance.TestEdgeCases" name="test_single_report_analysis" time="0.000" /><testcase classname="tests.unit.test_disease_surveillance.TestEdgeCases" name="test_reports_with_different_timestamps" time="0.000" /><testcase classname="tests.unit.test_environmental_health.TestEnvironmentalHealthAnalyzer" name="test_analyzer_creation" time="0.000" /><testcase classname="tests.unit.test_environmental_health.TestEnvironmentalHealthAnalyzer" name="test_analyzer_creation_empty_data" time="0.000" /><testcase classname="tests.unit.test_environmental_health.TestEnvironmentalHealthAnalyzer" name="test_analyzer_creation_single_reading" time="0.000" /><testcase classname="tests.unit.test_environmental_health.TestEnvironmentalReadingsQuery" name="test_get_readings_near_location" time="0.001"><failure message="AttributeError: 'EnvironmentalHealthAnalyzer' object has no attribute '_calculate_distance'">GEO-INFER-HEALTH/tests/unit/test_environmental_health.py:68: in test_get_readings_near_location
    distance = environmental_analyzer._calculate_distance(center, reading.location)
               ^^^^^^^^^^^^^^^^^^^^^^^^^^^^^^^^^^^^^^^^^^
E   AttributeError: 'EnvironmentalHealthAnalyzer' object has no attribute '_calculate_distance'</failure></testcase><testcase classname="tests.unit.test_environmental_health.TestEnvironmentalReadingsQuery" name="test_get_readings_with_parameter_filter" time="0.001" /><testcase classname="tests.unit.test_environmental_health.TestEnvironmentalReadingsQuery" name="test_get_readings_with_time_filter" time="0.000" /><testcase classname="tests.unit.test_environmental_health.TestEnvironmentalReadingsQuery" name="test_get_readings_zero_radius" time="0.000" /><testcase classname="tests.unit.test_environmental_health.TestEnvironmentalReadingsQuery" name="test_get_readings_large_radius" time="0.000" /><testcase classname="tests.unit.test_environmental_health.TestEnvironmentalReadingsQuery" name="test_get_readings_no_matches" time="0.000" /><testcase classname="tests.unit.test_environmental_health.TestEnvironmentalReadingsQuery" name="test_get_readings_case_insensitive_parameter" time="0.000" /><testcase classname="tests.unit.test_environmental_health.TestAverageExposureCalculation" name="test_calculate_average_exposure" time="0.000" /><testcase classname="tests.unit.test_environmental_health.TestAverageExposureCalculation" name="test_calculate_average_exposure_no_data" time="0.000"><failure message="KeyError: '34.0522,-118.2437'">GEO-INFER-HEALTH/tests/unit/test_environmental_health.py:217: in test_calculate_average_exposure_no_data
    assert exposure_results[key] is None
           ^^^^^^^^^^^^^^^^^^^^^
E   KeyError: '34.0522,-118.2437'</failure></testcase><testcase classname="tests.unit.test_environmental_health.TestAverageExposureCalculation" name="test_calculate_average_exposure_single_location" time="0.000" /><testcase classname="tests.unit.test_environmental_health.TestAverageExposureCalculation" name="test_calculate_average_exposure_different_parameters" time="0.000" /><testcase classname="tests.unit.test_environmental_health.TestAverageExposureCalculation" name="test_calculate_average_exposure_time_window_filtering" time="0.000" /><testcase classname="tests.unit.test_environmental_health.TestEnvironmentalHealthIntegration" name="test_readings_query_and_exposure_consistency" time="0.001"><failure message="assert 28.882677804399968 is None">GEO-INFER-HEALTH/tests/unit/test_environmental_health.py:335: in test_readings_query_and_exposure_consistency
    assert avg_exposure is None
E   assert 28.882677804399968 is None</failure></testcase><testcase classname="tests.unit.test_environmental_health.TestEnvironmentalHealthIntegration" name="test_parameter_filtering_consistency" time="0.001" /><testcase classname="tests.unit.test_environmental_health.TestPerformance" name="test_large_dataset_performance" time="0.001" /><testcase classname="tests.unit.test_environmental_health.TestPerformance" name="test_exposure_calculation_performance" time="0.001" /><testcase classname="tests.unit.test_environmental_health.TestEdgeCases" name="test_empty_analyzer_operations" time="0.000"><failure message="KeyError: '0.0,0.0'">GEO-INFER-HEALTH/tests/unit/test_environmental_health.py:481: in test_empty_analyzer_operations
    assert exposure[key] is None
           ^^^^^^^^^^^^^
E   KeyError: '0.0,0.0'</failure></testcase><testcase classname="tests.unit.test_environmental_health.TestEdgeCases" name="test_single_reading_analysis" time="0.000" /><testcase classname="tests.unit.test_environmental_health.TestEdgeCases" name="test_identical_reading_locations" time="0.000" /><testcase classname="tests.unit.test_environmental_health.TestEdgeCases" name="test_time_window_edge_cases" time="0.001"><failure message="assert 27.669031327174856 is None">GEO-INFER-HEALTH/tests/unit/test_environmental_health.py:573: in test_time_window_edge_cases
    assert exposure[key] is None
E   assert 27.669031327174856 is None</failure></testcase><testcase classname="tests.unit.test_environmental_health.TestEdgeCases" name="test_distance_calculation_helper" time="0.001"><failure message="AttributeError: 'EnvironmentalHealthAnalyzer' object has no attribute '_calculate_distance'">GEO-INFER-HEALTH/tests/unit/test_environmental_health.py:581: in test_distance_calculation_helper
    dist1 = environmental_analyzer._calculate_distance(loc1, loc2)
            ^^^^^^^^^^^^^^^^^^^^^^^^^^^^^^^^^^^^^^^^^^
E   AttributeError: 'EnvironmentalHealthAnalyzer' object has no attribute '_calculate_distance'</failure></testcase><testcase classname="tests.unit.test_geospatial_utils.TestHaversineDistance" name="test_same_location_distance" time="0.000" /><testcase classname="tests.unit.test_geospatial_utils.TestHaversineDistance" name="test_known_distance_los_angeles_to_new_york" time="0.000" /><testcase classname="tests.unit.test_geospatial_utils.TestHaversineDistance" name="test_symmetry" time="0.000" /><testcase classname="tests.unit.test_geospatial_utils.TestHaversineDistance" name="test_short_distance" time="0.000" /><testcase classname="tests.unit.test_geospatial_utils.TestHaversineDistance" name="test_equator_vs_poles" time="0.000" /><testcase classname="tests.unit.test_geospatial_utils.TestHaversineDistance" name="test_edge_cases" time="0.000" /><testcase classname="tests.unit.test_geospatial_utils.TestHaversineDistance" name="test_distance_with_different_crs" time="0.000" /><testcase classname="tests.unit.test_geospatial_utils.TestBoundingBox" name="test_bounding_box_creation" time="0.000" /><testcase classname="tests.unit.test_geospatial_utils.TestBoundingBox" name="test_bounding_box_symmetry" time="0.000" /><testcase classname="tests.unit.test_geospatial_utils.TestBoundingBox" name="test_bounding_box_size" time="0.000" /><testcase classname="tests.unit.test_geospatial_utils.TestBoundingBox" name="test_bounding_box_at_equator" time="0.000" /><testcase classname="tests.unit.test_geospatial_utils.TestBoundingBox" name="test_bounding_box_at_pole" time="0.000" /><testcase classname="tests.unit.test_geospatial_utils.TestBoundingBox" name="test_bounding_box_crs_preservation" time="0.000" /><testcase classname="tests.unit.test_geospatial_utils.TestBoundingBox" name="test_zero_distance_bbox" time="0.000" /><testcase classname="tests.unit.test_geospatial_utils.TestGeospatialIntegration" name="test_distance_and_bbox_consistency" time="0.000" /><testcase classname="tests.unit.test_geospatial_utils.TestGeospatialIntegration" name="test_multiple_distance_calculations" time="0.000" /><testcase classname="tests.unit.test_geospatial_utils.TestGeospatialIntegration" name="test_bbox_coverage" time="0.000" /><testcase classname="tests.unit.test_geospatial_utils.TestPerformance" name="test_distance_calculation_performance" time="0.001" /><testcase classname="tests.unit.test_geospatial_utils.TestPerformance" name="test_bbox_creation_performance" time="0.002" /><testcase classname="tests.unit.test_geospatial_utils.TestErrorHandling" name="test_distance_with_none_values" time="0.000"><failure message="pydantic_core._pydantic_core.ValidationError: 1 validation error for Location&#10;latitude&#10;  Input should be a valid number [type=float_type, input_value=None, input_type=NoneType]&#10;    For further information visit https://errors.pydantic.dev/2.11/v/float_type">GEO-INFER-HEALTH/tests/unit/test_geospatial_utils.py:309: in test_distance_with_none_values
    loc2 = Location(latitude=None, longitude=-74.0060)
           ^^^^^^^^^^^^^^^^^^^^^^^^^^^^^^^^^^^^^^^^^^^
E   pydantic_core._pydantic_core.ValidationError: 1 validation error for Location
E   latitude
E     Input should be a valid number [type=float_type, input_value=None, input_type=NoneType]
E       For further information visit https://errors.pydantic.dev/2.11/v/float_type</failure></testcase><testcase classname="tests.unit.test_geospatial_utils.TestErrorHandling" name="test_bbox_with_negative_distance" time="0.000" /><testcase classname="tests.unit.test_geospatial_utils.TestErrorHandling" name="test_bbox_with_extreme_coordinates" time="0.000"><failure message="ValueError: math domain error">GEO-INFER-HEALTH/tests/unit/test_geospatial_utils.py:331: in test_bbox_with_extreme_coordinates
    bbox = create_bounding_box(center, 1.0)
           ^^^^^^^^^^^^^^^^^^^^^^^^^^^^^^^^
GEO-INFER-HEALTH/src/geo_infer_health/utils/geospatial_utils.py:53: in create_bounding_box
    delta_lon_rad = math.asin(math.sin(angular_dist) / math.cos(lat_rad))
                    ^^^^^^^^^^^^^^^^^^^^^^^^^^^^^^^^^^^^^^^^^^^^^^^^^^^^^
E   ValueError: math domain error</failure></testcase><testcase classname="tests.unit.test_healthcare_accessibility.TestHealthcareAccessibilityAnalyzer" name="test_analyzer_creation" time="0.000" /><testcase classname="tests.unit.test_healthcare_accessibility.TestHealthcareAccessibilityAnalyzer" name="test_analyzer_creation_empty_data" time="0.000" /><testcase classname="tests.unit.test_healthcare_accessibility.TestHealthcareAccessibilityAnalyzer" name="test_analyzer_creation_no_population_data" time="0.000" /><testcase classname="tests.unit.test_healthcare_accessibility.TestFacilitySearch" name="test_find_facilities_nearby" time="0.000"><failure message="AttributeError: 'HealthcareAccessibilityAnalyzer' object has no attribute '_calculate_distance'">GEO-INFER-HEALTH/tests/unit/test_healthcare_accessibility.py:63: in test_find_facilities_nearby
    distance = healthcare_analyzer._calculate_distance(center, facility.location)
               ^^^^^^^^^^^^^^^^^^^^^^^^^^^^^^^^^^^^^^^
E   AttributeError: 'HealthcareAccessibilityAnalyzer' object has no attribute '_calculate_distance'</failure></testcase><testcase classname="tests.unit.test_healthcare_accessibility.TestFacilitySearch" name="test_find_facilities_with_type_filter" time="0.000" /><testcase classname="tests.unit.test_healthcare_accessibility.TestFacilitySearch" name="test_find_facilities_with_service_filter" time="0.000" /><testcase classname="tests.unit.test_healthcare_accessibility.TestFacilitySearch" name="test_find_facilities_zero_radius" time="0.000" /><testcase classname="tests.unit.test_healthcare_accessibility.TestFacilitySearch" name="test_find_facilities_large_radius" time="0.000" /><testcase classname="tests.unit.test_healthcare_accessibility.TestFacilitySearch" name="test_find_facilities_no_facilities" time="0.000" /><testcase classname="tests.unit.test_healthcare_accessibility.TestNearestFacility" name="test_get_nearest_facility" time="0.001"><failure message="AttributeError: 'HealthcareAccessibilityAnalyzer' object has no attribute '_calculate_distance'">GEO-INFER-HEALTH/tests/unit/test_healthcare_accessibility.py:159: in test_get_nearest_facility
    other_distance = healthcare_analyzer._calculate_distance(
                     ^^^^^^^^^^^^^^^^^^^^^^^^^^^^^^^^^^^^^^^
E   AttributeError: 'HealthcareAccessibilityAnalyzer' object has no attribute '_calculate_distance'</failure></testcase><testcase classname="tests.unit.test_healthcare_accessibility.TestNearestFacility" name="test_get_nearest_facility_with_filters" time="0.001" /><testcase classname="tests.unit.test_healthcare_accessibility.TestNearestFacility" name="test_get_nearest_facility_no_matches" time="0.000" /><testcase classname="tests.unit.test_healthcare_accessibility.TestNearestFacility" name="test_get_nearest_facility_no_facilities" time="0.000" /><testcase classname="tests.unit.test_healthcare_accessibility.TestNearestFacility" name="test_get_nearest_facility_at_facility_location" time="0.000" /><testcase classname="tests.unit.test_healthcare_accessibility.TestFacilityPopulationRatio" name="test_calculate_ratio_with_data" time="0.000" /><testcase classname="tests.unit.test_healthcare_accessibility.TestFacilityPopulationRatio" name="test_calculate_ratio_with_type_filter" time="0.000" /><testcase classname="tests.unit.test_healthcare_accessibility.TestFacilityPopulationRatio" name="test_calculate_ratio_nonexistent_area" time="0.000" /><testcase classname="tests.unit.test_healthcare_accessibility.TestFacilityPopulationRatio" name="test_calculate_ratio_zero_population" time="0.000"><failure message="KeyError: 'ratio_per_1000_pop'">GEO-INFER-HEALTH/tests/unit/test_healthcare_accessibility.py:290: in test_calculate_ratio_zero_population
    assert result["ratio_per_1000_pop"] == float('inf')
           ^^^^^^^^^^^^^^^^^^^^^^^^^^^^
E   KeyError: 'ratio_per_1000_pop'</failure></testcase><testcase classname="tests.unit.test_healthcare_accessibility.TestFacilityPopulationRatio" name="test_calculate_ratio_no_facilities" time="0.000"><failure message="KeyError: 'ratio_per_1000_pop'">GEO-INFER-HEALTH/tests/unit/test_healthcare_accessibility.py:306: in test_calculate_ratio_no_facilities
    assert result["ratio_per_1000_pop"] == 0
           ^^^^^^^^^^^^^^^^^^^^^^^^^^^^
E   KeyError: 'ratio_per_1000_pop'</failure></testcase><testcase classname="tests.unit.test_healthcare_accessibility.TestAccessibilityIntegration" name="test_facility_search_and_nearest_consistency" time="0.000" /><testcase classname="tests.unit.test_healthcare_accessibility.TestAccessibilityIntegration" name="test_filter_consistency" time="0.000" /><testcase classname="tests.unit.test_healthcare_accessibility.TestAccessibilityIntegration" name="test_population_data_integration" time="0.000" /><testcase classname="tests.unit.test_healthcare_accessibility.TestPerformance" name="test_large_dataset_performance" time="0.001" /><testcase classname="tests.unit.test_healthcare_accessibility.TestPerformance" name="test_facility_search_performance" time="0.000" /><testcase classname="tests.unit.test_healthcare_accessibility.TestEdgeCases" name="test_empty_analyzer_operations" time="0.000" /><testcase classname="tests.unit.test_healthcare_accessibility.TestEdgeCases" name="test_single_facility_analysis" time="0.000" /><testcase classname="tests.unit.test_healthcare_accessibility.TestEdgeCases" name="test_identical_facility_locations" time="0.000" /><testcase classname="tests.unit.test_healthcare_accessibility.TestEdgeCases" name="test_distance_calculation_helper" time="0.001"><failure message="AttributeError: 'HealthcareAccessibilityAnalyzer' object has no attribute '_calculate_distance'">GEO-INFER-HEALTH/tests/unit/test_healthcare_accessibility.py:538: in test_distance_calculation_helper
    dist1 = healthcare_analyzer._calculate_distance(loc1, loc2)
            ^^^^^^^^^^^^^^^^^^^^^^^^^^^^^^^^^^^^^^^
E   AttributeError: 'HealthcareAccessibilityAnalyzer' object has no attribute '_calculate_distance'</failure></testcase><testcase classname="tests.unit.test_models.TestLocation" name="test_location_creation" time="0.000" /><testcase classname="tests.unit.test_models.TestLocation" name="test_location_default_crs" time="0.000" /><testcase classname="tests.unit.test_models.TestLocation" name="test_location_validation" time="0.000"><failure message="Failed: DID NOT RAISE &lt;class 'ValueError'&gt;">GEO-INFER-HEALTH/tests/unit/test_models.py:37: in test_location_validation
    with pytest.raises(ValueError):
         ^^^^^^^^^^^^^^^^^^^^^^^^^
E   Failed: DID NOT RAISE &lt;class 'ValueError'&gt;</failure></testcase><testcase classname="tests.unit.test_models.TestHealthFacility" name="test_health_facility_creation" time="0.000" /><testcase classname="tests.unit.test_models.TestHealthFacility" name="test_health_facility_defaults" time="0.000" /><testcase classname="tests.unit.test_models.TestHealthFacility" name="test_health_facility_validation" time="0.000"><failure message="Failed: DID NOT RAISE &lt;class 'ValueError'&gt;">GEO-INFER-HEALTH/tests/unit/test_models.py:101: in test_health_facility_validation
    with pytest.raises(ValueError):
         ^^^^^^^^^^^^^^^^^^^^^^^^^
E   Failed: DID NOT RAISE &lt;class 'ValueError'&gt;</failure></testcase><testcase classname="tests.unit.test_models.TestDiseaseReport" name="test_disease_report_creation" time="0.000" /><testcase classname="tests.unit.test_models.TestDiseaseReport" name="test_disease_report_defaults" time="0.000" /><testcase classname="tests.unit.test_models.TestDiseaseReport" name="test_disease_report_validation" time="0.000" /><testcase classname="tests.unit.test_models.TestPopulationData" name="test_population_data_creation" time="0.000" /><testcase classname="tests.unit.test_models.TestPopulationData" name="test_population_data_defaults" time="0.000" /><testcase classname="tests.unit.test_models.TestPopulationData" name="test_population_data_validation" time="0.000"><failure message="Failed: DID NOT RAISE &lt;class 'ValueError'&gt;">GEO-INFER-HEALTH/tests/unit/test_models.py:223: in test_population_data_validation
    with pytest.raises(ValueError):
         ^^^^^^^^^^^^^^^^^^^^^^^^^
E   Failed: DID NOT RAISE &lt;class 'ValueError'&gt;</failure></testcase><testcase classname="tests.unit.test_models.TestEnvironmentalData" name="test_environmental_data_creation" time="0.000" /><testcase classname="tests.unit.test_models.TestEnvironmentalData" name="test_environmental_data_validation" time="0.000" /><testcase classname="tests.unit.test_models.TestModelSerialization" name="test_location_serialization" time="0.000" /><testcase classname="tests.unit.test_models.TestModelSerialization" name="test_health_facility_serialization" time="0.000" /><testcase classname="tests.unit.test_models.TestModelSerialization" name="test_disease_report_serialization" time="0.001" /><testcase classname="tests.unit.test_models.TestModelSerialization" name="test_environmental_data_serialization" time="0.000" /><testcase classname="tests.unit.test_models.TestModelIntegration" name="test_facility_location_integration" time="0.000" /><testcase classname="tests.unit.test_models.TestModelIntegration" name="test_report_location_integration" time="0.000" /><testcase classname="tests.unit.test_models.TestModelIntegration" name="test_environmental_location_integration" time="0.001" /></testsuite></testsuites>