<?xml version="1.0" encoding="utf-8"?><testsuites name="pytest tests"><testsuite name="pytest" errors="0" failures="0" skipped="3" tests="252" time="19.398" timestamp="2026-02-25T18:10:40.580045-08:00" hostname="timelock.local"><testcase classname="tests.integration.test_location_configs.TestLocationDirectoryStructure" name="test_locations_dir_exists" time="0.140" /><testcase classname="tests.integration.test_location_configs.TestLocationDirectoryStructure" name="test_location_dir_exists[australia]" time="0.000" /><testcase classname="tests.integration.test_location_configs.TestLocationDirectoryStructure" name="test_location_dir_exists[cascadia]" time="0.000" /><testcase classname="tests.integration.test_location_configs.TestLocationDirectoryStructure" name="test_location_dir_exists[del_norte_county]" time="0.000" /><testcase classname="tests.integration.test_location_configs.TestLocationDirectoryStructure" name="test_location_dir_exists[del_norte_county_synthetic]" time="0.000" /><testcase classname="tests.integration.test_location_configs.TestLocationDirectoryStructure" name="test_location_dir_exists[houston]" time="0.000" /><testcase classname="tests.integration.test_location_configs.TestLocationDirectoryStructure" name="test_location_dir_exists[siberia]" time="0.000" /><testcase classname="tests.integration.test_location_configs.TestLocationDirectoryStructure" name="test_readme_exists[australia]" time="0.002" /><testcase classname="tests.integration.test_location_configs.TestLocationDirectoryStructure" name="test_readme_exists[cascadia]" time="0.001" /><testcase classname="tests.integration.test_location_configs.TestLocationDirectoryStructure" name="test_readme_exists[del_norte_county]" time="0.001" /><testcase classname="tests.integration.test_location_configs.TestLocationDirectoryStructure" name="test_readme_exists[del_norte_county_synthetic]" time="0.001" /><testcase classname="tests.integration.test_location_configs.TestLocationDirectoryStructure" name="test_readme_exists[houston]" time="0.000" /><testcase classname="tests.integration.test_location_configs.TestLocationDirectoryStructure" name="test_readme_exists[siberia]" time="0.000" /><testcase classname="tests.integration.test_location_configs.TestLocationDirectoryStructure" name="test_agents_md_exists[australia]" time="0.000" /><testcase classname="tests.integration.test_location_configs.TestLocationDirectoryStructure" name="test_agents_md_exists[cascadia]" time="0.001" /><testcase classname="tests.integration.test_location_configs.TestLocationDirectoryStructure" name="test_agents_md_exists[del_norte_county]" time="0.000" /><testcase classname="tests.integration.test_location_configs.TestLocationDirectoryStructure" name="test_agents_md_exists[del_norte_county_synthetic]" time="0.001" /><testcase classname="tests.integration.test_location_configs.TestLocationDirectoryStructure" name="test_agents_md_exists[houston]" time="0.000" /><testcase classname="tests.integration.test_location_configs.TestLocationDirectoryStructure" name="test_agents_md_exists[siberia]" time="0.000" /><testcase classname="tests.integration.test_location_configs.TestREADMEFormatting" name="test_readme_has_multiple_lines[australia]" time="0.000" /><testcase classname="tests.integration.test_location_configs.TestREADMEFormatting" name="test_readme_has_multiple_lines[cascadia]" time="0.000" /><testcase classname="tests.integration.test_location_configs.TestREADMEFormatting" name="test_readme_has_multiple_lines[del_norte_county]" time="0.000" /><testcase classname="tests.integration.test_location_configs.TestREADMEFormatting" name="test_readme_has_multiple_lines[del_norte_county_synthetic]" time="0.000" /><testcase classname="tests.integration.test_location_configs.TestREADMEFormatting" name="test_readme_has_multiple_lines[houston]" time="0.000" /><testcase classname="tests.integration.test_location_configs.TestREADMEFormatting" name="test_readme_has_multiple_lines[siberia]" time="0.000" /><testcase classname="tests.integration.test_location_configs.TestREADMEFormatting" name="test_readme_has_heading_structure[australia]" time="0.000" /><testcase classname="tests.integration.test_location_configs.TestREADMEFormatting" name="test_readme_has_heading_structure[cascadia]" time="0.000" /><testcase classname="tests.integration.test_location_configs.TestREADMEFormatting" name="test_readme_has_heading_structure[del_norte_county]" time="0.000" /><testcase classname="tests.integration.test_location_configs.TestREADMEFormatting" name="test_readme_has_heading_structure[del_norte_county_synthetic]" time="0.000" /><testcase classname="tests.integration.test_location_configs.TestREADMEFormatting" name="test_readme_has_heading_structure[houston]" time="0.000" /><testcase classname="tests.integration.test_location_configs.TestREADMEFormatting" name="test_readme_has_heading_structure[siberia]" time="0.000" /><testcase classname="tests.integration.test_location_configs.TestREADMEFormatting" name="test_readme_no_broken_headings[australia]" time="0.000" /><testcase classname="tests.integration.test_location_configs.TestREADMEFormatting" name="test_readme_no_broken_headings[cascadia]" time="0.000" /><testcase classname="tests.integration.test_location_configs.TestREADMEFormatting" name="test_readme_no_broken_headings[del_norte_county]" time="0.000" /><testcase classname="tests.integration.test_location_configs.TestREADMEFormatting" name="test_readme_no_broken_headings[del_norte_county_synthetic]" time="0.000" /><testcase classname="tests.integration.test_location_configs.TestREADMEFormatting" name="test_readme_no_broken_headings[houston]" time="0.000" /><testcase classname="tests.integration.test_location_configs.TestREADMEFormatting" name="test_readme_no_broken_headings[siberia]" time="0.000" /><testcase classname="tests.integration.test_location_configs.TestRequirementsFiles" name="test_requirements_exists[australia]" time="0.000" /><testcase classname="tests.integration.test_location_configs.TestRequirementsFiles" name="test_requirements_exists[cascadia]" time="0.000" /><testcase classname="tests.integration.test_location_configs.TestRequirementsFiles" name="test_requirements_exists[del_norte_county]" time="0.000" /><testcase classname="tests.integration.test_location_configs.TestRequirementsFiles" name="test_requirements_exists[del_norte_county_synthetic]" time="0.000" /><testcase classname="tests.integration.test_location_configs.TestRequirementsFiles" name="test_requirements_exists[siberia]" time="0.000" /><testcase classname="tests.integration.test_location_configs.TestRequirementsFiles" name="test_no_fabricated_packages[australia]" time="0.000" /><testcase classname="tests.integration.test_location_configs.TestRequirementsFiles" name="test_no_fabricated_packages[cascadia]" time="0.000" /><testcase classname="tests.integration.test_location_configs.TestRequirementsFiles" name="test_no_fabricated_packages[del_norte_county]" time="0.000" /><testcase classname="tests.integration.test_location_configs.TestRequirementsFiles" name="test_no_fabricated_packages[del_norte_county_synthetic]" time="0.000" /><testcase classname="tests.integration.test_location_configs.TestRequirementsFiles" name="test_no_fabricated_packages[siberia]" time="0.000" /><testcase classname="tests.integration.test_location_configs.TestAGENTSMDQuality" name="test_agents_not_generic_stub[australia]" time="0.000" /><testcase classname="tests.integration.test_location_configs.TestAGENTSMDQuality" name="test_agents_not_generic_stub[cascadia]" time="0.000" /><testcase classname="tests.integration.test_location_configs.TestAGENTSMDQuality" name="test_agents_not_generic_stub[del_norte_county]" time="0.000" /><testcase classname="tests.integration.test_location_configs.TestAGENTSMDQuality" name="test_agents_not_generic_stub[del_norte_county_synthetic]" time="0.000" /><testcase classname="tests.integration.test_location_configs.TestAGENTSMDQuality" name="test_agents_not_generic_stub[houston]" time="0.000" /><testcase classname="tests.integration.test_location_configs.TestAGENTSMDQuality" name="test_agents_not_generic_stub[siberia]" time="0.000" /><testcase classname="tests.integration.test_location_configs.TestAGENTSMDQuality" name="test_agents_has_scope_section[australia]" time="0.000" /><testcase classname="tests.integration.test_location_configs.TestAGENTSMDQuality" name="test_agents_has_scope_section[cascadia]" time="0.000" /><testcase classname="tests.integration.test_location_configs.TestAGENTSMDQuality" name="test_agents_has_scope_section[del_norte_county]" time="0.000" /><testcase classname="tests.integration.test_location_configs.TestAGENTSMDQuality" name="test_agents_has_scope_section[del_norte_county_synthetic]" time="0.000" /><testcase classname="tests.integration.test_location_configs.TestAGENTSMDQuality" name="test_agents_has_scope_section[houston]" time="0.000" /><testcase classname="tests.integration.test_location_configs.TestAGENTSMDQuality" name="test_agents_has_scope_section[siberia]" time="0.000" /><testcase classname="tests.integration.test_location_configs.TestAGENTSMDQuality" name="test_agents_has_capabilities[australia]" time="0.000" /><testcase classname="tests.integration.test_location_configs.TestAGENTSMDQuality" name="test_agents_has_capabilities[cascadia]" time="0.000" /><testcase classname="tests.integration.test_location_configs.TestAGENTSMDQuality" name="test_agents_has_capabilities[del_norte_county]" time="0.000" /><testcase classname="tests.integration.test_location_configs.TestAGENTSMDQuality" name="test_agents_has_capabilities[del_norte_county_synthetic]" time="0.000" /><testcase classname="tests.integration.test_location_configs.TestAGENTSMDQuality" name="test_agents_has_capabilities[houston]" time="0.000" /><testcase classname="tests.integration.test_location_configs.TestAGENTSMDQuality" name="test_agents_has_capabilities[siberia]" time="0.055" /><testcase classname="tests.integration.test_location_configs.TestLocationRegistry" name="test_root_readme_exists" time="0.000" /><testcase classname="tests.integration.test_location_configs.TestLocationRegistry" name="test_root_readme_lists_all_locations" time="0.000" /><testcase classname="tests.integration.test_location_configs.TestLocationRegistry" name="test_root_agents_exists" time="0.000" /><testcase classname="tests.unit.test_api_clients.TestClientInit" name="test_calfire_client" time="0.000" /><testcase classname="tests.unit.test_api_clients.TestClientInit" name="test_noaa_client" time="0.000" /><testcase classname="tests.unit.test_api_clients.TestClientInit" name="test_usgs_client" time="0.000" /><testcase classname="tests.unit.test_api_clients.TestClientInit" name="test_earthquake_client" time="0.000" /><testcase classname="tests.unit.test_api_clients.TestClientInit" name="test_cdec_client" time="0.000" /><testcase classname="tests.unit.test_api_clients.TestCaliforniaAPIManager" name="test_manager_has_all_clients" time="0.000" /><testcase classname="tests.unit.test_api_clients.TestRetryLogic" name="test_returns_json_on_success" time="0.001" /><testcase classname="tests.unit.test_api_clients.TestRetryLogic" name="test_returns_error_on_4xx" time="0.000" /><testcase classname="tests.unit.test_api_clients.TestRetryLogic" name="test_retries_on_connection_error" time="1.011" /><testcase classname="tests.unit.test_caching.TestCacheLifecycle" name="test_write_and_read" time="0.003" /><testcase classname="tests.unit.test_caching.TestCacheLifecycle" name="test_cache_miss_returns_none" time="0.001" /><testcase classname="tests.unit.test_caching.TestCacheLifecycle" name="test_ttl_expiry" time="3.012" /><testcase classname="tests.unit.test_caching.TestCacheLifecycle" name="test_clear_cache" time="0.002" /><testcase classname="tests.unit.test_caching.TestCacheLifecycle" name="test_cache_stats" time="0.002" /><testcase classname="tests.unit.test_caching.TestCacheKeyGeneration" name="test_same_params_same_key" time="0.001" /><testcase classname="tests.unit.test_caching.TestCacheKeyGeneration" name="test_different_params_different_key" time="0.001" /><testcase classname="tests.unit.test_comprehensive_dashboard.TestDelNorteComprehensiveDashboard" name="test_init" time="0.001" /><testcase classname="tests.unit.test_comprehensive_dashboard.TestDelNorteComprehensiveDashboard" name="test_run_analysis_returns_dict" time="0.282" /><testcase classname="tests.unit.test_comprehensive_dashboard.TestDelNorteComprehensiveDashboard" name="test_run_analysis_has_forest_health_section" time="0.428" /><testcase classname="tests.unit.test_comprehensive_dashboard.TestDelNorteComprehensiveDashboard" name="test_run_analysis_has_coastal_resilience_section" time="0.484" /><testcase classname="tests.unit.test_comprehensive_dashboard.TestDelNorteComprehensiveDashboard" name="test_run_analysis_has_fire_risk_section" time="0.522" /><testcase classname="tests.unit.test_comprehensive_dashboard.TestDelNorteComprehensiveDashboard" name="test_run_analysis_has_seismic_hazard_section" time="0.394" /><testcase classname="tests.unit.test_comprehensive_dashboard.TestDelNorteComprehensiveDashboard" name="test_cross_domain_integrated_risk_present" time="0.437" /><testcase classname="tests.unit.test_comprehensive_dashboard.TestDelNorteComprehensiveDashboard" name="test_map_html_file_created" time="0.560" /><testcase classname="tests.unit.test_dashboard_advanced.TestClimateAnalyzer" name="test_init" time="0.001" /><testcase classname="tests.unit.test_dashboard_advanced.TestClimateAnalyzer" name="test_run_analysis_returns_dict" time="0.001" /><testcase classname="tests.unit.test_dashboard_advanced.TestClimateAnalyzer" name="test_climate_zones_present" time="0.001" /><testcase classname="tests.unit.test_dashboard_advanced.TestZoningAnalyzer" name="test_init" time="0.001" /><testcase classname="tests.unit.test_dashboard_advanced.TestZoningAnalyzer" name="test_run_analysis_returns_dict" time="0.001" /><testcase classname="tests.unit.test_dashboard_advanced.TestZoningAnalyzer" name="test_zone_breakdown_present" time="0.000" /><testcase classname="tests.unit.test_dashboard_advanced.TestAgroEconomicAnalyzer" name="test_init" time="0.001" /><testcase classname="tests.unit.test_dashboard_advanced.TestAgroEconomicAnalyzer" name="test_run_analysis_returns_dict" time="0.001" /><testcase classname="tests.unit.test_dashboard_advanced.TestAdvancedDashboard" name="test_init" time="0.001" /><testcase classname="tests.unit.test_dashboard_advanced.TestAdvancedDashboard" name="test_generate_dashboard_creates_html" time="0.071" /><testcase classname="tests.unit.test_dashboard_advanced.TestAdvancedDashboard" name="test_layer_config_applied" time="0.001" /><testcase classname="tests.unit.test_data_sources.TestDataSourcesInit" name="test_creates_successfully" time="0.000" /><testcase classname="tests.unit.test_data_sources.TestDataSourcesInit" name="test_has_sources_catalog" time="0.001" /><testcase classname="tests.unit.test_data_sources.TestDataSourcesInit" name="test_cal_fire_source_present" time="0.001" /><testcase classname="tests.unit.test_data_sources.TestSourceLookup" name="test_get_source_config_returns_datasource" time="0.001" /><testcase classname="tests.unit.test_data_sources.TestSourceLookup" name="test_get_source_config_returns_none_for_unknown" time="0.001" /><testcase classname="tests.unit.test_data_sources.TestSourceLookup" name="test_search_sources_returns_results" time="0.000" /><testcase classname="tests.unit.test_data_sources.TestCategoriesAndSummary" name="test_get_sources_by_category" time="0.000" /><testcase classname="tests.unit.test_data_sources.TestCategoriesAndSummary" name="test_get_source_summary" time="0.000" /><testcase classname="tests.unit.test_del_norte_analyzers.TestCoastalResilienceAnalyzer" name="test_config_loaded" time="0.007" /><testcase classname="tests.unit.test_del_norte_analyzers.TestCoastalResilienceAnalyzer" name="test_initialization" time="0.000" /><testcase classname="tests.unit.test_del_norte_analyzers.TestCoastalResilienceAnalyzer" name="test_monitoring_sites" time="0.000" /><testcase classname="tests.unit.test_del_norte_analyzers.TestCoastalResilienceAnalyzer" name="test_run_analysis_has_erosion_section" time="0.057" /><testcase classname="tests.unit.test_del_norte_analyzers.TestCoastalResilienceAnalyzer" name="test_run_analysis_has_sea_level_section" time="0.076" /><testcase classname="tests.unit.test_del_norte_analyzers.TestCoastalResilienceAnalyzer" name="test_run_analysis_returns_dict" time="0.027" /><testcase classname="tests.unit.test_del_norte_analyzers.TestCoastalResilienceAnalyzer" name="test_run_analysis_saves_file" time="0.062" /><testcase classname="tests.unit.test_del_norte_analyzers.TestFireRiskAssessor" name="test_fire_config_sections" time="0.007" /><testcase classname="tests.unit.test_del_norte_analyzers.TestFireRiskAssessor" name="test_initialization" time="0.000" /><testcase classname="tests.unit.test_del_norte_analyzers.TestFireRiskAssessor" name="test_run_analysis_has_fuel_section" time="0.028" /><testcase classname="tests.unit.test_del_norte_analyzers.TestFireRiskAssessor" name="test_run_analysis_has_historical_section" time="0.022" /><testcase classname="tests.unit.test_del_norte_analyzers.TestFireRiskAssessor" name="test_run_analysis_has_weather_section" time="0.009" /><testcase classname="tests.unit.test_del_norte_analyzers.TestFireRiskAssessor" name="test_run_analysis_returns_dict" time="0.062" /><testcase classname="tests.unit.test_del_norte_analyzers.TestFireRiskAssessor" name="test_run_analysis_saves_file" time="0.042" /><testcase classname="tests.unit.test_del_norte_analyzers.TestSeismicHazardAnalyzer" name="test_initialization" time="0.007" /><testcase classname="tests.unit.test_del_norte_analyzers.TestSeismicHazardAnalyzer" name="test_run_analysis_has_csz_scenario" time="0.134" /><testcase classname="tests.unit.test_del_norte_analyzers.TestSeismicHazardAnalyzer" name="test_run_analysis_has_earthquake_data" time="0.099" /><testcase classname="tests.unit.test_del_norte_analyzers.TestSeismicHazardAnalyzer" name="test_run_analysis_has_hazard_grid" time="0.150" /><testcase classname="tests.unit.test_del_norte_analyzers.TestSeismicHazardAnalyzer" name="test_run_analysis_has_liquefaction" time="0.104" /><testcase classname="tests.unit.test_del_norte_analyzers.TestSeismicHazardAnalyzer" name="test_run_analysis_has_summary" time="0.150" /><testcase classname="tests.unit.test_del_norte_analyzers.TestSeismicHazardAnalyzer" name="test_run_analysis_has_tsunami_risk" time="0.137" /><testcase classname="tests.unit.test_del_norte_analyzers.TestSeismicHazardAnalyzer" name="test_run_analysis_returns_dict" time="0.094" /><testcase classname="tests.unit.test_del_norte_analyzers.TestSeismicHazardAnalyzer" name="test_run_analysis_saves_file" time="0.169" /><testcase classname="tests.unit.test_del_norte_analyzers.TestAdvancedDashboard" name="test_county_center" time="0.001" /><testcase classname="tests.unit.test_del_norte_analyzers.TestAdvancedDashboard" name="test_create_map" time="0.014" /><testcase classname="tests.unit.test_del_norte_analyzers.TestAdvancedDashboard" name="test_generate_analysis_panels" time="0.001" /><testcase classname="tests.unit.test_del_norte_analyzers.TestAdvancedDashboard" name="test_initialization" time="0.000" /><testcase classname="tests.unit.test_del_norte_analyzers.TestAdvancedDashboard" name="test_layer_groups_initialized" time="0.000" /><testcase classname="tests.unit.test_del_norte_analyzers.TestAdvancedDashboard" name="test_save_dashboard" time="0.155" /><testcase classname="tests.unit.test_del_norte_analyzers.TestDelNorteExports" name="test_coastal_resilience_analyzer" time="0.000" /><testcase classname="tests.unit.test_del_norte_analyzers.TestDelNorteExports" name="test_comprehensive_dashboard" time="0.000" /><testcase classname="tests.unit.test_del_norte_analyzers.TestDelNorteExports" name="test_fire_risk_assessor" time="0.000" /><testcase classname="tests.unit.test_del_norte_analyzers.TestDelNorteExports" name="test_forest_health_monitor" time="0.000" /><testcase classname="tests.unit.test_del_norte_analyzers.TestDelNorteExports" name="test_seismic_hazard_analyzer" time="0.000" /><testcase classname="tests.unit.test_h3_operations.TestLatLngConversion" name="test_round_trip_preserves_locality" time="0.000" /><testcase classname="tests.unit.test_h3_operations.TestLatLngConversion" name="test_resolution_affects_cell_id" time="0.000" /><testcase classname="tests.unit.test_h3_operations.TestLatLngConversion" name="test_cell_boundary_returns_coordinates" time="0.000" /><testcase classname="tests.unit.test_h3_operations.TestPolygonToCells" name="test_small_polygon_returns_cells" time="0.000" /><testcase classname="tests.unit.test_h3_operations.TestPolygonToCells" name="test_geo_to_cells_accepts_geojson" time="0.000" /><testcase classname="tests.unit.test_h3_operations.TestGridOperations" name="test_grid_disk_returns_neighbors" time="0.000" /><testcase classname="tests.unit.test_h3_operations.TestGridOperations" name="test_grid_distance_self_is_zero" time="0.000" /><testcase classname="tests.unit.test_h3_operations.TestGridOperations" name="test_cell_area_positive" time="0.000" /><testcase classname="tests.unit.test_h3_operations.TestGridOperations" name="test_get_resolution" time="0.000" /><testcase classname="tests.unit.test_h3_operations.TestValidity" name="test_valid_cell" time="0.000" /><testcase classname="tests.unit.test_h3_operations.TestValidity" name="test_invalid_cell" time="0.000" /><testcase classname="tests.unit.test_h3_operations.TestValidity" name="test_neighbors_are_neighbors" time="0.001" /><testcase classname="tests.unit.test_h3_operations.TestCellsToGeoDataFrame" name="test_returns_geodataframe" time="0.007" /><testcase classname="tests.unit.test_integration_wrappers.TestCALFIREWrapper" name="test_get_fire_perimeters_returns_dict" time="0.331" /><testcase classname="tests.unit.test_integration_wrappers.TestCALFIREWrapper" name="test_get_fire_perimeters_has_features_key" time="0.537" /><testcase classname="tests.unit.test_integration_wrappers.TestCALFIREWrapper" name="test_synthetic_fallback_valid_geojson" time="0.002" /><testcase classname="tests.unit.test_integration_wrappers.TestCALFIREWrapper" name="test_bbox_filter_applied" time="0.297" /><testcase classname="tests.unit.test_integration_wrappers.TestCALFIREWrapper" name="test_get_active_incidents_returns_dict" time="0.267" /><testcase classname="tests.unit.test_integration_wrappers.TestNOAAWrapper" name="test_get_weather_data_returns_dict" time="0.281" /><testcase classname="tests.unit.test_integration_wrappers.TestNOAAWrapper" name="test_get_tide_gauge_data_returns_dict" time="0.489" /><testcase classname="tests.unit.test_integration_wrappers.TestNOAAWrapper" name="test_tide_gauge_has_series_key" time="0.380" /><testcase classname="tests.unit.test_integration_wrappers.TestNOAAWrapper" name="test_weather_has_station_key_or_error" time="0.180" /><testcase classname="tests.unit.test_integration_wrappers.TestUSGSWrapper" name="test_get_earthquakes_returns_dict" time="0.265" /><testcase classname="tests.unit.test_integration_wrappers.TestUSGSWrapper" name="test_get_earthquakes_has_events_key" time="0.142" /><testcase classname="tests.unit.test_integration_wrappers.TestUSGSWrapper" name="test_get_cascadia_seismicity_returns_dict" time="0.288" /><testcase classname="tests.unit.test_integration_wrappers.TestDelNorteDataIntegrator" name="test_init_creates_integrator" time="0.000" /><testcase classname="tests.unit.test_integration_wrappers.TestDelNorteDataIntegrator" name="test_has_calfire_client" time="0.000" /><testcase classname="tests.unit.test_integration_wrappers.TestDelNorteDataIntegrator" name="test_has_noaa_client" time="0.000" /><testcase classname="tests.unit.test_integration_wrappers.TestDelNorteDataIntegrator" name="test_has_usgs_client" time="0.000" /><testcase classname="tests.unit.test_integration_wrappers.TestDelNorteDataIntegrator" name="test_calfire_client_is_wrapper" time="0.000" /><testcase classname="tests.unit.test_integration_wrappers.TestDelNorteDataIntegrator" name="test_noaa_client_is_wrapper" time="0.000" /><testcase classname="tests.unit.test_integration_wrappers.TestDelNorteDataIntegrator" name="test_usgs_client_is_wrapper" time="0.000" /><testcase classname="tests.unit.test_integration_wrappers.TestDelNorteDataIntegrator" name="test_clients_cached_on_second_access" time="0.000" /><testcase classname="tests.unit.test_module_bridge.TestPlaceDataManager" name="test_can_instantiate" time="0.000" /><testcase classname="tests.unit.test_module_bridge.TestPlaceDataManager" name="test_validate_dataset_valid" time="0.000" /><testcase classname="tests.unit.test_module_bridge.TestPlaceDataManager" name="test_validate_dataset_empty" time="0.000" /><testcase classname="tests.unit.test_module_bridge.TestPlaceDataManager" name="test_provenance_logging" time="0.000" /><testcase classname="tests.unit.test_module_bridge.TestPlaceTemporalAnalyzer" name="test_can_instantiate" time="0.000" /><testcase classname="tests.unit.test_module_bridge.TestPlaceTemporalAnalyzer" name="test_detect_trend" time="0.000" /><testcase classname="tests.unit.test_module_bridge.TestPlaceTemporalAnalyzer" name="test_detect_anomalies" time="0.000" /><testcase classname="tests.unit.test_module_bridge.TestPlaceTemporalAnalyzer" name="test_forecast_returns_values" time="0.000" /><testcase classname="tests.unit.test_place_analyzer.TestPlaceAnalyzer" name="test_configuration_loading" time="0.007" /><testcase classname="tests.unit.test_place_analyzer.TestPlaceAnalyzer" name="test_create_analyzer_returns_place_interface" time="0.000" /><testcase classname="tests.unit.test_place_analyzer.TestPlaceAnalyzer" name="test_get_supported_locations_exists" time="0.000" /><testcase classname="tests.unit.test_place_analyzer.TestPlaceAnalyzer" name="test_module_version_exists" time="0.000" /><testcase classname="tests.unit.test_place_analyzer.TestPlaceAnalyzer" name="test_place_interface_is_primary_entry_point" time="0.000" /><testcase classname="tests.unit.test_place_analyzer.TestLocationConfigurations" name="test_del_norte_county_config" time="0.007" /><testcase classname="tests.unit.test_place_analyzer.TestLocationConfigurations" name="test_requirements_files_exist" time="0.000" /><testcase classname="tests.unit.test_place_analyzer.TestIntegrationCapabilities" name="test_api_endpoints_defined" time="0.000" /><testcase classname="tests.unit.test_place_analyzer.TestIntegrationCapabilities" name="test_cross_module_communication" time="0.000" /><testcase classname="tests.unit.test_place_analyzer.TestIntegrationCapabilities" name="test_module_dependencies" time="0.000" /><testcase classname="tests.unit.test_place_analyzer.TestForestHealthMonitor" name="test_change_detection_analysis" time="0.002" /><testcase classname="tests.unit.test_place_analyzer.TestForestHealthMonitor" name="test_forest_type_health_assessment" time="0.001" /><testcase classname="tests.unit.test_place_analyzer.TestForestHealthMonitor" name="test_monitor_initialization" time="0.000" /><testcase classname="tests.unit.test_place_analyzer.TestForestHealthMonitor" name="test_risk_assessment_generation" time="0.000" /><testcase classname="tests.unit.test_place_analyzer.TestForestHealthMonitor" name="test_vegetation_index_analysis" time="0.003" /><testcase classname="tests.unit.test_place_interface.TestPlaceInterfaceInit" name="test_valid_location_del_norte" time="0.001" /><testcase classname="tests.unit.test_place_interface.TestPlaceInterfaceInit" name="test_valid_location_cascadia" time="0.001" /><testcase classname="tests.unit.test_place_interface.TestPlaceInterfaceInit" name="test_unknown_location_raises" time="0.001" /><testcase classname="tests.unit.test_place_interface.TestPlaceInterfaceInit" name="test_output_dir_created" time="0.001" /><testcase classname="tests.unit.test_place_interface.TestPlaceInterfaceInit" name="test_location_name_set" time="0.001" /><testcase classname="tests.unit.test_place_interface.TestPlaceInterfaceInit" name="test_custom_config_applied" time="0.001" /><testcase classname="tests.unit.test_place_interface.TestPlaceInterfaceComponents" name="test_integrator_lazy_init" time="0.001" /><testcase classname="tests.unit.test_place_interface.TestPlaceInterfaceComponents" name="test_data_manager_lazy_init" time="0.001" /><testcase classname="tests.unit.test_place_interface.TestPlaceInterfaceComponents" name="test_temporal_lazy_init" time="0.001" /><testcase classname="tests.unit.test_place_interface.TestPlaceInterfaceComponents" name="test_get_analyzer_forest_health" time="0.001" /><testcase classname="tests.unit.test_place_interface.TestPlaceInterfaceComponents" name="test_get_analyzer_coastal_resilience" time="0.001" /><testcase classname="tests.unit.test_place_interface.TestPlaceInterfaceComponents" name="test_get_analyzer_fire_risk" time="0.001" /><testcase classname="tests.unit.test_place_interface.TestPlaceInterfaceComponents" name="test_get_analyzer_seismic_hazard" time="0.001" /><testcase classname="tests.unit.test_place_interface.TestPlaceInterfaceComponents" name="test_get_analyzer_unknown_returns_none" time="0.001" /><testcase classname="tests.unit.test_place_interface.TestPlaceInterfaceComponents" name="test_get_analyzer_cached_on_second_call" time="0.001" /><testcase classname="tests.unit.test_place_interface.TestPlaceInterfaceRunAnalysis" name="test_returns_dict_with_required_keys" time="0.139" /><testcase classname="tests.unit.test_place_interface.TestPlaceInterfaceRunAnalysis" name="test_analyses_dict_has_requested_analyzer" time="0.224" /><testcase classname="tests.unit.test_place_interface.TestPlaceInterfaceRunAnalysis" name="test_subset_analyzers" time="0.272" /><testcase classname="tests.unit.test_place_interface.TestPlaceInterfaceRunAnalysis" name="test_saves_json_output_file" time="0.242" /><testcase classname="tests.unit.test_place_interface.TestPlaceInterfaceRunAnalysis" name="test_analyzer_failure_does_not_crash_pipeline" time="0.002" /><testcase classname="tests.unit.test_place_interface.TestPlaceInterfaceConvenience" name="test_status_keys" time="0.001" /><testcase classname="tests.unit.test_place_interface.TestPlaceInterfaceConvenience" name="test_status_location_correct" time="0.001" /><testcase classname="tests.unit.test_place_interface.TestPlaceInterfaceConvenience" name="test_get_earthquakes_returns_dict" time="0.001" /><testcase classname="tests.unit.test_place_interface.TestPlaceInterfaceConvenience" name="test_get_fire_perimeters_returns_dict" time="0.001" /><testcase classname="tests.unit.test_place_interface.TestPlaceInterfaceConvenience" name="test_get_weather_returns_dict" time="0.001" /><testcase classname="tests.unit.test_place_interface.TestCreateAnalyzerFactory" name="test_del_norte_returns_place_interface" time="0.001" /><testcase classname="tests.unit.test_place_interface.TestCreateAnalyzerFactory" name="test_cascadia_returns_place_interface" time="0.000" /><testcase classname="tests.unit.test_place_interface.TestCreateAnalyzerFactory" name="test_unknown_raises_value_error" time="0.000" /><testcase classname="tests.unit.test_place_interface.TestCreateAnalyzerFactory" name="test_does_not_raise_import_error" time="0.000" /><testcase classname="tests.unit.test_place_interface.TestCreateAnalyzerFactory" name="test_get_supported_locations_returns_list" time="0.000" /><testcase classname="tests.unit.test_place_interface.TestCreateAnalyzerFactory" name="test_get_supported_locations_no_county_suffix" time="0.000" /><testcase classname="tests.unit.test_unified_backend.TestCascadianBackendInit" name="test_init_with_modules" time="0.190" /><testcase classname="tests.unit.test_unified_backend.TestCascadianBackendInit" name="test_init_custom_resolution" time="0.018" /><testcase classname="tests.unit.test_unified_backend.TestCascadianBackendInit" name="test_target_hexagons_property" time="0.244" /><testcase classname="tests.unit.test_unified_backend.TestCascadianBackendInit" name="test_modules_attribute_set" time="0.135" /><testcase classname="tests.unit.test_unified_backend.TestCascadianBackendH3Operations" name="test_get_h3_cell_returns_string" time="0.183"><skipped type="pytest.skip" message="get_h3_cell not available on this backend version">/Users/4d/Documents/GitHub/GEO-INFER/GEO-INFER-PLACE/tests/unit/test_unified_backend.py:58: get_h3_cell not available on this backend version</skipped></testcase><testcase classname="tests.unit.test_unified_backend.TestCascadianBackendH3Operations" name="test_cache_key_deterministic" time="0.183"><skipped type="pytest.skip" message="get_h3_cell not available on this backend version">/Users/4d/Documents/GitHub/GEO-INFER/GEO-INFER-PLACE/tests/unit/test_unified_backend.py:67: get_h3_cell not available on this backend version</skipped></testcase><testcase classname="tests.unit.test_unified_backend.TestCascadianBackendH3Operations" name="test_export_to_geojson" time="0.280"><skipped type="pytest.skip" message="export_to_geojson not available on this backend version">/Users/4d/Documents/GitHub/GEO-INFER/GEO-INFER-PLACE/tests/unit/test_unified_backend.py:74: export_to_geojson not available on this backend version</skipped></testcase><testcase classname="tests.unit.test_unified_backend.TestCascadianBackendSPACEIntegration" name="test_imports_without_space" time="0.000" /><testcase classname="tests.unit.test_unified_backend.TestCascadianBackendSPACEIntegration" name="test_cell_to_boundary_returns_polygon" time="0.136" /><testcase classname="tests.unit.test_visualization_engine.TestEngineInitialization" name="test_creates_output_dir" time="0.001" /><testcase classname="tests.unit.test_visualization_engine.TestEngineInitialization" name="test_center_coordinates" time="0.001" /><testcase classname="tests.unit.test_visualization_engine.TestEngineInitialization" name="test_h3_resolution" time="0.001" /><testcase classname="tests.unit.test_visualization_engine.TestLayerGroups" name="test_creates_expected_groups" time="0.001" /><testcase classname="tests.unit.test_visualization_engine.TestMonitoringSites" name="test_forest_sites_fallback" time="0.001" /><testcase classname="tests.unit.test_visualization_engine.TestMonitoringSites" name="test_forest_sites_from_data" time="0.001" /><testcase classname="tests.unit.test_visualization_engine.TestMonitoringSites" name="test_coastal_sites_fallback" time="0.001" /><testcase classname="tests.unit.test_visualization_engine.TestMonitoringSites" name="test_fire_sites_fallback" time="0.001" /><testcase classname="tests.unit.test_visualization_engine.TestMonitoringSites" name="test_community_facilities" time="0.001" /><testcase classname="tests.unit.test_visualization_engine.TestMonitoringSites" name="test_h3_integration_grid_fallback" time="0.001" /><testcase classname="tests.unit.test_visualization_engine.TestDashboardGeneration" name="test_generates_html_file" time="0.033" /></testsuite></testsuites>