<?xml version="1.0" encoding="utf-8"?><testsuites name="pytest tests"><testsuite name="pytest" errors="0" failures="1" skipped="0" tests="3" time="0.162" timestamp="2025-11-06T09:19:49.210445-08:00" hostname="timelock.local"><testcase classname="tests.integration.test_integration.TestReqIntegration" name="test_module_integration" time="0.025" /><testcase classname="tests.unit.test_core.TestReqModule" name="test_module_import" time="0.001" /><testcase classname="tests.unit.test_core.TestReqModule" name="test_module_structure" time="0.000"><failure message="AssertionError: assert False&#10; +  where False = hasattr(&lt;module 'geo_infer_req' from '/Users/4d/Documents/GitHub/GEO-INFER/GEO-INFER-REQ/src/geo_infer_req/__init__.py'&gt;, 'core')">GEO-INFER-REQ/tests/unit/test_core.py:21: in test_module_structure
    assert hasattr(geo_infer_req, 'core')
E   AssertionError: assert False
E    +  where False = hasattr(&lt;module 'geo_infer_req' from '/Users/4d/Documents/GitHub/GEO-INFER/GEO-INFER-REQ/src/geo_infer_req/__init__.py'&gt;, 'core')</failure></testcase></testsuite></testsuites>