<?xml version="1.0" encoding="utf-8"?><testsuites name="pytest tests"><testsuite name="pytest" errors="0" failures="0" skipped="0" tests="10" time="0.498" timestamp="2025-11-06T09:19:30.624901-08:00" hostname="timelock.local"><testcase classname="tests.integration.test_integration.TestSimIntegration" name="test_module_integration" time="0.019" /><testcase classname="tests.unit.test_abm.TestAgent" name="test_agent_creation" time="0.000" /><testcase classname="tests.unit.test_abm.TestAgentBasedModel" name="test_add_agent" time="0.000" /><testcase classname="tests.unit.test_abm.TestAgentBasedModel" name="test_find_neighbors" time="0.000" /><testcase classname="tests.unit.test_abm.TestAgentBasedModel" name="test_step" time="0.000" /><testcase classname="tests.unit.test_simulation_engine.TestSimulationEngine" name="test_initialize" time="0.000" /><testcase classname="tests.unit.test_simulation_engine.TestSimulationEngine" name="test_step" time="0.000" /><testcase classname="tests.unit.test_simulation_engine.TestSimulationEngine" name="test_run" time="0.000" /><testcase classname="tests.unit.test_simulation_engine.TestSimulationEngine" name="test_pause_resume" time="0.000" /><testcase classname="tests.unit.test_simulation_engine.TestSimulationEngine" name="test_record_metric" time="0.000" /></testsuite></testsuites>