<?xml version="1.0" encoding="utf-8"?><testsuites name="pytest tests"><testsuite name="pytest" errors="0" failures="0" skipped="2" tests="405" time="33.767" timestamp="2026-03-17T08:18:52.768429-07:00" hostname="timelock.local"><testcase classname="unit.test_base_module.TestBaseAnalysisModule" name="test_run_analysis_no_cache" time="0.426" /><testcase classname="unit.test_base_module.TestBaseAnalysisModule" name="test_run_analysis_with_cache" time="0.007" /><testcase classname="unit.test_core" name="test_backend_init" time="0.025" /><testcase classname="unit.test_core" name="test_calculate_scores" time="0.004" /><testcase classname="unit.test_unified_backend.TestUnifiedH3Backend" name="test_define_target_region" time="0.591" /><testcase classname="unit.test_unified_backend.TestUnifiedH3Backend" name="test_export_unified_data" time="1.032" /><testcase classname="unit.test_unified_backend.TestUnifiedH3Backend" name="test_generate_interactive_dashboard" time="23.973" /><testcase classname="unit.test_unified_backend.TestUnifiedH3Backend" name="test_get_comprehensive_summary" time="0.339" /><testcase classname="unit.test_unified_backend.TestUnifiedH3Backend" name="test_run_comprehensive_analysis" time="0.043" /><testcase classname="unit.test_data_integrator.TestDataIntegrator" name="test_integrate_data" time="0.387" /><testcase classname="unit.test_spatial_processor" name="test_buffer_analysis" time="0.005" /><testcase classname="unit.test_spatial_processor" name="test_proximity_analysis" time="0.009" /><testcase classname="unit.test_spatial_processor" name="test_buffer_analysis_empty" time="0.001" /><testcase classname="unit.test_spatial_processor" name="test_proximity_analysis_empty" time="0.001" /><testcase classname="unit.test_spatial_processor" name="test_perform_multi_overlay" time="0.002" /><testcase classname="unit.test_spatial_processor" name="test_calculate_spatial_correlation" time="0.002" /><testcase classname="unit.test_place_analyzer.TestPlaceAnalyzer" name="test_load_place_data" time="0.015" /><testcase classname="unit.test_place_analyzer.TestPlaceAnalyzer" name="test_perform_spatial_analysis" time="0.139" /><testcase classname="unit.test_visualization_engine.TestInteractiveVisualizationEngine" name="test_create_comprehensive_dashboard" time="0.048" /><testcase classname="unit.test_visualization_engine.TestInteractiveVisualizationEngine" name="test_initialization" time="0.001" /><testcase classname="integration.test_cross_component_workflows.TestSpatialIndexingWorkflows" name="test_point_to_cell_to_neighbors_workflow" time="0.003" /><testcase classname="integration.test_cross_component_workflows.TestSpatialIndexingWorkflows" name="test_multi_resolution_hierarchy_workflow" time="0.002" /><testcase classname="integration.test_cross_component_workflows.TestSpatialIndexingWorkflows" name="test_index_to_coordinates_round_trip" time="0.001" /><testcase classname="integration.test_cross_component_workflows.TestSpatialIndexingWorkflows" name="test_cell_distance_positive_for_different_cells" time="0.000" /><testcase classname="integration.test_cross_component_workflows.TestSpatialProcessorWorkflows" name="test_buffer_and_spatial_relationships" time="0.020" /><testcase classname="integration.test_unified_ml_integration.TestUnifiedMLIntegration" name="test_feature_engineering_workflow" time="0.000" /><testcase classname="integration.test_unified_ml_integration.TestUnifiedMLIntegration" name="test_spatial_context_features" time="0.000" /><testcase classname="integration.test_unified_ml_integration.TestUnifiedMLIntegration" name="test_backend_switch_consistency" time="0.000" /><testcase classname="tools.test_fix_double_h3" name="test_fix_double_h3_lib" time="0.081" /><testcase classname="tools.test_fix_h3_calls" name="test_fix_h3_calls_in_file" time="0.002" /><testcase classname="tools.test_fix_h3_v4_api" name="test_fix_h3_v3_api_calls" time="0.002" /><testcase classname="tools.test_fix_imports" name="test_fix_imports_in_file" time="0.002" /><testcase classname="tools.test_fix_relative_imports" name="test_fix_relative_imports_in_file" time="0.002" /><testcase classname="tools.test_run_h3_tests_simple" name="test_run_h3_tests_main_smoke" time="0.001" /><testcase classname="tools.test_verify_h3_v4_compliance" name="test_verifier_detects_v3_and_v4" time="0.001" /><testcase classname="unit.test_analytics_comprehensive.TestVectorOperations" name="test_buffer_and_intersect" time="0.016" /><testcase classname="unit.test_analytics_comprehensive.TestVectorOperations" name="test_overlay_analysis" time="0.014" /><testcase classname="unit.test_analytics_comprehensive.TestVectorOperations" name="test_proximity_analysis" time="0.008" /><testcase classname="unit.test_analytics_comprehensive.TestVectorOperations" name="test_spatial_join_analysis" time="0.003" /><testcase classname="unit.test_analytics_comprehensive.TestVectorOperations" name="test_geometric_calculations" time="0.042" /><testcase classname="unit.test_analytics_comprehensive.TestVectorOperations" name="test_topology_operations" time="0.017" /><testcase classname="unit.test_analytics_comprehensive.TestGeostatistics" name="test_spatial_interpolation" time="0.005" /><testcase classname="unit.test_analytics_comprehensive.TestGeostatistics" name="test_clustering_analysis" time="0.293" /><testcase classname="unit.test_analytics_comprehensive.TestGeostatistics" name="test_hotspot_detection" time="0.026" /><testcase classname="unit.test_analytics_comprehensive.TestGeostatistics" name="test_spatial_autocorrelation" time="0.012" /><testcase classname="unit.test_analytics_comprehensive.TestGeostatistics" name="test_variogram_analysis" time="0.004" /><testcase classname="unit.test_analytics_comprehensive.TestNetworkAnalysis" name="test_network_connectivity" time="0.019" /><testcase classname="unit.test_analytics_comprehensive.TestNetworkAnalysis" name="test_service_area" time="0.003" /><testcase classname="unit.test_analytics_comprehensive.TestNetworkAnalysis" name="test_routing_analysis" time="0.004" /><testcase classname="unit.test_analytics_comprehensive.TestNetworkAnalysis" name="test_accessibility_analysis" time="0.002" /><testcase classname="unit.test_analytics_comprehensive.TestH3Operations" name="test_latlng_to_cell" time="0.000" /><testcase classname="unit.test_analytics_comprehensive.TestH3Operations" name="test_cell_to_latlng" time="0.001" /><testcase classname="unit.test_analytics_comprehensive.TestH3Operations" name="test_polygon_to_cells" time="0.000" /><testcase classname="unit.test_analytics_comprehensive.TestH3Operations" name="test_cell_to_boundary" time="0.000" /><testcase classname="unit.test_analytics_comprehensive.TestIntegration" name="test_complete_workflow" time="0.284" /><testcase classname="unit.test_analytics_comprehensive.TestErrorHandling" name="test_empty_geodataframe" time="0.002" /><testcase classname="unit.test_analytics_comprehensive.TestErrorHandling" name="test_invalid_crs_mismatch" time="0.004" /><testcase classname="unit.test_analytics_comprehensive.TestErrorHandling" name="test_invalid_parameters" time="0.001" /><testcase classname="unit.test_backends_comprehensive.TestH3BackendBasic" name="test_h3_backend_initialization" time="0.000" /><testcase classname="unit.test_backends_comprehensive.TestH3BackendBasic" name="test_h3_backend_capabilities" time="0.000" /><testcase classname="unit.test_backends_comprehensive.TestH3BackendIndexing" name="test_latlng_to_cell" time="0.000" /><testcase classname="unit.test_backends_comprehensive.TestH3BackendIndexing" name="test_cell_to_latlng" time="0.001" /><testcase classname="unit.test_backends_comprehensive.TestH3BackendIndexing" name="test_polygon_to_cells" time="0.001" /><testcase classname="unit.test_backends_comprehensive.TestH3BackendIndexing" name="test_get_cell_neighbors" time="0.001" /><testcase classname="unit.test_backends_comprehensive.TestH3BackendIndexing" name="test_get_cell_neighbors_k2" time="0.000" /><testcase classname="unit.test_backends_comprehensive.TestH3BackendIndexing" name="test_get_cell_distance" time="0.000" /><testcase classname="unit.test_backends_comprehensive.TestH3BackendIndexing" name="test_compact_cells" time="0.000" /><testcase classname="unit.test_backends_comprehensive.TestH3BackendIndexing" name="test_uncompact_cells" time="0.000" /><testcase classname="unit.test_backends_comprehensive.TestH3BackendNewMethods" name="test_get_cell_resolution" time="0.000" /><testcase classname="unit.test_backends_comprehensive.TestH3BackendNewMethods" name="test_get_cell_boundary" time="0.000" /><testcase classname="unit.test_backends_comprehensive.TestH3BackendNewMethods" name="test_get_cell_area" time="0.000" /><testcase classname="unit.test_backends_comprehensive.TestH3BackendNewMethods" name="test_cells_to_multipolygon" time="0.000" /><testcase classname="unit.test_backends_comprehensive.TestH3BackendNewMethods" name="test_cells_to_multipolygon_empty" time="0.000" /><testcase classname="unit.test_backends_comprehensive.TestH3BackendAnalytics" name="test_analyze_hotspots" time="0.000" /><testcase classname="unit.test_backends_comprehensive.TestH3BackendAnalytics" name="test_compute_proximity" time="0.000" /><testcase classname="unit.test_backends_comprehensive.TestSRAIBackendBasic" name="test_srai_backend_initialization" time="0.000" /><testcase classname="unit.test_backends_comprehensive.TestSRAIBackendBasic" name="test_srai_backend_capabilities" time="0.000" /><testcase classname="unit.test_backends_comprehensive.TestSRAIBackendWithLibrary" name="test_srai_latlng_to_cell" time="0.000"><skipped type="pytest.skip" message="SRAI library not installed">/Users/4d/Documents/GitHub/GEO-INFER/GEO-INFER-SPACE/tests/unit/test_backends_comprehensive.py:313: SRAI library not installed</skipped></testcase><testcase classname="unit.test_backends_comprehensive.TestSRAIBackendWithLibrary" name="test_srai_cell_to_latlng" time="0.000"><skipped type="pytest.skip" message="SRAI library not installed">/Users/4d/Documents/GitHub/GEO-INFER/GEO-INFER-SPACE/tests/unit/test_backends_comprehensive.py:321: SRAI library not installed</skipped></testcase><testcase classname="unit.test_backends_comprehensive.TestUnifiedInterface" name="test_dispatch_to_h3" time="0.000" /><testcase classname="unit.test_backends_comprehensive.TestUnifiedInterface" name="test_dispatch_default_backend" time="0.000" /><testcase classname="unit.test_backends_comprehensive.TestUnifiedInterface" name="test_convenience_functions" time="0.000" /><testcase classname="unit.test_backends_comprehensive.TestErrorHandling" name="test_h3_invalid_cell" time="0.000" /><testcase classname="unit.test_backends_comprehensive.TestErrorHandling" name="test_h3_invalid_resolution" time="0.000" /><testcase classname="unit.test_backends_comprehensive.TestErrorHandling" name="test_srai_unavailable_error" time="0.000" /><testcase classname="unit.test_backends_comprehensive.TestErrorHandling" name="test_h3_unavailable_error" time="0.000" /><testcase classname="unit.test_backends_comprehensive.TestProtocolCompliance" name="test_h3_implements_indexing_protocol" time="0.000" /><testcase classname="unit.test_backends_comprehensive.TestProtocolCompliance" name="test_h3_implements_analytics_protocol" time="0.000" /><testcase classname="unit.test_backends_comprehensive.TestProtocolCompliance" name="test_srai_implements_protocols" time="0.000" /><testcase classname="unit.test_backends_comprehensive.TestIntegration" name="test_full_spatial_workflow" time="0.001" /><testcase classname="unit.test_backends_comprehensive.TestIntegration" name="test_neighbor_chain" time="0.000" /><testcase classname="unit.test_dispatch_comprehensive.TestDispatcherInitialization" name="test_dispatcher_creation" time="0.000" /><testcase classname="unit.test_dispatch_comprehensive.TestDispatcherInitialization" name="test_h3_backend_auto_loaded" time="0.000" /><testcase classname="unit.test_dispatch_comprehensive.TestDispatcherInitialization" name="test_get_backend_by_name" time="0.000" /><testcase classname="unit.test_dispatch_comprehensive.TestDispatcherInitialization" name="test_get_nonexistent_backend" time="0.000" /><testcase classname="unit.test_dispatch_comprehensive.TestDispatcherInitialization" name="test_backend_info" time="0.000" /><testcase classname="unit.test_dispatch_comprehensive.TestGlobalDispatcher" name="test_get_global_dispatcher" time="0.000" /><testcase classname="unit.test_dispatch_comprehensive.TestGlobalDispatcher" name="test_reset_dispatcher" time="0.000" /><testcase classname="unit.test_dispatch_comprehensive.TestDefaultBackendConfiguration" name="test_set_default_backend" time="0.000" /><testcase classname="unit.test_dispatch_comprehensive.TestDefaultBackendConfiguration" name="test_default_backend_fallback" time="0.000" /><testcase classname="unit.test_dispatch_comprehensive.TestDefaultBackendConfiguration" name="test_set_invalid_default_backend" time="0.000" /><testcase classname="unit.test_dispatch_comprehensive.TestIndexingOperationDispatch" name="test_dispatch_latlng_to_cell" time="0.000" /><testcase classname="unit.test_dispatch_comprehensive.TestIndexingOperationDispatch" name="test_dispatch_cell_to_latlng" time="0.000" /><testcase classname="unit.test_dispatch_comprehensive.TestIndexingOperationDispatch" name="test_dispatch_get_neighbors" time="0.001" /><testcase classname="unit.test_dispatch_comprehensive.TestIndexingOperationDispatch" name="test_dispatch_get_cell_parent" time="0.000" /><testcase classname="unit.test_dispatch_comprehensive.TestIndexingOperationDispatch" name="test_dispatch_get_cell_children" time="0.000" /><testcase classname="unit.test_dispatch_comprehensive.TestIndexingOperationDispatch" name="test_dispatch_compact_uncompact" time="0.000" /><testcase classname="unit.test_dispatch_comprehensive.TestIndexingOperationDispatch" name="test_dispatch_unknown_operation" time="0.000" /><testcase classname="unit.test_dispatch_comprehensive.TestIndexingOperationDispatch" name="test_dispatch_with_explicit_backend" time="0.000" /><testcase classname="unit.test_dispatch_comprehensive.TestAnalyticsOperationDispatch" name="test_dispatch_analyze_hotspots" time="0.001" /><testcase classname="unit.test_dispatch_comprehensive.TestAnalyticsOperationDispatch" name="test_dispatch_compute_proximity" time="0.000" /><testcase classname="unit.test_dispatch_comprehensive.TestAnalyticsOperationDispatch" name="test_dispatch_find_clusters" time="0.000" /><testcase classname="unit.test_dispatch_comprehensive.TestAnalyticsOperationDispatch" name="test_dispatch_calculate_density" time="0.001" /><testcase classname="unit.test_dispatch_comprehensive.TestAnalyticsOperationDispatch" name="test_dispatch_spatial_join" time="0.000" /><testcase classname="unit.test_dispatch_comprehensive.TestAnalyticsOperationDispatch" name="test_dispatch_interpolate_values" time="0.000" /><testcase classname="unit.test_dispatch_comprehensive.TestAnalyticsOperationDispatch" name="test_dispatch_unknown_analytics_operation" time="0.000" /><testcase classname="unit.test_dispatch_comprehensive.TestBackendSwitching" name="test_operation_same_across_backends" time="0.000" /><testcase classname="unit.test_dispatch_comprehensive.TestBackendSwitching" name="test_backend_capabilities_match_operations" time="0.000" /><testcase classname="unit.test_dispatch_comprehensive.TestEndToEndDispatchWorkflow" name="test_complete_spatial_analysis_workflow" time="0.000" /><testcase classname="unit.test_gis_submodule" name="test_gis_manager_initialization" time="0.000" /><testcase classname="unit.test_gis_submodule" name="test_coordinate_transformation" time="0.001" /><testcase classname="unit.test_gis_submodule" name="test_buffer_analysis" time="0.010" /><testcase classname="unit.test_gis_submodule" name="test_calculate_distance" time="0.001" /><testcase classname="unit.test_h3_enhanced.TestValidation" name="test_is_valid_cell_valid" time="0.000" /><testcase classname="unit.test_h3_enhanced.TestValidation" name="test_is_valid_cell_invalid" time="0.000" /><testcase classname="unit.test_h3_enhanced.TestValidation" name="test_validate_resolution_valid" time="0.000" /><testcase classname="unit.test_h3_enhanced.TestValidation" name="test_validate_resolution_invalid" time="0.000" /><testcase classname="unit.test_h3_enhanced.TestValidation" name="test_validate_resolution_non_integer" time="0.000" /><testcase classname="unit.test_h3_enhanced.TestValidation" name="test_validate_coordinates_valid" time="0.000" /><testcase classname="unit.test_h3_enhanced.TestValidation" name="test_validate_coordinates_poles" time="0.001" /><testcase classname="unit.test_h3_enhanced.TestValidation" name="test_validate_coordinates_dateline" time="0.001" /><testcase classname="unit.test_h3_enhanced.TestValidation" name="test_validate_coordinates_invalid" time="0.000" /><testcase classname="unit.test_h3_enhanced.TestCellProperties" name="test_are_neighbors_adjacent" time="0.001" /><testcase classname="unit.test_h3_enhanced.TestCellProperties" name="test_are_neighbors_non_adjacent" time="0.002" /><testcase classname="unit.test_h3_enhanced.TestCellProperties" name="test_is_pentagon_hexagon" time="0.001" /><testcase classname="unit.test_h3_enhanced.TestCellProperties" name="test_is_pentagon_actual_pentagon" time="0.001" /><testcase classname="unit.test_h3_enhanced.TestCellProperties" name="test_is_res_class_iii" time="0.000" /><testcase classname="unit.test_h3_enhanced.TestCellProperties" name="test_get_base_cell" time="0.000" /><testcase classname="unit.test_h3_enhanced.TestCellProperties" name="test_get_icosahedron_faces" time="0.000" /><testcase classname="unit.test_h3_enhanced.TestPentagons" name="test_get_pentagons_count" time="0.000" /><testcase classname="unit.test_h3_enhanced.TestPentagons" name="test_get_pentagons_are_valid" time="0.000" /><testcase classname="unit.test_h3_enhanced.TestPentagons" name="test_get_pentagons_invalid_resolution" time="0.000" /><testcase classname="unit.test_h3_enhanced.TestResolutionConversion" name="test_get_cells_at_resolution_same" time="0.042" /><testcase classname="unit.test_h3_enhanced.TestResolutionConversion" name="test_get_cells_at_resolution_coarser" time="0.000" /><testcase classname="unit.test_h3_enhanced.TestResolutionConversion" name="test_get_cells_at_resolution_finer" time="0.000" /><testcase classname="unit.test_h3_enhanced.TestDirectedEdges" name="test_get_directed_edge" time="0.000" /><testcase classname="unit.test_h3_enhanced.TestDirectedEdges" name="test_get_directed_edge_non_neighbors" time="0.000" /><testcase classname="unit.test_h3_enhanced.TestDirectedEdges" name="test_edge_to_cells" time="0.000" /><testcase classname="unit.test_h3_enhanced.TestDirectedEdges" name="test_get_cell_edges" time="0.001" /><testcase classname="unit.test_h3_enhanced.TestDirectedEdges" name="test_get_cell_edges_pentagon" time="0.001" /><testcase classname="unit.test_h3_enhanced.TestDirectedEdges" name="test_get_edge_boundary" time="0.000" /><testcase classname="unit.test_h3_enhanced.TestLocalIJCoordinates" name="test_cell_to_local_ij" time="0.000" /><testcase classname="unit.test_h3_enhanced.TestLocalIJCoordinates" name="test_local_ij_to_cell" time="0.000" /><testcase classname="unit.test_h3_enhanced.TestLocalIJCoordinates" name="test_local_ij_roundtrip" time="0.000" /><testcase classname="unit.test_h3_enhanced.TestGeometricCalculations" name="test_great_circle_distance_same_point" time="0.000" /><testcase classname="unit.test_h3_enhanced.TestGeometricCalculations" name="test_great_circle_distance_known" time="0.000" /><testcase classname="unit.test_h3_enhanced.TestGeometricCalculations" name="test_great_circle_distance_units" time="0.000" /><testcase classname="unit.test_h3_enhanced.TestGeometricCalculations" name="test_cell_to_geodesic_area" time="0.000" /><testcase classname="unit.test_h3_enhanced.TestGeometricCalculations" name="test_average_edge_length" time="0.000" /><testcase classname="unit.test_h3_enhanced.TestGeometricCalculations" name="test_line_to_cells" time="0.000" /><testcase classname="unit.test_h3_enhanced.TestGeometricCalculations" name="test_point_distance_to_cell_center" time="0.000" /><testcase classname="unit.test_h3_enhanced.TestGeometricCalculations" name="test_get_resolution_stats" time="0.000" /><testcase classname="unit.test_h3_enhanced.TestComprehensiveValidation" name="test_validate_cell_set_all_valid" time="0.000" /><testcase classname="unit.test_h3_enhanced.TestComprehensiveValidation" name="test_validate_cell_set_with_invalid" time="0.000" /><testcase classname="unit.test_h3_enhanced.TestComprehensiveValidation" name="test_validate_cell_set_uniform_resolution" time="0.000" /><testcase classname="unit.test_h3_enhanced.TestComprehensiveValidation" name="test_validate_cell_set_mixed_resolution" time="0.000" /><testcase classname="unit.test_h3_enhanced.TestComprehensiveValidation" name="test_validate_cell_set_with_pentagon" time="0.000" /><testcase classname="unit.test_h3_enhanced.TestEdgeCases" name="test_cells_at_poles" time="0.000" /><testcase classname="unit.test_h3_enhanced.TestEdgeCases" name="test_cells_at_dateline" time="0.000" /><testcase classname="unit.test_h3_enhanced.TestEdgeCases" name="test_empty_cell_list" time="0.000" /><testcase classname="unit.test_io_modules.TestVectorIOImports" name="test_vector_reader_class_exists" time="0.198" /><testcase classname="unit.test_io_modules.TestVectorIOImports" name="test_vector_writer_class_exists" time="0.001" /><testcase classname="unit.test_io_modules.TestVectorIOImports" name="test_supported_vector_formats_importable" time="0.001" /><testcase classname="unit.test_io_modules.TestVectorIOImports" name="test_detect_vector_format_importable" time="0.000" /><testcase classname="unit.test_io_modules.TestVectorIOImports" name="test_convenience_functions_importable" time="0.000" /><testcase classname="unit.test_io_modules.TestSupportedVectorFormats" name="test_returns_dict" time="0.000" /><testcase classname="unit.test_io_modules.TestSupportedVectorFormats" name="test_contains_geojson" time="0.000" /><testcase classname="unit.test_io_modules.TestSupportedVectorFormats" name="test_contains_shapefile" time="0.000" /><testcase classname="unit.test_io_modules.TestSupportedVectorFormats" name="test_contains_geopackage" time="0.000" /><testcase classname="unit.test_io_modules.TestSupportedVectorFormats" name="test_contains_csv" time="0.000" /><testcase classname="unit.test_io_modules.TestSupportedVectorFormats" name="test_contains_parquet" time="0.000" /><testcase classname="unit.test_io_modules.TestSupportedVectorFormats" name="test_returns_copy_not_original" time="0.000" /><testcase classname="unit.test_io_modules.TestDetectVectorFormat" name="test_geojson_detected" time="0.000" /><testcase classname="unit.test_io_modules.TestDetectVectorFormat" name="test_json_detected_as_geojson" time="0.000" /><testcase classname="unit.test_io_modules.TestDetectVectorFormat" name="test_shp_detected" time="0.000" /><testcase classname="unit.test_io_modules.TestDetectVectorFormat" name="test_gpkg_detected" time="0.000" /><testcase classname="unit.test_io_modules.TestDetectVectorFormat" name="test_kml_detected" time="0.000" /><testcase classname="unit.test_io_modules.TestDetectVectorFormat" name="test_unknown_extension_returns_none" time="0.000" /><testcase classname="unit.test_io_modules.TestDetectVectorFormat" name="test_case_insensitive_via_path" time="0.000" /><testcase classname="unit.test_io_modules.TestDetectVectorFormat" name="test_parquet_detected" time="0.000" /><testcase classname="unit.test_io_modules.TestVectorReaderWriter" name="test_reader_instantiation" time="0.000" /><testcase classname="unit.test_io_modules.TestVectorReaderWriter" name="test_writer_instantiation" time="0.000" /><testcase classname="unit.test_io_modules.TestVectorReaderWriter" name="test_reader_raises_file_not_found" time="0.000" /><testcase classname="unit.test_io_modules.TestVectorReaderWriter" name="test_reader_raises_value_error_for_unsupported_format" time="0.001" /><testcase classname="unit.test_io_modules.TestVectorReaderWriter" name="test_writer_raises_value_error_for_unsupported_format" time="0.001" /><testcase classname="unit.test_io_modules.TestRasterIOImports" name="test_raster_reader_class_exists" time="0.000" /><testcase classname="unit.test_io_modules.TestRasterIOImports" name="test_raster_writer_class_exists" time="0.000" /><testcase classname="unit.test_io_modules.TestRasterIOImports" name="test_convenience_functions_importable" time="0.000" /><testcase classname="unit.test_io_modules.TestSupportedRasterFormats" name="test_returns_dict" time="0.001" /><testcase classname="unit.test_io_modules.TestSupportedRasterFormats" name="test_contains_geotiff" time="0.000" /><testcase classname="unit.test_io_modules.TestSupportedRasterFormats" name="test_contains_tiff_variant" time="0.000" /><testcase classname="unit.test_io_modules.TestSupportedRasterFormats" name="test_contains_cog" time="0.000" /><testcase classname="unit.test_io_modules.TestSupportedRasterFormats" name="test_contains_netcdf" time="0.000" /><testcase classname="unit.test_io_modules.TestSupportedRasterFormats" name="test_contains_png" time="0.000" /><testcase classname="unit.test_io_modules.TestSupportedRasterFormats" name="test_contains_jpeg" time="0.000" /><testcase classname="unit.test_io_modules.TestSupportedRasterFormats" name="test_contains_hdf5" time="0.000" /><testcase classname="unit.test_io_modules.TestSupportedRasterFormats" name="test_returns_copy_not_original" time="0.000" /><testcase classname="unit.test_io_modules.TestRasterReaderErrors" name="test_read_missing_file_raises_file_not_found" time="0.000" /><testcase classname="unit.test_io_modules.TestRasterReaderErrors" name="test_read_unsupported_format_raises_value_error" time="0.001" /><testcase classname="unit.test_io_modules.TestRasterWriterDirectoryCreation" name="test_write_creates_parent_directory" time="0.097" /><testcase classname="unit.test_io_modules.TestRasterWriterDirectoryCreation" name="test_write_unsupported_format_raises_value_error" time="0.001" /><testcase classname="unit.test_io_modules.TestRasterWriterDirectoryCreation" name="test_write_rejects_4d_array" time="0.001" /><testcase classname="unit.test_io_modules.TestRasterRoundTrip" name="test_single_band_round_trip" time="0.026" /><testcase classname="unit.test_io_modules.TestRasterRoundTrip" name="test_multi_band_round_trip" time="0.004" /><testcase classname="unit.test_io_modules.TestRasterRoundTrip" name="test_nodata_preserved" time="0.003" /><testcase classname="unit.test_io_modules.TestRasterRoundTrip" name="test_write_from_dict" time="0.003" /><testcase classname="unit.test_io_modules.TestRasterRoundTrip" name="test_read_metadata_only" time="0.003" /><testcase classname="unit.test_io_modules.TestPointCloudIOImports" name="test_point_cloud_reader_class_exists" time="0.000" /><testcase classname="unit.test_io_modules.TestPointCloudIOImports" name="test_point_cloud_writer_class_exists" time="0.000" /><testcase classname="unit.test_io_modules.TestPointCloudIOImports" name="test_convenience_functions_importable" time="0.000" /><testcase classname="unit.test_io_modules.TestSupportedPointCloudFormats" name="test_returns_dict" time="0.000" /><testcase classname="unit.test_io_modules.TestSupportedPointCloudFormats" name="test_contains_las" time="0.000" /><testcase classname="unit.test_io_modules.TestSupportedPointCloudFormats" name="test_contains_laz" time="0.000" /><testcase classname="unit.test_io_modules.TestSupportedPointCloudFormats" name="test_contains_ply" time="0.000" /><testcase classname="unit.test_io_modules.TestSupportedPointCloudFormats" name="test_contains_xyz" time="0.000" /><testcase classname="unit.test_io_modules.TestSupportedPointCloudFormats" name="test_contains_csv" time="0.000" /><testcase classname="unit.test_io_modules.TestSupportedPointCloudFormats" name="test_returns_copy" time="0.000" /><testcase classname="unit.test_io_modules.TestPointCloudValidation" name="test_rejects_1d_array" time="0.001" /><testcase classname="unit.test_io_modules.TestPointCloudValidation" name="test_rejects_2_column_array" time="0.001" /><testcase classname="unit.test_io_modules.TestPointCloudValidation" name="test_rejects_3d_array" time="0.001" /><testcase classname="unit.test_io_modules.TestPointCloudValidation" name="test_rejects_unsupported_format" time="0.001" /><testcase classname="unit.test_io_modules.TestPointCloudValidation" name="test_reader_missing_file" time="0.000" /><testcase classname="unit.test_io_modules.TestPointCloudValidation" name="test_reader_unsupported_format" time="0.001" /><testcase classname="unit.test_io_modules.TestXYZRoundTrip" name="test_xyz_basic_round_trip" time="0.004" /><testcase classname="unit.test_io_modules.TestXYZRoundTrip" name="test_xyz_with_intensities" time="0.002" /><testcase classname="unit.test_io_modules.TestXYZRoundTrip" name="test_xyz_with_classifications" time="0.001" /><testcase classname="unit.test_io_modules.TestXYZRoundTrip" name="test_xyz_creates_parent_dir" time="0.001" /><testcase classname="unit.test_io_modules.TestXYZRoundTrip" name="test_xyz_single_point" time="0.001" /><testcase classname="unit.test_io_modules.TestCSVRoundTrip" name="test_csv_basic_round_trip" time="0.002" /><testcase classname="unit.test_io_modules.TestCSVRoundTrip" name="test_csv_with_intensities_and_classifications" time="0.002" /><testcase classname="unit.test_io_modules.TestCSVRoundTrip" name="test_csv_with_colors" time="0.001" /><testcase classname="unit.test_io_modules.TestCSVRoundTrip" name="test_csv_header_present" time="0.001" /><testcase classname="unit.test_io_modules.TestCSVRoundTrip" name="test_csv_metadata_includes_headers" time="0.001" /><testcase classname="unit.test_io_modules.TestPLYRoundTrip" name="test_ply_binary_round_trip" time="0.001" /><testcase classname="unit.test_io_modules.TestPLYRoundTrip" name="test_ply_ascii_round_trip" time="0.002" /><testcase classname="unit.test_io_modules.TestPLYRoundTrip" name="test_ply_with_colors" time="0.004" /><testcase classname="unit.test_io_modules.TestPLYRoundTrip" name="test_ply_with_classifications" time="0.014" /><testcase classname="unit.test_io_modules.TestPLYRoundTrip" name="test_ply_with_intensities" time="0.009" /><testcase classname="unit.test_io_modules.TestPLYRoundTrip" name="test_ply_with_all_attributes" time="0.003" /><testcase classname="unit.test_io_modules.TestPLYRoundTrip" name="test_ply_header_contains_properties" time="0.001" /><testcase classname="unit.test_io_modules.TestPLYRoundTrip" name="test_ply_metadata_bounds" time="0.001" /><testcase classname="unit.test_io_modules.TestPointCloudConvenienceFunctions" name="test_write_then_read_xyz" time="0.002" /><testcase classname="unit.test_io_modules.TestPointCloudConvenienceFunctions" name="test_write_then_read_csv" time="0.001" /><testcase classname="unit.test_io_modules.TestFormatHandlerABC" name="test_cannot_instantiate_directly" time="0.001" /><testcase classname="unit.test_io_modules.TestFormatHandlerABC" name="test_has_abstract_methods" time="0.001" /><testcase classname="unit.test_io_modules.TestFormatHandlerABC" name="test_format_name_is_abstract" time="0.001" /><testcase classname="unit.test_io_modules.TestGeoJSONHandler" name="test_can_handle_geojson_extension" time="0.001" /><testcase classname="unit.test_io_modules.TestGeoJSONHandler" name="test_can_handle_json_extension" time="0.000" /><testcase classname="unit.test_io_modules.TestGeoJSONHandler" name="test_cannot_handle_shp" time="0.001" /><testcase classname="unit.test_io_modules.TestGeoJSONHandler" name="test_cannot_handle_tif" time="0.001" /><testcase classname="unit.test_io_modules.TestGeoJSONHandler" name="test_format_name" time="0.001" /><testcase classname="unit.test_io_modules.TestGeoJSONHandler" name="test_extensions_attribute" time="0.000" /><testcase classname="unit.test_io_modules.TestShapefileHandler" name="test_can_handle_shp" time="0.000" /><testcase classname="unit.test_io_modules.TestShapefileHandler" name="test_cannot_handle_geojson" time="0.000" /><testcase classname="unit.test_io_modules.TestShapefileHandler" name="test_cannot_handle_tif" time="0.002" /><testcase classname="unit.test_io_modules.TestShapefileHandler" name="test_format_name" time="0.002" /><testcase classname="unit.test_io_modules.TestShapefileHandler" name="test_extensions_attribute" time="0.000" /><testcase classname="unit.test_io_modules.TestGeoTIFFHandler" name="test_can_handle_tif" time="0.000" /><testcase classname="unit.test_io_modules.TestGeoTIFFHandler" name="test_can_handle_tiff" time="0.001" /><testcase classname="unit.test_io_modules.TestGeoTIFFHandler" name="test_can_handle_geotiff" time="0.001" /><testcase classname="unit.test_io_modules.TestGeoTIFFHandler" name="test_cannot_handle_geojson" time="0.001" /><testcase classname="unit.test_io_modules.TestGeoTIFFHandler" name="test_cannot_handle_las" time="0.000" /><testcase classname="unit.test_io_modules.TestGeoTIFFHandler" name="test_format_name" time="0.000" /><testcase classname="unit.test_io_modules.TestGeoTIFFHandler" name="test_extensions_attribute" time="0.001" /><testcase classname="unit.test_io_modules.TestCOGHandler" name="test_inherits_from_geotiff_handler" time="0.000" /><testcase classname="unit.test_io_modules.TestCOGHandler" name="test_can_handle_tif" time="0.000" /><testcase classname="unit.test_io_modules.TestCOGHandler" name="test_can_handle_tiff" time="0.000" /><testcase classname="unit.test_io_modules.TestCOGHandler" name="test_format_name" time="0.000" /><testcase classname="unit.test_io_modules.TestLASHandler" name="test_can_handle_las" time="0.001" /><testcase classname="unit.test_io_modules.TestLASHandler" name="test_can_handle_laz" time="0.001" /><testcase classname="unit.test_io_modules.TestLASHandler" name="test_cannot_handle_tif" time="0.000" /><testcase classname="unit.test_io_modules.TestLASHandler" name="test_cannot_handle_geojson" time="0.000" /><testcase classname="unit.test_io_modules.TestLASHandler" name="test_format_name" time="0.000" /><testcase classname="unit.test_io_modules.TestLASHandler" name="test_extensions_attribute" time="0.001" /><testcase classname="unit.test_io_modules.TestNetCDFHandler" name="test_can_handle_nc" time="0.000" /><testcase classname="unit.test_io_modules.TestNetCDFHandler" name="test_can_handle_nc4" time="0.000" /><testcase classname="unit.test_io_modules.TestNetCDFHandler" name="test_can_handle_netcdf" time="0.000" /><testcase classname="unit.test_io_modules.TestNetCDFHandler" name="test_cannot_handle_tif" time="0.000" /><testcase classname="unit.test_io_modules.TestNetCDFHandler" name="test_cannot_handle_las" time="0.000" /><testcase classname="unit.test_io_modules.TestNetCDFHandler" name="test_format_name" time="0.000" /><testcase classname="unit.test_io_modules.TestNetCDFHandler" name="test_extensions_attribute" time="0.000" /><testcase classname="unit.test_io_modules.TestGetHandlerForPath" name="test_geojson_returns_geojson_handler" time="0.000" /><testcase classname="unit.test_io_modules.TestGetHandlerForPath" name="test_json_returns_geojson_handler" time="0.000" /><testcase classname="unit.test_io_modules.TestGetHandlerForPath" name="test_shp_returns_shapefile_handler" time="0.000" /><testcase classname="unit.test_io_modules.TestGetHandlerForPath" name="test_tif_returns_geotiff_or_cog_handler" time="0.000" /><testcase classname="unit.test_io_modules.TestGetHandlerForPath" name="test_tiff_returns_geotiff_handler" time="0.000" /><testcase classname="unit.test_io_modules.TestGetHandlerForPath" name="test_las_returns_las_handler" time="0.000" /><testcase classname="unit.test_io_modules.TestGetHandlerForPath" name="test_laz_returns_las_handler" time="0.000" /><testcase classname="unit.test_io_modules.TestGetHandlerForPath" name="test_nc_returns_netcdf_handler" time="0.000" /><testcase classname="unit.test_io_modules.TestGetHandlerForPath" name="test_unknown_returns_none" time="0.000" /><testcase classname="unit.test_io_modules.TestGetHandlerForPath" name="test_no_extension_returns_none" time="0.000" /><testcase classname="unit.test_io_modules.TestListSupportedFormats" name="test_returns_dict" time="0.001" /><testcase classname="unit.test_io_modules.TestListSupportedFormats" name="test_keys_are_format_names" time="0.000" /><testcase classname="unit.test_io_modules.TestListSupportedFormats" name="test_values_are_extension_lists" time="0.000" /><testcase classname="unit.test_io_modules.TestIOModuleReExports" name="test_vector_reader_via_io_package" time="0.000" /><testcase classname="unit.test_io_modules.TestIOModuleReExports" name="test_vector_writer_via_io_package" time="0.000" /><testcase classname="unit.test_io_modules.TestIOModuleReExports" name="test_supported_vector_formats_via_io_package" time="0.000" /><testcase classname="unit.test_io_modules.TestIOModuleReExports" name="test_raster_reader_if_available" time="0.000" /><testcase classname="unit.test_io_modules.TestIOModuleReExports" name="test_raster_writer_if_available" time="0.000" /><testcase classname="unit.test_io_modules.TestIOModuleReExports" name="test_point_cloud_reader_if_available" time="0.000" /><testcase classname="unit.test_io_modules.TestIOModuleReExports" name="test_point_cloud_writer_if_available" time="0.000" /><testcase classname="unit.test_io_modules.TestIOModuleReExports" name="test_format_handler_if_available" time="0.000" /><testcase classname="unit.test_io_modules.TestIOModuleReExports" name="test_geojson_handler_if_available" time="0.000" /><testcase classname="unit.test_io_modules.TestIOModuleReExports" name="test_geotiff_handler_if_available" time="0.000" /><testcase classname="unit.test_nested_comprehensive.TestNestedModuleCore" name="test_module_status" time="0.000" /><testcase classname="unit.test_nested_comprehensive.TestNestedModuleCore" name="test_create_nested_system" time="0.001" /><testcase classname="unit.test_nested_comprehensive.TestNestedModuleCore" name="test_nested_grid_basic_operations" time="0.000" /><testcase classname="unit.test_nested_comprehensive.TestNestedModuleCore" name="test_hierarchy_manager" time="0.000" /><testcase classname="unit.test_nested_comprehensive.TestBoundaryManagement" name="test_boundary_detector_creation" time="0.000" /><testcase classname="unit.test_nested_comprehensive.TestBoundaryManagement" name="test_boundary_manager_creation" time="0.000" /><testcase classname="unit.test_nested_comprehensive.TestBoundaryManagement" name="test_boundary_detection_mock" time="0.001" /><testcase classname="unit.test_nested_comprehensive.TestBoundaryManagement" name="test_boundary_types" time="0.000" /><testcase classname="unit.test_nested_comprehensive.TestOperations" name="test_lumping_engine_creation" time="0.000" /><testcase classname="unit.test_nested_comprehensive.TestOperations" name="test_splitting_engine_creation" time="0.000" /><testcase classname="unit.test_nested_comprehensive.TestOperations" name="test_aggregation_engine_creation" time="0.000" /><testcase classname="unit.test_nested_comprehensive.TestOperations" name="test_lumping_strategies" time="0.000" /><testcase classname="unit.test_nested_comprehensive.TestOperations" name="test_splitting_strategies" time="0.000" /><testcase classname="unit.test_nested_comprehensive.TestOperations" name="test_aggregation_functions" time="0.000" /><testcase classname="unit.test_nested_comprehensive.TestMessaging" name="test_message_broker_creation" time="0.000" /><testcase classname="unit.test_nested_comprehensive.TestMessaging" name="test_message_router_creation" time="0.000" /><testcase classname="unit.test_nested_comprehensive.TestMessaging" name="test_message_creation" time="0.000" /><testcase classname="unit.test_nested_comprehensive.TestMessaging" name="test_message_broker_basic_operations" time="0.000" /><testcase classname="unit.test_nested_comprehensive.TestAnalytics" name="test_flow_analyzer_creation" time="0.000" /><testcase classname="unit.test_nested_comprehensive.TestAnalytics" name="test_hierarchy_analyzer_creation" time="0.000" /><testcase classname="unit.test_nested_comprehensive.TestAnalytics" name="test_pattern_detector_creation" time="0.000" /><testcase classname="unit.test_nested_comprehensive.TestIntegration" name="test_full_workflow_mock" time="0.003" /><testcase classname="unit.test_nested_comprehensive.TestIntegration" name="test_h3_integration_real" time="0.001" /><testcase classname="unit.test_spatial_methods" name="test_buffer_analysis" time="0.000" /><testcase classname="unit.test_spatial_methods" name="test_overlay_cells" time="0.000" /><testcase classname="unit.test_spatial_methods" name="test_spatial_filter" time="0.000" /><testcase classname="unit.test_spatial_methods" name="test_aggregate_to_region" time="0.000" /><testcase classname="unit.test_spatial_methods" name="test_disaggregate_to_cells" time="0.000" /><testcase classname="unit.test_spatial_methods" name="test_calculate_coverage" time="0.000" /><testcase classname="unit.test_spatial_methods" name="test_find_spatial_outliers" time="0.000" /><testcase classname="unit.test_spatial_methods" name="test_compute_accessibility" time="0.000" /><testcase classname="unit.test_spatial_methods" name="test_calculate_spatial_weights" time="0.000" /><testcase classname="unit.test_spatial_statistics.TestMoranI" name="test_moran_i_structure" time="0.002" /><testcase classname="unit.test_spatial_statistics.TestMoranI" name="test_moran_i_range" time="0.001" /><testcase classname="unit.test_spatial_statistics.TestMoranI" name="test_moran_i_weight_types" time="0.001" /><testcase classname="unit.test_spatial_statistics.TestMoranI" name="test_moran_i_mismatched_lengths" time="0.001" /><testcase classname="unit.test_spatial_statistics.TestMoranI" name="test_moran_i_too_few_observations" time="0.000" /><testcase classname="unit.test_spatial_statistics.TestGetisOrdG" name="test_getis_ord_structure" time="0.001" /><testcase classname="unit.test_spatial_statistics.TestGetisOrdG" name="test_getis_ord_identifies_hotspots" time="0.000" /><testcase classname="unit.test_spatial_statistics.TestGetisOrdG" name="test_getis_ord_distance_parameter" time="0.001" /><testcase classname="unit.test_spatial_statistics.TestNearestNeighborIndex" name="test_nni_structure" time="0.000" /><testcase classname="unit.test_spatial_statistics.TestNearestNeighborIndex" name="test_nni_pattern_interpretation" time="0.000" /><testcase classname="unit.test_spatial_statistics.TestNearestNeighborIndex" name="test_nni_too_few_cells" time="0.000" /><testcase classname="unit.test_spatial_statistics.TestSummaryStatistics" name="test_summary_structure" time="0.002" /><testcase classname="unit.test_spatial_statistics.TestSummaryStatistics" name="test_summary_accuracy" time="0.001" /><testcase classname="unit.test_spatial_statistics.TestSummaryStatistics" name="test_summary_empty_values" time="0.000" /><testcase classname="unit.test_spatial_statistics.TestVarianceMeanRatio" name="test_vmr_structure" time="0.002" /><testcase classname="unit.test_spatial_statistics.TestVarianceMeanRatio" name="test_vmr_poisson_detection" time="0.001" /><testcase classname="unit.test_spatial_statistics.TestVarianceMeanRatio" name="test_vmr_interpretation" time="0.000" /><testcase classname="unit.test_spatial_statistics.TestQuadratCount" name="test_quadrat_structure" time="0.001" /><testcase classname="unit.test_spatial_statistics.TestQuadratCount" name="test_quadrat_with_values" time="0.000" /><testcase classname="unit.test_spatial_statistics.TestIntegration" name="test_full_spatial_analysis" time="0.002" /><testcase classname="unit.test_spatial_statistics.TestIntegration" name="test_statistics_consistency" time="0.000" /><testcase classname="unit.test_spatial_utils" name="test_transform_coordinates" time="0.001" /><testcase classname="unit.test_spatial_utils" name="test_calculate_distance" time="0.000" /><testcase classname="unit.test_spatial_utils" name="test_find_nearest_point" time="0.000" /><testcase classname="unit.test_spatial_utils" name="test_create_spatial_index" time="0.021" /><testcase classname="unit.test_spatial_utils" name="test_filter_points_by_distance" time="0.000" /><testcase classname="unit.test_spatiotemporal.TestSpatioTemporalAnalyzer" name="test_initialization" time="0.000" /><testcase classname="unit.test_spatiotemporal.TestSpatioTemporalAnalyzer" name="test_analyze_spatial_time_series" time="0.002" /><testcase classname="unit.test_spatiotemporal.TestSpatioTemporalAnalyzer" name="test_analyze_spatial_time_series_empty" time="0.000" /><testcase classname="unit.test_spatiotemporal.TestSpatioTemporalAnalyzer" name="test_detect_spatiotemporal_clusters" time="0.005" /><testcase classname="unit.test_spatiotemporal.TestSpatioTemporalAnalyzer" name="test_compute_space_time_cube" time="0.001" /><testcase classname="unit.test_spatiotemporal.TestSpatioTemporalAnalyzer" name="test_compute_space_time_cube_aggregations" time="0.004" /><testcase classname="unit.test_spatiotemporal.TestSpatioTemporalAnalyzer" name="test_detect_emerging_hotspots" time="0.001" /><testcase classname="unit.test_spatiotemporal.TestSpatioTemporalAnalyzer" name="test_compute_spatiotemporal_autocorrelation" time="0.005" /><testcase classname="unit.test_spatiotemporal.TestSpatioTemporalAnalyzer" name="test_analyze_movement_patterns" time="0.001" /><testcase classname="unit.test_spatiotemporal.TestSpatioTemporalAnalyzer" name="test_kriging_spatiotemporal" time="0.001" /><testcase classname="unit.test_spatiotemporal.TestSpatialMethods" name="test_initialization" time="0.000" /><testcase classname="unit.test_spatiotemporal.TestSpatialMethods" name="test_buffer_analysis" time="0.000" /><testcase classname="unit.test_spatiotemporal.TestSpatialMethods" name="test_overlay_cells_intersection" time="0.000" /><testcase classname="unit.test_spatiotemporal.TestSpatialMethods" name="test_overlay_cells_union" time="0.000" /><testcase classname="unit.test_spatiotemporal.TestSpatialMethods" name="test_spatial_filter_threshold" time="0.000" /><testcase classname="unit.test_spatiotemporal.TestSpatialMethods" name="test_spatial_filter_top_n" time="0.000" /><testcase classname="unit.test_spatiotemporal.TestSpatialMethods" name="test_aggregate_to_region" time="0.000" /><testcase classname="unit.test_spatiotemporal.TestSpatialMethods" name="test_disaggregate_to_cells" time="0.000" /><testcase classname="unit.test_spatiotemporal.TestSpatialMethods" name="test_calculate_coverage" time="0.000" /><testcase classname="unit.test_spatiotemporal.TestSpatialMethods" name="test_find_spatial_outliers" time="0.000" /><testcase classname="unit.test_spatiotemporal.TestSpatialMethods" name="test_compute_accessibility" time="0.000" /><testcase classname="unit.test_spatiotemporal.TestSpatialMethods" name="test_calculate_spatial_weights" time="0.000" /><testcase classname="unit.test_temporal_analytics.TestTemporalAnalyzer" name="test_analyzer_init" time="0.000" /><testcase classname="unit.test_temporal_analytics.TestTemporalAnalyzer" name="test_analyze_temporal_patterns" time="0.001" /><testcase classname="unit.test_temporal_analytics.TestTemporalAnalyzer" name="test_temporal_patterns_different_resolutions" time="0.003" /><testcase classname="unit.test_temporal_analytics.TestTemporalAnalyzer" name="test_insufficient_temporal_data" time="0.001" /><testcase classname="unit.test_temporal_analytics.TestTemporalAnalyzer" name="test_missing_columns" time="0.000" /><testcase classname="unit.test_unified_comprehensive.TestUnifiedSpatialOperations" name="test_coordinate_to_cell_real_locations" time="0.001" /><testcase classname="unit.test_unified_comprehensive.TestUnifiedSpatialOperations" name="test_grid_relationships" time="0.000" /><testcase classname="unit.test_unified_comprehensive.TestUnifiedSpatialOperations" name="test_path_finding_unified" time="0.000" /><testcase classname="unit.test_unified_comprehensive.TestUnifiedSpatialOperations" name="test_polygon_operations" time="0.001" /><testcase classname="unit.test_unified_comprehensive.TestUnifiedSpatialOperations" name="test_cell_metrics" time="0.000" /><testcase classname="unit.test_unified_comprehensive.TestUnifiedSpatialOperations" name="test_compaction" time="0.002" /></testsuite></testsuites>