<?xml version="1.0" encoding="utf-8"?><testsuites name="pytest tests"><testsuite name="pytest" errors="0" failures="1" skipped="5" tests="1223" time="47.015" timestamp="2026-03-17T08:17:16.685002-07:00" hostname="timelock.local"><properties>
[...]
</properties><testcase classname="" name="tests.integration.test_act_agent_ant_coordination" time="0.000"><skipped message="collection skipped">('/Users/4d/Documents/GitHub/GEO-INFER/GEO-INFER-TEST/tests/integration/test_act_agent_ant_coordination.py', 28, 'Skipped: GEO-INFER-AGENT not available')</skipped></testcase><testcase classname="" name="tests.integration.test_ai_space_domain_integration" time="0.000"><skipped message="collection skipped">('/Users/4d/Documents/GitHub/GEO-INFER/GEO-INFER-TEST/tests/integration/test_ai_space_domain_integration.py', 21, 'Skipped: GEO-INFER-AI not available')</skipped></testcase><testcase classname="" name="tests.integration.test_sec_api_app_security" time="0.000"><skipped message="collection skipped">('/Users/4d/Documents/GitHub/GEO-INFER/GEO-INFER-TEST/tests/integration/test_sec_api_app_security.py', 17, 'Skipped: GEO-INFER-SEC not available')</skipped></testcase><testcase classname="" name="tests.integration.test_space_time_data_integration" time="0.000"><skipped message="collection skipped">('/Users/4d/Documents/GitHub/GEO-INFER/GEO-INFER-TEST/tests/integration/test_space_time_data_integration.py', 31, 'Skipped: GEO-INFER-TIME not available')</skipped></testcase><testcase classname="tests.integration.test_cross_module.TestCrossModuleDataFlow" name="test_sensor_to_spatial_validation" time="0.152" /><testcase classname="tests.integration.test_cross_module.TestCrossModuleDataFlow" name="test_bayesian_validation" time="0.009" /><testcase classname="tests.integration.test_cross_module.TestCrossModuleDataFlow" name="test_performance_validation" time="0.005" /><testcase classname="tests.integration.test_cross_module.TestCrossModuleDataFlow" name="test_quality_controller_comprehensive" time="0.008" /><testcase classname="tests.integration.test_cross_module.TestCrossModuleLogging" name="test_log_integration_with_validators" time="0.004" /><testcase classname="tests.integration.test_cross_module.TestCrossModuleLogging" name="test_reporter_after_validation" time="0.003" /><testcase classname="tests.integration.test_cross_module.TestCrossModuleLogging" name="test_analyzer_after_multiple_tests" time="0.002" /><testcase classname="tests.integration.test_cross_module.TestCrossModuleErrorHandling" name="test_spatial_validator_with_invalid_data" time="0.002" /><testcase classname="tests.integration.test_cross_module.TestCrossModuleErrorHandling" name="test_bayesian_validator_unconverged" time="0.000" /><testcase classname="tests.integration.test_cross_module_workflows.TestSpatialTemporalIntegration" name="test_spatial_temporal_data_fusion" time="0.061" /><testcase classname="tests.integration.test_cross_module_workflows.TestSpatialTemporalIntegration" name="test_h3_temporal_analysis" time="0.029" /><testcase classname="tests.integration.test_cross_module_workflows.TestSpatialTemporalIntegration" name="test_spatial_temporal_interpolation" time="0.008" /><testcase classname="tests.integration.test_cross_module_workflows.TestAgriculturalWorkflow" name="test_precision_agriculture_workflow" time="0.081" /><testcase classname="tests.integration.test_cross_module_workflows.TestAgriculturalWorkflow" name="test_crop_health_monitoring" time="0.019" /><testcase classname="tests.integration.test_cross_module_workflows.TestHealthEpidemiologyWorkflow" name="test_disease_spread_modeling" time="0.048" /><testcase classname="tests.integration.test_cross_module_workflows.TestHealthEpidemiologyWorkflow" name="test_healthcare_accessibility_analysis" time="0.009" /><testcase classname="tests.integration.test_cross_module_workflows.TestEconomicAnalysisWorkflow" name="test_spatial_economic_modeling" time="0.002" /><testcase classname="tests.integration.test_cross_module_workflows.TestLogisticsOptimizationWorkflow" name="test_route_optimization_workflow" time="0.002" /><testcase classname="tests.integration.test_cross_module_workflows.TestCrossModuleDataFlow" name="test_spatial_data_to_ai_workflow" time="0.315" /><testcase classname="tests.integration.test_cross_module_workflows.TestCrossModuleDataFlow" name="test_temporal_data_to_bayesian_workflow" time="0.003" /><testcase classname="tests.integration.test_cross_module_workflows.TestPerformanceIntegration" name="test_large_scale_spatial_temporal_processing" time="1.001" /><testcase classname="tests.integration.test_ecosystem_health.TestModuleDirectoryStructure" name="test_module_directory_exists[ACT]" time="0.001" /><testcase classname="tests.integration.test_ecosystem_health.TestModuleDirectoryStructure" name="test_module_directory_exists[AG]" time="0.000" /><testcase classname="tests.integration.test_ecosystem_health.TestModuleDirectoryStructure" name="test_module_directory_exists[AGENT]" time="0.000" /><testcase classname="tests.integration.test_ecosystem_health.TestModuleDirectoryStructure" name="test_module_directory_exists[AI]" time="0.000" /><testcase classname="tests.integration.test_ecosystem_health.TestModuleDirectoryStructure" name="test_module_directory_exists[ANT]" time="0.000" /><testcase classname="tests.integration.test_ecosystem_health.TestModuleDirectoryStructure" name="test_module_directory_exists[API]" time="0.000" /><testcase classname="tests.integration.test_ecosystem_health.TestModuleDirectoryStructure" name="test_module_directory_exists[APP]" time="0.000" /><testcase classname="tests.integration.test_ecosystem_health.TestModuleDirectoryStructure" name="test_module_directory_exists[ART]" time="0.000" /><testcase classname="tests.integration.test_ecosystem_health.TestModuleDirectoryStructure" name="test_module_directory_exists[BAYES]" time="0.000" /><testcase classname="tests.integration.test_ecosystem_health.TestModuleDirectoryStructure" name="test_module_directory_exists[BIO]" time="0.000" /><testcase classname="tests.integration.test_ecosystem_health.TestModuleDirectoryStructure" name="test_module_directory_exists[CIV]" time="0.000" /><testcase classname="tests.integration.test_ecosystem_health.TestModuleDirectoryStructure" name="test_module_directory_exists[CLIMATE]" time="0.000" /><testcase classname="tests.integration.test_ecosystem_health.TestModuleDirectoryStructure" name="test_module_directory_exists[COG]" time="0.000" /><testcase classname="tests.integration.test_ecosystem_health.TestModuleDirectoryStructure" name="test_module_directory_exists[COMMS]" time="0.000" /><testcase classname="tests.integration.test_ecosystem_health.TestModuleDirectoryStructure" name="test_module_directory_exists[DATA]" time="0.001" /><testcase classname="tests.integration.test_ecosystem_health.TestModuleDirectoryStructure" name="test_module_directory_exists[ECON]" time="0.000" /><testcase classname="tests.integration.test_ecosystem_health.TestModuleDirectoryStructure" name="test_module_directory_exists[EDU]" time="0.000" /><testcase classname="tests.integration.test_ecosystem_health.TestModuleDirectoryStructure" name="test_module_directory_exists[EMERGENCY]" time="0.000" /><testcase classname="tests.integration.test_ecosystem_health.TestModuleDirectoryStructure" name="test_module_directory_exists[ENERGY]" time="0.000" /><testcase classname="tests.integration.test_ecosystem_health.TestModuleDirectoryStructure" name="test_module_directory_exists[EXAMPLES]" time="0.000" /><testcase classname="tests.integration.test_ecosystem_health.TestModuleDirectoryStructure" name="test_module_directory_exists[FOREST]" time="0.000" /><testcase classname="tests.integration.test_ecosystem_health.TestModuleDirectoryStructure" name="test_module_directory_exists[GIT]" time="0.000" /><testcase classname="tests.integration.test_ecosystem_health.TestModuleDirectoryStructure" name="test_module_directory_exists[HEALTH]" time="0.000" /><testcase classname="tests.integration.test_ecosystem_health.TestModuleDirectoryStructure" name="test_module_directory_exists[INTRA]" time="0.000" /><testcase classname="tests.integration.test_ecosystem_health.TestModuleDirectoryStructure" name="test_module_directory_exists[IOT]" time="0.000" /><testcase classname="tests.integration.test_ecosystem_health.TestModuleDirectoryStructure" name="test_module_directory_exists[LOG]" time="0.000" /><testcase classname="tests.integration.test_ecosystem_health.TestModuleDirectoryStructure" name="test_module_directory_exists[MARINE]" time="0.000" /><testcase classname="tests.integration.test_ecosystem_health.TestModuleDirectoryStructure" name="test_module_directory_exists[MATH]" time="0.000" /><testcase classname="tests.integration.test_ecosystem_health.TestModuleDirectoryStructure" name="test_module_directory_exists[METAGOV]" time="0.000" /><testcase classname="tests.integration.test_ecosystem_health.TestModuleDirectoryStructure" name="test_module_directory_exists[NORMS]" time="0.000" /><testcase classname="tests.integration.test_ecosystem_health.TestModuleDirectoryStructure" name="test_module_directory_exists[OPS]" time="0.000" /><testcase classname="tests.integration.test_ecosystem_health.TestModuleDirectoryStructure" name="test_module_directory_exists[ORG]" time="0.000" /><testcase classname="tests.integration.test_ecosystem_health.TestModuleDirectoryStructure" name="test_module_directory_exists[PEP]" time="0.000" /><testcase classname="tests.integration.test_ecosystem_health.TestModuleDirectoryStructure" name="test_module_directory_exists[PLACE]" time="0.000" /><testcase classname="tests.integration.test_ecosystem_health.TestModuleDirectoryStructure" name="test_module_directory_exists[REQ]" time="0.000" /><testcase classname="tests.integration.test_ecosystem_health.TestModuleDirectoryStructure" name="test_module_directory_exists[RISK]" time="0.000" /><testcase classname="tests.integration.test_ecosystem_health.TestModuleDirectoryStructure" name="test_module_directory_exists[SEC]" time="0.000" /><testcase classname="tests.integration.test_ecosystem_health.TestModuleDirectoryStructure" name="test_module_directory_exists[SIM]" time="0.000" /><testcase classname="tests.integration.test_ecosystem_health.TestModuleDirectoryStructure" name="test_module_directory_exists[SPACE]" time="0.000" /><testcase classname="tests.integration.test_ecosystem_health.TestModuleDirectoryStructure" name="test_module_directory_exists[SPM]" time="0.000" /><testcase classname="tests.integration.test_ecosystem_health.TestModuleDirectoryStructure" name="test_module_directory_exists[TEST]" time="0.000" /><testcase classname="tests.integration.test_ecosystem_health.TestModuleDirectoryStructure" name="test_module_directory_exists[TIME]" time="0.000" /><testcase classname="tests.integration.test_ecosystem_health.TestModuleDirectoryStructure" name="test_module_directory_exists[TRANSPORT]" time="0.000" /><testcase classname="tests.integration.test_ecosystem_health.TestModuleDirectoryStructure" name="test_module_directory_exists[WATER]" time="0.001" /><testcase classname="tests.integration.test_ecosystem_health.TestModuleDirectoryStructure" name="test_module_has_readme[ACT]" time="0.000" /><testcase classname="tests.integration.test_ecosystem_health.TestModuleDirectoryStructure" name="test_module_has_readme[AG]" time="0.000" /><testcase classname="tests.integration.test_ecosystem_health.TestModuleDirectoryStructure" name="test_module_has_readme[AGENT]" time="0.000" /><testcase classname="tests.integration.test_ecosystem_health.TestModuleDirectoryStructure" name="test_module_has_readme[AI]" time="0.000" /><testcase classname="tests.integration.test_ecosystem_health.TestModuleDirectoryStructure" name="test_module_has_readme[ANT]" time="0.000" /><testcase classname="tests.integration.test_ecosystem_health.TestModuleDirectoryStructure" name="test_module_has_readme[API]" time="0.001" /><testcase classname="tests.integration.test_ecosystem_health.TestModuleDirectoryStructure" name="test_module_has_readme[APP]" time="0.000" /><testcase classname="tests.integration.test_ecosystem_health.TestModuleDirectoryStructure" name="test_module_has_readme[ART]" time="0.000" /><testcase classname="tests.integration.test_ecosystem_health.TestModuleDirectoryStructure" name="test_module_has_readme[BAYES]" time="0.001" /><testcase classname="tests.integration.test_ecosystem_health.TestModuleDirectoryStructure" name="test_module_has_readme[BIO]" time="0.000" /><testcase classname="tests.integration.test_ecosystem_health.TestModuleDirectoryStructure" name="test_module_has_readme[CIV]" time="0.000" /><testcase classname="tests.integration.test_ecosystem_health.TestModuleDirectoryStructure" name="test_module_has_readme[CLIMATE]" time="0.000" /><testcase classname="tests.integration.test_ecosystem_health.TestModuleDirectoryStructure" name="test_module_has_readme[COG]" time="0.000" /><testcase classname="tests.integration.test_ecosystem_health.TestModuleDirectoryStructure" name="test_module_has_readme[COMMS]" time="0.000" /><testcase classname="tests.integration.test_ecosystem_health.TestModuleDirectoryStructure" name="test_module_has_readme[DATA]" time="0.000" /><testcase classname="tests.integration.test_ecosystem_health.TestModuleDirectoryStructure" name="test_module_has_readme[ECON]" time="0.000" /><testcase classname="tests.integration.test_ecosystem_health.TestModuleDirectoryStructure" name="test_module_has_readme[EDU]" time="0.000" /><testcase classname="tests.integration.test_ecosystem_health.TestModuleDirectoryStructure" name="test_module_has_readme[EMERGENCY]" time="0.000" /><testcase classname="tests.integration.test_ecosystem_health.TestModuleDirectoryStructure" name="test_module_has_readme[ENERGY]" time="0.000" /><testcase classname="tests.integration.test_ecosystem_health.TestModuleDirectoryStructure" name="test_module_has_readme[EXAMPLES]" time="0.000" /><testcase classname="tests.integration.test_ecosystem_health.TestModuleDirectoryStructure" name="test_module_has_readme[FOREST]" time="0.001" /><testcase classname="tests.integration.test_ecosystem_health.TestModuleDirectoryStructure" name="test_module_has_readme[GIT]" time="0.001" /><testcase classname="tests.integration.test_ecosystem_health.TestModuleDirectoryStructure" name="test_module_has_readme[HEALTH]" time="0.000" /><testcase classname="tests.integration.test_ecosystem_health.TestModuleDirectoryStructure" name="test_module_has_readme[INTRA]" time="0.000" /><testcase classname="tests.integration.test_ecosystem_health.TestModuleDirectoryStructure" name="test_module_has_readme[IOT]" time="0.000" /><testcase classname="tests.integration.test_ecosystem_health.TestModuleDirectoryStructure" name="test_module_has_readme[LOG]" time="0.000" /><testcase classname="tests.integration.test_ecosystem_health.TestModuleDirectoryStructure" name="test_module_has_readme[MARINE]" time="0.000" /><testcase classname="tests.integration.test_ecosystem_health.TestModuleDirectoryStructure" name="test_module_has_readme[MATH]" time="0.000" /><testcase classname="tests.integration.test_ecosystem_health.TestModuleDirectoryStructure" name="test_module_has_readme[METAGOV]" time="0.000" /><testcase classname="tests.integration.test_ecosystem_health.TestModuleDirectoryStructure" name="test_module_has_readme[NORMS]" time="0.000" /><testcase classname="tests.integration.test_ecosystem_health.TestModuleDirectoryStructure" name="test_module_has_readme[OPS]" time="0.000" /><testcase classname="tests.integration.test_ecosystem_health.TestModuleDirectoryStructure" name="test_module_has_readme[ORG]" time="0.001" /><testcase classname="tests.integration.test_ecosystem_health.TestModuleDirectoryStructure" name="test_module_has_readme[PEP]" time="0.001" /><testcase classname="tests.integration.test_ecosystem_health.TestModuleDirectoryStructure" name="test_module_has_readme[PLACE]" time="0.000" /><testcase classname="tests.integration.test_ecosystem_health.TestModuleDirectoryStructure" name="test_module_has_readme[REQ]" time="0.000" /><testcase classname="tests.integration.test_ecosystem_health.TestModuleDirectoryStructure" name="test_module_has_readme[RISK]" time="0.000" /><testcase classname="tests.integration.test_ecosystem_health.TestModuleDirectoryStructure" name="test_module_has_readme[SEC]" time="0.000" /><testcase classname="tests.integration.test_ecosystem_health.TestModuleDirectoryStructure" name="test_module_has_readme[SIM]" time="0.001" /><testcase classname="tests.integration.test_ecosystem_health.TestModuleDirectoryStructure" name="test_module_has_readme[SPACE]" time="0.000" /><testcase classname="tests.integration.test_ecosystem_health.TestModuleDirectoryStructure" name="test_module_has_readme[SPM]" time="0.000" /><testcase classname="tests.integration.test_ecosystem_health.TestModuleDirectoryStructure" name="test_module_has_readme[TEST]" time="0.000" /><testcase classname="tests.integration.test_ecosystem_health.TestModuleDirectoryStructure" name="test_module_has_readme[TIME]" time="0.000" /><testcase classname="tests.integration.test_ecosystem_health.TestModuleDirectoryStructure" name="test_module_has_readme[TRANSPORT]" time="0.000" /><testcase classname="tests.integration.test_ecosystem_health.TestModuleDirectoryStructure" name="test_module_has_readme[WATER]" time="0.000" /><testcase classname="tests.integration.test_ecosystem_health.TestModuleDirectoryStructure" name="test_module_has_tests_directory[ACT]" time="0.000" /><testcase classname="tests.integration.test_ecosystem_health.TestModuleDirectoryStructure" name="test_module_has_tests_directory[AG]" time="0.000" /><testcase classname="tests.integration.test_ecosystem_health.TestModuleDirectoryStructure" name="test_module_has_tests_directory[AGENT]" time="0.000" /><testcase classname="tests.integration.test_ecosystem_health.TestModuleDirectoryStructure" name="test_module_has_tests_directory[AI]" time="0.000" /><testcase classname="tests.integration.test_ecosystem_health.TestModuleDirectoryStructure" name="test_module_has_tests_directory[ANT]" time="0.000" /><testcase classname="tests.integration.test_ecosystem_health.TestModuleDirectoryStructure" name="test_module_has_tests_directory[API]" time="0.000" /><testcase classname="tests.integration.test_ecosystem_health.TestModuleDirectoryStructure" name="test_module_has_tests_directory[APP]" time="0.000" /><testcase classname="tests.integration.test_ecosystem_health.TestModuleDirectoryStructure" name="test_module_has_tests_directory[ART]" time="0.000" /><testcase classname="tests.integration.test_ecosystem_health.TestModuleDirectoryStructure" name="test_module_has_tests_directory[BAYES]" time="0.000" /><testcase classname="tests.integration.test_ecosystem_health.TestModuleDirectoryStructure" name="test_module_has_tests_directory[BIO]" time="0.000" /><testcase classname="tests.integration.test_ecosystem_health.TestModuleDirectoryStructure" name="test_module_has_tests_directory[CIV]" time="0.000" /><testcase classname="tests.integration.test_ecosystem_health.TestModuleDirectoryStructure" name="test_module_has_tests_directory[CLIMATE]" time="0.000" /><testcase classname="tests.integration.test_ecosystem_health.TestModuleDirectoryStructure" name="test_module_has_tests_directory[COG]" time="0.000" /><testcase classname="tests.integration.test_ecosystem_health.TestModuleDirectoryStructure" name="test_module_has_tests_directory[COMMS]" time="0.000" /><testcase classname="tests.integration.test_ecosystem_health.TestModuleDirectoryStructure" name="test_module_has_tests_directory[DATA]" time="0.000" /><testcase classname="tests.integration.test_ecosystem_health.TestModuleDirectoryStructure" name="test_module_has_tests_directory[ECON]" time="0.000" /><testcase classname="tests.integration.test_ecosystem_health.TestModuleDirectoryStructure" name="test_module_has_tests_directory[EDU]" time="0.000" /><testcase classname="tests.integration.test_ecosystem_health.TestModuleDirectoryStructure" name="test_module_has_tests_directory[EMERGENCY]" time="0.000" /><testcase classname="tests.integration.test_ecosystem_health.TestModuleDirectoryStructure" name="test_module_has_tests_directory[ENERGY]" time="0.000" /><testcase classname="tests.integration.test_ecosystem_health.TestModuleDirectoryStructure" name="test_module_has_tests_directory[EXAMPLES]" time="0.000" /><testcase classname="tests.integration.test_ecosystem_health.TestModuleDirectoryStructure" name="test_module_has_tests_directory[FOREST]" time="0.000" /><testcase classname="tests.integration.test_ecosystem_health.TestModuleDirectoryStructure" name="test_module_has_tests_directory[GIT]" time="0.000" /><testcase classname="tests.integration.test_ecosystem_health.TestModuleDirectoryStructure" name="test_module_has_tests_directory[HEALTH]" time="0.000" /><testcase classname="tests.integration.test_ecosystem_health.TestModuleDirectoryStructure" name="test_module_has_tests_directory[INTRA]" time="0.000" /><testcase classname="tests.integration.test_ecosystem_health.TestModuleDirectoryStructure" name="test_module_has_tests_directory[IOT]" time="0.000" /><testcase classname="tests.integration.test_ecosystem_health.TestModuleDirectoryStructure" name="test_module_has_tests_directory[LOG]" time="0.000" /><testcase classname="tests.integration.test_ecosystem_health.TestModuleDirectoryStructure" name="test_module_has_tests_directory[MARINE]" time="0.000" /><testcase classname="tests.integration.test_ecosystem_health.TestModuleDirectoryStructure" name="test_module_has_tests_directory[MATH]" time="0.000" /><testcase classname="tests.integration.test_ecosystem_health.TestModuleDirectoryStructure" name="test_module_has_tests_directory[METAGOV]" time="0.000" /><testcase classname="tests.integration.test_ecosystem_health.TestModuleDirectoryStructure" name="test_module_has_tests_directory[NORMS]" time="0.000" /><testcase classname="tests.integration.test_ecosystem_health.TestModuleDirectoryStructure" name="test_module_has_tests_directory[OPS]" time="0.000" /><testcase classname="tests.integration.test_ecosystem_health.TestModuleDirectoryStructure" name="test_module_has_tests_directory[ORG]" time="0.000" /><testcase classname="tests.integration.test_ecosystem_health.TestModuleDirectoryStructure" name="test_module_has_tests_directory[PEP]" time="0.000" /><testcase classname="tests.integration.test_ecosystem_health.TestModuleDirectoryStructure" name="test_module_has_tests_directory[PLACE]" time="0.000" /><testcase classname="tests.integration.test_ecosystem_health.TestModuleDirectoryStructure" name="test_module_has_tests_directory[REQ]" time="0.000" /><testcase classname="tests.integration.test_ecosystem_health.TestModuleDirectoryStructure" name="test_module_has_tests_directory[RISK]" time="0.000" /><testcase classname="tests.integration.test_ecosystem_health.TestModuleDirectoryStructure" name="test_module_has_tests_directory[SEC]" time="0.000" /><testcase classname="tests.integration.test_ecosystem_health.TestModuleDirectoryStructure" name="test_module_has_tests_directory[SIM]" time="0.000" /><testcase classname="tests.integration.test_ecosystem_health.TestModuleDirectoryStructure" name="test_module_has_tests_directory[SPACE]" time="0.000" /><testcase classname="tests.integration.test_ecosystem_health.TestModuleDirectoryStructure" name="test_module_has_tests_directory[SPM]" time="0.000" /><testcase classname="tests.integration.test_ecosystem_health.TestModuleDirectoryStructure" name="test_module_has_tests_directory[TEST]" time="0.000" /><testcase classname="tests.integration.test_ecosystem_health.TestModuleDirectoryStructure" name="test_module_has_tests_directory[TIME]" time="0.000" /><testcase classname="tests.integration.test_ecosystem_health.TestModuleDirectoryStructure" name="test_module_has_tests_directory[TRANSPORT]" time="0.000" /><testcase classname="tests.integration.test_ecosystem_health.TestModuleDirectoryStructure" name="test_module_has_tests_directory[WATER]" time="0.000" /><testcase classname="tests.integration.test_ecosystem_health.TestModuleDirectoryStructure" name="test_module_has_test_files[ACT]" time="0.005" /><testcase classname="tests.integration.test_ecosystem_health.TestModuleDirectoryStructure" name="test_module_has_test_files[AG]" time="0.001" /><testcase classname="tests.integration.test_ecosystem_health.TestModuleDirectoryStructure" name="test_module_has_test_files[AGENT]" time="0.001" /><testcase classname="tests.integration.test_ecosystem_health.TestModuleDirectoryStructure" name="test_module_has_test_files[AI]" time="0.001" /><testcase classname="tests.integration.test_ecosystem_health.TestModuleDirectoryStructure" name="test_module_has_test_files[ANT]" time="0.001" /><testcase classname="tests.integration.test_ecosystem_health.TestModuleDirectoryStructure" name="test_module_has_test_files[API]" time="0.000" /><testcase classname="tests.integration.test_ecosystem_health.TestModuleDirectoryStructure" name="test_module_has_test_files[APP]" time="0.003" /><testcase classname="tests.integration.test_ecosystem_health.TestModuleDirectoryStructure" name="test_module_has_test_files[ART]" time="0.001" /><testcase classname="tests.integration.test_ecosystem_health.TestModuleDirectoryStructure" name="test_module_has_test_files[BAYES]" time="0.001" /><testcase classname="tests.integration.test_ecosystem_health.TestModuleDirectoryStructure" name="test_module_has_test_files[BIO]" time="0.001" /><testcase classname="tests.integration.test_ecosystem_health.TestModuleDirectoryStructure" name="test_module_has_test_files[CIV]" time="0.001" /><testcase classname="tests.integration.test_ecosystem_health.TestModuleDirectoryStructure" name="test_module_has_test_files[CLIMATE]" time="0.001" /><testcase classname="tests.integration.test_ecosystem_health.TestModuleDirectoryStructure" name="test_module_has_test_files[COG]" time="0.001" /><testcase classname="tests.integration.test_ecosystem_health.TestModuleDirectoryStructure" name="test_module_has_test_files[COMMS]" time="0.001" /><testcase classname="tests.integration.test_ecosystem_health.TestModuleDirectoryStructure" name="test_module_has_test_files[DATA]" time="0.001" /><testcase classname="tests.integration.test_ecosystem_health.TestModuleDirectoryStructure" name="test_module_has_test_files[ECON]" time="0.000" /><testcase classname="tests.integration.test_ecosystem_health.TestModuleDirectoryStructure" name="test_module_has_test_files[EDU]" time="0.000" /><testcase classname="tests.integration.test_ecosystem_health.TestModuleDirectoryStructure" name="test_module_has_test_files[EMERGENCY]" time="0.001" /><testcase classname="tests.integration.test_ecosystem_health.TestModuleDirectoryStructure" name="test_module_has_test_files[ENERGY]" time="0.000" /><testcase classname="tests.integration.test_ecosystem_health.TestModuleDirectoryStructure" name="test_module_has_test_files[EXAMPLES]" time="0.001" /><testcase classname="tests.integration.test_ecosystem_health.TestModuleDirectoryStructure" name="test_module_has_test_files[FOREST]" time="0.001" /><testcase classname="tests.integration.test_ecosystem_health.TestModuleDirectoryStructure" name="test_module_has_test_files[GIT]" time="0.000" /><testcase classname="tests.integration.test_ecosystem_health.TestModuleDirectoryStructure" name="test_module_has_test_files[HEALTH]" time="0.000" /><testcase classname="tests.integration.test_ecosystem_health.TestModuleDirectoryStructure" name="test_module_has_test_files[INTRA]" time="0.001" /><testcase classname="tests.integration.test_ecosystem_health.TestModuleDirectoryStructure" name="test_module_has_test_files[IOT]" time="0.001" /><testcase classname="tests.integration.test_ecosystem_health.TestModuleDirectoryStructure" name="test_module_has_test_files[LOG]" time="0.001" /><testcase classname="tests.integration.test_ecosystem_health.TestModuleDirectoryStructure" name="test_module_has_test_files[MARINE]" time="0.001" /><testcase classname="tests.integration.test_ecosystem_health.TestModuleDirectoryStructure" name="test_module_has_test_files[MATH]" time="0.001" /><testcase classname="tests.integration.test_ecosystem_health.TestModuleDirectoryStructure" name="test_module_has_test_files[METAGOV]" time="0.001" /><testcase classname="tests.integration.test_ecosystem_health.TestModuleDirectoryStructure" name="test_module_has_test_files[NORMS]" time="0.001" /><testcase classname="tests.integration.test_ecosystem_health.TestModuleDirectoryStructure" name="test_module_has_test_files[OPS]" time="0.002" /><testcase classname="tests.integration.test_ecosystem_health.TestModuleDirectoryStructure" name="test_module_has_test_files[ORG]" time="0.001" /><testcase classname="tests.integration.test_ecosystem_health.TestModuleDirectoryStructure" name="test_module_has_test_files[PEP]" time="0.001" /><testcase classname="tests.integration.test_ecosystem_health.TestModuleDirectoryStructure" name="test_module_has_test_files[PLACE]" time="0.001" /><testcase classname="tests.integration.test_ecosystem_health.TestModuleDirectoryStructure" name="test_module_has_test_files[REQ]" time="0.001" /><testcase classname="tests.integration.test_ecosystem_health.TestModuleDirectoryStructure" name="test_module_has_test_files[RISK]" time="0.001" /><testcase classname="tests.integration.test_ecosystem_health.TestModuleDirectoryStructure" name="test_module_has_test_files[SEC]" time="0.001" /><testcase classname="tests.integration.test_ecosystem_health.TestModuleDirectoryStructure" name="test_module_has_test_files[SIM]" time="0.001" /><testcase classname="tests.integration.test_ecosystem_health.TestModuleDirectoryStructure" name="test_module_has_test_files[SPACE]" time="0.001" /><testcase classname="tests.integration.test_ecosystem_health.TestModuleDirectoryStructure" name="test_module_has_test_files[SPM]" time="0.001" /><testcase classname="tests.integration.test_ecosystem_health.TestModuleDirectoryStructure" name="test_module_has_test_files[TEST]" time="0.001" /><testcase classname="tests.integration.test_ecosystem_health.TestModuleDirectoryStructure" name="test_module_has_test_files[TIME]" time="0.001" /><testcase classname="tests.integration.test_ecosystem_health.TestModuleDirectoryStructure" name="test_module_has_test_files[TRANSPORT]" time="0.000" /><testcase classname="tests.integration.test_ecosystem_health.TestModuleDirectoryStructure" name="test_module_has_test_files[WATER]" time="0.001" /><testcase classname="tests.integration.test_ecosystem_health.TestTestFileQuality" name="test_test_files_are_parseable[ACT]" time="0.067" /><testcase classname="tests.integration.test_ecosystem_health.TestTestFileQuality" name="test_test_files_are_parseable[AG]" time="0.028" /><testcase classname="tests.integration.test_ecosystem_health.TestTestFileQuality" name="test_test_files_are_parseable[AGENT]" time="0.026" /><testcase classname="tests.integration.test_ecosystem_health.TestTestFileQuality" name="test_test_files_are_parseable[AI]" time="0.029" /><testcase classname="tests.integration.test_ecosystem_health.TestTestFileQuality" name="test_test_files_are_parseable[ANT]" time="0.027" /><testcase classname="tests.integration.test_ecosystem_health.TestTestFileQuality" name="test_test_files_are_parseable[API]" time="0.010" /><testcase classname="tests.integration.test_ecosystem_health.TestTestFileQuality" name="test_test_files_are_parseable[APP]" time="0.008" /><testcase classname="tests.integration.test_ecosystem_health.TestTestFileQuality" name="test_test_files_are_parseable[ART]" time="0.017" /><testcase classname="tests.integration.test_ecosystem_health.TestTestFileQuality" name="test_test_files_are_parseable[BAYES]" time="0.026" /><testcase classname="tests.integration.test_ecosystem_health.TestTestFileQuality" name="test_test_files_are_parseable[BIO]" time="0.012" /><testcase classname="tests.integration.test_ecosystem_health.TestTestFileQuality" name="test_test_files_are_parseable[CIV]" time="0.013" /><testcase classname="tests.integration.test_ecosystem_health.TestTestFileQuality" name="test_test_files_are_parseable[CLIMATE]" time="0.012" /><testcase classname="tests.integration.test_ecosystem_health.TestTestFileQuality" name="test_test_files_are_parseable[COG]" time="0.010" /><testcase classname="tests.integration.test_ecosystem_health.TestTestFileQuality" name="test_test_files_are_parseable[COMMS]" time="0.004" /><testcase classname="tests.integration.test_ecosystem_health.TestTestFileQuality" name="test_test_files_are_parseable[DATA]" time="0.028" /><testcase classname="tests.integration.test_ecosystem_health.TestTestFileQuality" name="test_test_files_are_parseable[ECON]" time="0.013" /><testcase classname="tests.integration.test_ecosystem_health.TestTestFileQuality" name="test_test_files_are_parseable[EDU]" time="0.008" /><testcase classname="tests.integration.test_ecosystem_health.TestTestFileQuality" name="test_test_files_are_parseable[EMERGENCY]" time="0.011" /><testcase classname="tests.integration.test_ecosystem_health.TestTestFileQuality" name="test_test_files_are_parseable[ENERGY]" time="0.006" /><testcase classname="tests.integration.test_ecosystem_health.TestTestFileQuality" name="test_test_files_are_parseable[EXAMPLES]" time="0.005" /><testcase classname="tests.integration.test_ecosystem_health.TestTestFileQuality" name="test_test_files_are_parseable[FOREST]" time="0.007" /><testcase classname="tests.integration.test_ecosystem_health.TestTestFileQuality" name="test_test_files_are_parseable[GIT]" time="0.007" /><testcase classname="tests.integration.test_ecosystem_health.TestTestFileQuality" name="test_test_files_are_parseable[HEALTH]" time="0.020" /><testcase classname="tests.integration.test_ecosystem_health.TestTestFileQuality" name="test_test_files_are_parseable[INTRA]" time="0.009" /><testcase classname="tests.integration.test_ecosystem_health.TestTestFileQuality" name="test_test_files_are_parseable[IOT]" time="0.008" /><testcase classname="tests.integration.test_ecosystem_health.TestTestFileQuality" name="test_test_files_are_parseable[LOG]" time="0.007" /><testcase classname="tests.integration.test_ecosystem_health.TestTestFileQuality" name="test_test_files_are_parseable[MARINE]" time="0.009" /><testcase classname="tests.integration.test_ecosystem_health.TestTestFileQuality" name="test_test_files_are_parseable[MATH]" time="0.024" /><testcase classname="tests.integration.test_ecosystem_health.TestTestFileQuality" name="test_test_files_are_parseable[METAGOV]" time="0.011" /><testcase classname="tests.integration.test_ecosystem_health.TestTestFileQuality" name="test_test_files_are_parseable[NORMS]" time="0.011" /><testcase classname="tests.integration.test_ecosystem_health.TestTestFileQuality" name="test_test_files_are_parseable[OPS]" time="0.018" /><testcase classname="tests.integration.test_ecosystem_health.TestTestFileQuality" name="test_test_files_are_parseable[ORG]" time="0.004" /><testcase classname="tests.integration.test_ecosystem_health.TestTestFileQuality" name="test_test_files_are_parseable[PEP]" time="0.007" /><testcase classname="tests.integration.test_ecosystem_health.TestTestFileQuality" name="test_test_files_are_parseable[PLACE]" time="0.011" /><testcase classname="tests.integration.test_ecosystem_health.TestTestFileQuality" name="test_test_files_are_parseable[REQ]" time="0.003" /><testcase classname="tests.integration.test_ecosystem_health.TestTestFileQuality" name="test_test_files_are_parseable[RISK]" time="0.005" /><testcase classname="tests.integration.test_ecosystem_health.TestTestFileQuality" name="test_test_files_are_parseable[SEC]" time="0.008" /><testcase classname="tests.integration.test_ecosystem_health.TestTestFileQuality" name="test_test_files_are_parseable[SIM]" time="0.003" /><testcase classname="tests.integration.test_ecosystem_health.TestTestFileQuality" name="test_test_files_are_parseable[SPACE]" time="0.029" /><testcase classname="tests.integration.test_ecosystem_health.TestTestFileQuality" name="test_test_files_are_parseable[SPM]" time="0.034" /><testcase classname="tests.integration.test_ecosystem_health.TestTestFileQuality" name="test_test_files_are_parseable[TEST]" time="0.024" /><testcase classname="tests.integration.test_ecosystem_health.TestTestFileQuality" name="test_test_files_are_parseable[TIME]" time="0.021" /><testcase classname="tests.integration.test_ecosystem_health.TestTestFileQuality" name="test_test_files_are_parseable[TRANSPORT]" time="0.006" /><testcase classname="tests.integration.test_ecosystem_health.TestTestFileQuality" name="test_test_files_are_parseable[WATER]" time="0.009" /><testcase classname="tests.integration.test_ecosystem_health.TestTestFileQuality" name="test_test_files_have_docstrings[ACT]" time="0.021" /><testcase classname="tests.integration.test_ecosystem_health.TestTestFileQuality" name="test_test_files_have_docstrings[AG]" time="0.010" /><testcase classname="tests.integration.test_ecosystem_health.TestTestFileQuality" name="test_test_files_have_docstrings[AGENT]" time="0.012" /><testcase classname="tests.integration.test_ecosystem_health.TestTestFileQuality" name="test_test_files_have_docstrings[AI]" time="0.007" /><testcase classname="tests.integration.test_ecosystem_health.TestTestFileQuality" name="test_test_files_have_docstrings[ANT]" time="0.209" /><testcase classname="tests.integration.test_ecosystem_health.TestTestFileQuality" name="test_test_files_have_docstrings[API]" time="0.007" /><testcase classname="tests.integration.test_ecosystem_health.TestTestFileQuality" name="test_test_files_have_docstrings[APP]" time="0.004" /><testcase classname="tests.integration.test_ecosystem_health.TestTestFileQuality" name="test_test_files_have_docstrings[ART]" time="0.005" /><testcase classname="tests.integration.test_ecosystem_health.TestTestFileQuality" name="test_test_files_have_docstrings[BAYES]" time="0.010" /><testcase classname="tests.integration.test_ecosystem_health.TestTestFileQuality" name="test_test_files_have_docstrings[BIO]" time="0.003" /><testcase classname="tests.integration.test_ecosystem_health.TestTestFileQuality" name="test_test_files_have_docstrings[CIV]" time="0.004" /><testcase classname="tests.integration.test_ecosystem_health.TestTestFileQuality" name="test_test_files_have_docstrings[CLIMATE]" time="0.006" /><testcase classname="tests.integration.test_ecosystem_health.TestTestFileQuality" name="test_test_files_have_docstrings[COG]" time="0.008" /><testcase classname="tests.integration.test_ecosystem_health.TestTestFileQuality" name="test_test_files_have_docstrings[COMMS]" time="0.003" /><testcase classname="tests.integration.test_ecosystem_health.TestTestFileQuality" name="test_test_files_have_docstrings[DATA]" time="0.024" /><testcase classname="tests.integration.test_ecosystem_health.TestTestFileQuality" name="test_test_files_have_docstrings[ECON]" time="0.012" /><testcase classname="tests.integration.test_ecosystem_health.TestTestFileQuality" name="test_test_files_have_docstrings[EDU]" time="0.007" /><testcase classname="tests.integration.test_ecosystem_health.TestTestFileQuality" name="test_test_files_have_docstrings[EMERGENCY]" time="0.006" /><testcase classname="tests.integration.test_ecosystem_health.TestTestFileQuality" name="test_test_files_have_docstrings[ENERGY]" time="0.006" /><testcase classname="tests.integration.test_ecosystem_health.TestTestFileQuality" name="test_test_files_have_docstrings[EXAMPLES]" time="0.004" /><testcase classname="tests.integration.test_ecosystem_health.TestTestFileQuality" name="test_test_files_have_docstrings[FOREST]" time="0.006" /><testcase classname="tests.integration.test_ecosystem_health.TestTestFileQuality" name="test_test_files_have_docstrings[GIT]" time="0.006" /><testcase classname="tests.integration.test_ecosystem_health.TestTestFileQuality" name="test_test_files_have_docstrings[HEALTH]" time="0.016" /><testcase classname="tests.integration.test_ecosystem_health.TestTestFileQuality" name="test_test_files_have_docstrings[INTRA]" time="0.005" /><testcase classname="tests.integration.test_ecosystem_health.TestTestFileQuality" name="test_test_files_have_docstrings[IOT]" time="0.006" /><testcase classname="tests.integration.test_ecosystem_health.TestTestFileQuality" name="test_test_files_have_docstrings[LOG]" time="0.004" /><testcase classname="tests.integration.test_ecosystem_health.TestTestFileQuality" name="test_test_files_have_docstrings[MARINE]" time="0.006" /><testcase classname="tests.integration.test_ecosystem_health.TestTestFileQuality" name="test_test_files_have_docstrings[MATH]" time="0.027" /><testcase classname="tests.integration.test_ecosystem_health.TestTestFileQuality" name="test_test_files_have_docstrings[METAGOV]" time="0.007" /><testcase classname="tests.integration.test_ecosystem_health.TestTestFileQuality" name="test_test_files_have_docstrings[NORMS]" time="0.009" /><testcase classname="tests.integration.test_ecosystem_health.TestTestFileQuality" name="test_test_files_have_docstrings[OPS]" time="0.009" /><testcase classname="tests.integration.test_ecosystem_health.TestTestFileQuality" name="test_test_files_have_docstrings[ORG]" time="0.003" /><testcase classname="tests.integration.test_ecosystem_health.TestTestFileQuality" name="test_test_files_have_docstrings[PEP]" time="0.006" /><testcase classname="tests.integration.test_ecosystem_health.TestTestFileQuality" name="test_test_files_have_docstrings[PLACE]" time="0.010" /><testcase classname="tests.integration.test_ecosystem_health.TestTestFileQuality" name="test_test_files_have_docstrings[REQ]" time="0.003" /><testcase classname="tests.integration.test_ecosystem_health.TestTestFileQuality" name="test_test_files_have_docstrings[RISK]" time="0.003" /><testcase classname="tests.integration.test_ecosystem_health.TestTestFileQuality" name="test_test_files_have_docstrings[SEC]" time="0.006" /><testcase classname="tests.integration.test_ecosystem_health.TestTestFileQuality" name="test_test_files_have_docstrings[SIM]" time="0.003" /><testcase classname="tests.integration.test_ecosystem_health.TestTestFileQuality" name="test_test_files_have_docstrings[SPACE]" time="0.027" /><testcase classname="tests.integration.test_ecosystem_health.TestTestFileQuality" name="test_test_files_have_docstrings[SPM]" time="0.025" /><testcase classname="tests.integration.test_ecosystem_health.TestTestFileQuality" name="test_test_files_have_docstrings[TEST]" time="0.021" /><testcase classname="tests.integration.test_ecosystem_health.TestTestFileQuality" name="test_test_files_have_docstrings[TIME]" time="0.021" /><testcase classname="tests.integration.test_ecosystem_health.TestTestFileQuality" name="test_test_files_have_docstrings[TRANSPORT]" time="0.005" /><testcase classname="tests.integration.test_ecosystem_health.TestTestFileQuality" name="test_test_files_have_docstrings[WATER]" time="0.006" /><testcase classname="tests.integration.test_ecosystem_health.TestTestFileQuality" name="test_test_functions_follow_naming[ACT]" time="0.035" /><testcase classname="tests.integration.test_ecosystem_health.TestTestFileQuality" name="test_test_functions_follow_naming[AG]" time="0.012" /><testcase classname="tests.integration.test_ecosystem_health.TestTestFileQuality" name="test_test_functions_follow_naming[AGENT]" time="0.022" /><testcase classname="tests.integration.test_ecosystem_health.TestTestFileQuality" name="test_test_functions_follow_naming[AI]" time="0.009" /><testcase classname="tests.integration.test_ecosystem_health.TestTestFileQuality" name="test_test_functions_follow_naming[ANT]" time="0.025" /><testcase classname="tests.integration.test_ecosystem_health.TestTestFileQuality" name="test_test_functions_follow_naming[API]" time="0.008" /><testcase classname="tests.integration.test_ecosystem_health.TestTestFileQuality" name="test_test_functions_follow_naming[APP]" time="0.005" /><testcase classname="tests.integration.test_ecosystem_health.TestTestFileQuality" name="test_test_functions_follow_naming[ART]" time="0.006" /><testcase classname="tests.integration.test_ecosystem_health.TestTestFileQuality" name="test_test_functions_follow_naming[BAYES]" time="0.118" /><testcase classname="tests.integration.test_ecosystem_health.TestTestFileQuality" name="test_test_functions_follow_naming[BIO]" time="0.004" /><testcase classname="tests.integration.test_ecosystem_health.TestTestFileQuality" name="test_test_functions_follow_naming[CIV]" time="0.007" /><testcase classname="tests.integration.test_ecosystem_health.TestTestFileQuality" name="test_test_functions_follow_naming[CLIMATE]" time="0.009" /><testcase classname="tests.integration.test_ecosystem_health.TestTestFileQuality" name="test_test_functions_follow_naming[COG]" time="0.012" /><testcase classname="tests.integration.test_ecosystem_health.TestTestFileQuality" name="test_test_functions_follow_naming[COMMS]" time="0.003" /><testcase classname="tests.integration.test_ecosystem_health.TestTestFileQuality" name="test_test_functions_follow_naming[DATA]" time="0.033" /><testcase classname="tests.integration.test_ecosystem_health.TestTestFileQuality" name="test_test_functions_follow_naming[ECON]" time="0.017" /><testcase classname="tests.integration.test_ecosystem_health.TestTestFileQuality" name="test_test_functions_follow_naming[EDU]" time="0.010" /><testcase classname="tests.integration.test_ecosystem_health.TestTestFileQuality" name="test_test_functions_follow_naming[EMERGENCY]" time="0.010" /><testcase classname="tests.integration.test_ecosystem_health.TestTestFileQuality" name="test_test_functions_follow_naming[ENERGY]" time="0.007" /><testcase classname="tests.integration.test_ecosystem_health.TestTestFileQuality" name="test_test_functions_follow_naming[EXAMPLES]" time="0.005" /><testcase classname="tests.integration.test_ecosystem_health.TestTestFileQuality" name="test_test_functions_follow_naming[FOREST]" time="0.008" /><testcase classname="tests.integration.test_ecosystem_health.TestTestFileQuality" name="test_test_functions_follow_naming[GIT]" time="0.008" /><testcase classname="tests.integration.test_ecosystem_health.TestTestFileQuality" name="test_test_functions_follow_naming[HEALTH]" time="0.024" /><testcase classname="tests.integration.test_ecosystem_health.TestTestFileQuality" name="test_test_functions_follow_naming[INTRA]" time="0.008" /><testcase classname="tests.integration.test_ecosystem_health.TestTestFileQuality" name="test_test_functions_follow_naming[IOT]" time="0.009" /><testcase classname="tests.integration.test_ecosystem_health.TestTestFileQuality" name="test_test_functions_follow_naming[LOG]" time="0.006" /><testcase classname="tests.integration.test_ecosystem_health.TestTestFileQuality" name="test_test_functions_follow_naming[MARINE]" time="0.011" /><testcase classname="tests.integration.test_ecosystem_health.TestTestFileQuality" name="test_test_functions_follow_naming[MATH]" time="0.030" /><testcase classname="tests.integration.test_ecosystem_health.TestTestFileQuality" name="test_test_functions_follow_naming[METAGOV]" time="0.011" /><testcase classname="tests.integration.test_ecosystem_health.TestTestFileQuality" name="test_test_functions_follow_naming[NORMS]" time="0.019" /><testcase classname="tests.integration.test_ecosystem_health.TestTestFileQuality" name="test_test_functions_follow_naming[OPS]" time="0.015" /><testcase classname="tests.integration.test_ecosystem_health.TestTestFileQuality" name="test_test_functions_follow_naming[ORG]" time="0.005" /><testcase classname="tests.integration.test_ecosystem_health.TestTestFileQuality" name="test_test_functions_follow_naming[PEP]" time="0.008" /><testcase classname="tests.integration.test_ecosystem_health.TestTestFileQuality" name="test_test_functions_follow_naming[PLACE]" time="0.015" /><testcase classname="tests.integration.test_ecosystem_health.TestTestFileQuality" name="test_test_functions_follow_naming[REQ]" time="0.003" /><testcase classname="tests.integration.test_ecosystem_health.TestTestFileQuality" name="test_test_functions_follow_naming[RISK]" time="0.003" /><testcase classname="tests.integration.test_ecosystem_health.TestTestFileQuality" name="test_test_functions_follow_naming[SEC]" time="0.007" /><testcase classname="tests.integration.test_ecosystem_health.TestTestFileQuality" name="test_test_functions_follow_naming[SIM]" time="0.003" /><testcase classname="tests.integration.test_ecosystem_health.TestTestFileQuality" name="test_test_functions_follow_naming[SPACE]" time="0.035" /><testcase classname="tests.integration.test_ecosystem_health.TestTestFileQuality" name="test_test_functions_follow_naming[SPM]" time="0.042" /><testcase classname="tests.integration.test_ecosystem_health.TestTestFileQuality" name="test_test_functions_follow_naming[TEST]" time="0.036" /><testcase classname="tests.integration.test_ecosystem_health.TestTestFileQuality" name="test_test_functions_follow_naming[TIME]" time="0.034" /><testcase classname="tests.integration.test_ecosystem_health.TestTestFileQuality" name="test_test_functions_follow_naming[TRANSPORT]" time="0.007" /><testcase classname="tests.integration.test_ecosystem_health.TestTestFileQuality" name="test_test_functions_follow_naming[WATER]" time="0.008" /><testcase classname="tests.integration.test_ecosystem_health.TestEcosystemStatistics" name="test_total_module_count" time="0.001" /><testcase classname="tests.integration.test_ecosystem_health.TestEcosystemStatistics" name="test_total_test_file_count" time="0.015" /><testcase classname="tests.integration.test_ecosystem_health.TestEcosystemStatistics" name="test_test_discoverer_finds_all_modules" time="0.043" /><testcase classname="tests.integration.test_ecosystem_health.TestSourceStructure" name="test_module_has_src_or_package[ACT]" time="0.000" /><testcase classname="tests.integration.test_ecosystem_health.TestSourceStructure" name="test_module_has_src_or_package[AG]" time="0.000" /><testcase classname="tests.integration.test_ecosystem_health.TestSourceStructure" name="test_module_has_src_or_package[AGENT]" time="0.000" /><testcase classname="tests.integration.test_ecosystem_health.TestSourceStructure" name="test_module_has_src_or_package[AI]" time="0.000" /><testcase classname="tests.integration.test_ecosystem_health.TestSourceStructure" name="test_module_has_src_or_package[ANT]" time="0.000" /><testcase classname="tests.integration.test_ecosystem_health.TestSourceStructure" name="test_module_has_src_or_package[API]" time="0.000" /><testcase classname="tests.integration.test_ecosystem_health.TestSourceStructure" name="test_module_has_src_or_package[APP]" time="0.000" /><testcase classname="tests.integration.test_ecosystem_health.TestSourceStructure" name="test_module_has_src_or_package[ART]" time="0.000" /><testcase classname="tests.integration.test_ecosystem_health.TestSourceStructure" name="test_module_has_src_or_package[BAYES]" time="0.000" /><testcase classname="tests.integration.test_ecosystem_health.TestSourceStructure" name="test_module_has_src_or_package[BIO]" time="0.000" /><testcase classname="tests.integration.test_ecosystem_health.TestSourceStructure" name="test_module_has_src_or_package[CIV]" time="0.000" /><testcase classname="tests.integration.test_ecosystem_health.TestSourceStructure" name="test_module_has_src_or_package[CLIMATE]" time="0.000" /><testcase classname="tests.integration.test_ecosystem_health.TestSourceStructure" name="test_module_has_src_or_package[COG]" time="0.000" /><testcase classname="tests.integration.test_ecosystem_health.TestSourceStructure" name="test_module_has_src_or_package[COMMS]" time="0.000" /><testcase classname="tests.integration.test_ecosystem_health.TestSourceStructure" name="test_module_has_src_or_package[DATA]" time="0.001" /><testcase classname="tests.integration.test_ecosystem_health.TestSourceStructure" name="test_module_has_src_or_package[ECON]" time="0.000" /><testcase classname="tests.integration.test_ecosystem_health.TestSourceStructure" name="test_module_has_src_or_package[EDU]" time="0.000" /><testcase classname="tests.integration.test_ecosystem_health.TestSourceStructure" name="test_module_has_src_or_package[EMERGENCY]" time="0.000" /><testcase classname="tests.integration.test_ecosystem_health.TestSourceStructure" name="test_module_has_src_or_package[ENERGY]" time="0.000" /><testcase classname="tests.integration.test_ecosystem_health.TestSourceStructure" name="test_module_has_src_or_package[EXAMPLES]" time="0.000" /><testcase classname="tests.integration.test_ecosystem_health.TestSourceStructure" name="test_module_has_src_or_package[FOREST]" time="0.000" /><testcase classname="tests.integration.test_ecosystem_health.TestSourceStructure" name="test_module_has_src_or_package[GIT]" time="0.000" /><testcase classname="tests.integration.test_ecosystem_health.TestSourceStructure" name="test_module_has_src_or_package[HEALTH]" time="0.000" /><testcase classname="tests.integration.test_ecosystem_health.TestSourceStructure" name="test_module_has_src_or_package[INTRA]" time="0.000" /><testcase classname="tests.integration.test_ecosystem_health.TestSourceStructure" name="test_module_has_src_or_package[IOT]" time="0.000" /><testcase classname="tests.integration.test_ecosystem_health.TestSourceStructure" name="test_module_has_src_or_package[LOG]" time="0.000" /><testcase classname="tests.integration.test_ecosystem_health.TestSourceStructure" name="test_module_has_src_or_package[MARINE]" time="0.000" /><testcase classname="tests.integration.test_ecosystem_health.TestSourceStructure" name="test_module_has_src_or_package[MATH]" time="0.000" /><testcase classname="tests.integration.test_ecosystem_health.TestSourceStructure" name="test_module_has_src_or_package[METAGOV]" time="0.000" /><testcase classname="tests.integration.test_ecosystem_health.TestSourceStructure" name="test_module_has_src_or_package[NORMS]" time="0.000" /><testcase classname="tests.integration.test_ecosystem_health.TestSourceStructure" name="test_module_has_src_or_package[OPS]" time="0.000" /><testcase classname="tests.integration.test_ecosystem_health.TestSourceStructure" name="test_module_has_src_or_package[ORG]" time="0.000" /><testcase classname="tests.integration.test_ecosystem_health.TestSourceStructure" name="test_module_has_src_or_package[PEP]" time="0.001" /><testcase classname="tests.integration.test_ecosystem_health.TestSourceStructure" name="test_module_has_src_or_package[PLACE]" time="0.000" /><testcase classname="tests.integration.test_ecosystem_health.TestSourceStructure" name="test_module_has_src_or_package[REQ]" time="0.000" /><testcase classname="tests.integration.test_ecosystem_health.TestSourceStructure" name="test_module_has_src_or_package[RISK]" time="0.000" /><testcase classname="tests.integration.test_ecosystem_health.TestSourceStructure" name="test_module_has_src_or_package[SEC]" time="0.000" /><testcase classname="tests.integration.test_ecosystem_health.TestSourceStructure" name="test_module_has_src_or_package[SIM]" time="0.000" /><testcase classname="tests.integration.test_ecosystem_health.TestSourceStructure" name="test_module_has_src_or_package[SPACE]" time="0.000" /><testcase classname="tests.integration.test_ecosystem_health.TestSourceStructure" name="test_module_has_src_or_package[SPM]" time="0.000" /><testcase classname="tests.integration.test_ecosystem_health.TestSourceStructure" name="test_module_has_src_or_package[TEST]" time="0.001" /><testcase classname="tests.integration.test_ecosystem_health.TestSourceStructure" name="test_module_has_src_or_package[TIME]" time="0.000" /><testcase classname="tests.integration.test_ecosystem_health.TestSourceStructure" name="test_module_has_src_or_package[TRANSPORT]" time="0.000" /><testcase classname="tests.integration.test_ecosystem_health.TestSourceStructure" name="test_module_has_src_or_package[WATER]" time="0.000" /><testcase classname="tests.integration.test_ecosystem_health.TestSourceStructure" name="test_module_has_pyproject_or_setup[ACT]" time="0.000" /><testcase classname="tests.integration.test_ecosystem_health.TestSourceStructure" name="test_module_has_pyproject_or_setup[AG]" time="0.000" /><testcase classname="tests.integration.test_ecosystem_health.TestSourceStructure" name="test_module_has_pyproject_or_setup[AGENT]" time="0.000" /><testcase classname="tests.integration.test_ecosystem_health.TestSourceStructure" name="test_module_has_pyproject_or_setup[AI]" time="0.000" /><testcase classname="tests.integration.test_ecosystem_health.TestSourceStructure" name="test_module_has_pyproject_or_setup[ANT]" time="0.000" /><testcase classname="tests.integration.test_ecosystem_health.TestSourceStructure" name="test_module_has_pyproject_or_setup[API]" time="0.000" /><testcase classname="tests.integration.test_ecosystem_health.TestSourceStructure" name="test_module_has_pyproject_or_setup[APP]" time="0.000" /><testcase classname="tests.integration.test_ecosystem_health.TestSourceStructure" name="test_module_has_pyproject_or_setup[ART]" time="0.000" /><testcase classname="tests.integration.test_ecosystem_health.TestSourceStructure" name="test_module_has_pyproject_or_setup[BAYES]" time="0.000" /><testcase classname="tests.integration.test_ecosystem_health.TestSourceStructure" name="test_module_has_pyproject_or_setup[BIO]" time="0.000" /><testcase classname="tests.integration.test_ecosystem_health.TestSourceStructure" name="test_module_has_pyproject_or_setup[CIV]" time="0.000" /><testcase classname="tests.integration.test_ecosystem_health.TestSourceStructure" name="test_module_has_pyproject_or_setup[CLIMATE]" time="0.000" /><testcase classname="tests.integration.test_ecosystem_health.TestSourceStructure" name="test_module_has_pyproject_or_setup[COG]" time="0.000" /><testcase classname="tests.integration.test_ecosystem_health.TestSourceStructure" name="test_module_has_pyproject_or_setup[COMMS]" time="0.000" /><testcase classname="tests.integration.test_ecosystem_health.TestSourceStructure" name="test_module_has_pyproject_or_setup[DATA]" time="0.000" /><testcase classname="tests.integration.test_ecosystem_health.TestSourceStructure" name="test_module_has_pyproject_or_setup[ECON]" time="0.000" /><testcase classname="tests.integration.test_ecosystem_health.TestSourceStructure" name="test_module_has_pyproject_or_setup[EDU]" time="0.000" /><testcase classname="tests.integration.test_ecosystem_health.TestSourceStructure" name="test_module_has_pyproject_or_setup[EMERGENCY]" time="0.000" /><testcase classname="tests.integration.test_ecosystem_health.TestSourceStructure" name="test_module_has_pyproject_or_setup[ENERGY]" time="0.000" /><testcase classname="tests.integration.test_ecosystem_health.TestSourceStructure" name="test_module_has_pyproject_or_setup[EXAMPLES]" time="0.000" /><testcase classname="tests.integration.test_ecosystem_health.TestSourceStructure" name="test_module_has_pyproject_or_setup[FOREST]" time="0.000" /><testcase classname="tests.integration.test_ecosystem_health.TestSourceStructure" name="test_module_has_pyproject_or_setup[GIT]" time="0.000" /><testcase classname="tests.integration.test_ecosystem_health.TestSourceStructure" name="test_module_has_pyproject_or_setup[HEALTH]" time="0.000" /><testcase classname="tests.integration.test_ecosystem_health.TestSourceStructure" name="test_module_has_pyproject_or_setup[INTRA]" time="0.000" /><testcase classname="tests.integration.test_ecosystem_health.TestSourceStructure" name="test_module_has_pyproject_or_setup[IOT]" time="0.000" /><testcase classname="tests.integration.test_ecosystem_health.TestSourceStructure" name="test_module_has_pyproject_or_setup[LOG]" time="0.000" /><testcase classname="tests.integration.test_ecosystem_health.TestSourceStructure" name="test_module_has_pyproject_or_setup[MARINE]" time="0.000" /><testcase classname="tests.integration.test_ecosystem_health.TestSourceStructure" name="test_module_has_pyproject_or_setup[MATH]" time="0.000" /><testcase classname="tests.integration.test_ecosystem_health.TestSourceStructure" name="test_module_has_pyproject_or_setup[METAGOV]" time="0.000" /><testcase classname="tests.integration.test_ecosystem_health.TestSourceStructure" name="test_module_has_pyproject_or_setup[NORMS]" time="0.000" /><testcase classname="tests.integration.test_ecosystem_health.TestSourceStructure" name="test_module_has_pyproject_or_setup[OPS]" time="0.000" /><testcase classname="tests.integration.test_ecosystem_health.TestSourceStructure" name="test_module_has_pyproject_or_setup[ORG]" time="0.000" /><testcase classname="tests.integration.test_ecosystem_health.TestSourceStructure" name="test_module_has_pyproject_or_setup[PEP]" time="0.000" /><testcase classname="tests.integration.test_ecosystem_health.TestSourceStructure" name="test_module_has_pyproject_or_setup[PLACE]" time="0.000" /><testcase classname="tests.integration.test_ecosystem_health.TestSourceStructure" name="test_module_has_pyproject_or_setup[REQ]" time="0.000" /><testcase classname="tests.integration.test_ecosystem_health.TestSourceStructure" name="test_module_has_pyproject_or_setup[RISK]" time="0.000" /><testcase classname="tests.integration.test_ecosystem_health.TestSourceStructure" name="test_module_has_pyproject_or_setup[SEC]" time="0.000" /><testcase classname="tests.integration.test_ecosystem_health.TestSourceStructure" name="test_module_has_pyproject_or_setup[SIM]" time="0.000" /><testcase classname="tests.integration.test_ecosystem_health.TestSourceStructure" name="test_module_has_pyproject_or_setup[SPACE]" time="0.000" /><testcase classname="tests.integration.test_ecosystem_health.TestSourceStructure" name="test_module_has_pyproject_or_setup[SPM]" time="0.000" /><testcase classname="tests.integration.test_ecosystem_health.TestSourceStructure" name="test_module_has_pyproject_or_setup[TEST]" time="0.000" /><testcase classname="tests.integration.test_ecosystem_health.TestSourceStructure" name="test_module_has_pyproject_or_setup[TIME]" time="0.000" /><testcase classname="tests.integration.test_ecosystem_health.TestSourceStructure" name="test_module_has_pyproject_or_setup[TRANSPORT]" time="0.000" /><testcase classname="tests.integration.test_ecosystem_health.TestSourceStructure" name="test_module_has_pyproject_or_setup[WATER]" time="0.000" /><testcase classname="tests.integration.test_module_imports.TestModuleImports" name="test_module_package_importable[ACT-geo_infer_act]" time="0.001" /><testcase classname="tests.integration.test_module_imports.TestModuleImports" name="test_module_package_importable[AG-geo_infer_ag]" time="0.264" /><testcase classname="tests.integration.test_module_imports.TestModuleImports" name="test_module_package_importable[AGENT-geo_infer_agent]" time="0.055" /><testcase classname="tests.integration.test_module_imports.TestModuleImports" name="test_module_package_importable[AI-geo_infer_ai]" time="0.075" /><testcase classname="tests.integration.test_module_imports.TestModuleImports" name="test_module_package_importable[ANT-geo_infer_ant]" time="0.084" /><testcase classname="tests.integration.test_module_imports.TestModuleImports" name="test_module_package_importable[API-geo_infer_api]" time="0.405" /><testcase classname="tests.integration.test_module_imports.TestModuleImports" name="test_module_package_importable[APP-geo_infer_app]" time="0.006" /><testcase classname="tests.integration.test_module_imports.TestModuleImports" name="test_module_package_importable[ART-geo_infer_art]" time="0.035"><failure message="Failed: Unexpected error importing geo_infer_art: name 'tf' is not defined">GEO-INFER-TEST/tests/integration/test_module_imports.py:90: in test_module_package_importable
    mod = importlib.import_module(package)
          ^^^^^^^^^^^^^^^^^^^^^^^^^^^^^^^^
../../../miniforge3/lib/python3.12/importlib/__init__.py:90: in import_module
    return _bootstrap._gcd_import(name[level:], package, level)
           ^^^^^^^^^^^^^^^^^^^^^^^^^^^^^^^^^^^^^^^^^^^^^^^^^^^^
&lt;frozen importlib._bootstrap&gt;:1387: in _gcd_import
    ???
&lt;frozen importlib._bootstrap&gt;:1360: in _find_and_load
    ???
&lt;frozen importlib._bootstrap&gt;:1331: in _find_and_load_unlocked
    ???
&lt;frozen importlib._bootstrap&gt;:935: in _load_unlocked
    ???
&lt;frozen importlib._bootstrap_external&gt;:999: in exec_module
    ???
&lt;frozen importlib._bootstrap&gt;:488: in _call_with_frames_removed
    ???
GEO-INFER-ART/src/geo_infer_art/__init__.py:11: in &lt;module&gt;
    from geo_infer_art.core.visualization import GeoArt, MapStyle
GEO-INFER-ART/src/geo_infer_art/core/visualization/__init__.py:5: in &lt;module&gt;
    from geo_infer_art.core.visualization.geo_art import GeoArt
GEO-INFER-ART/src/geo_infer_art/core/visualization/geo_art.py:16: in &lt;module&gt;
    from geo_infer_art.core.aesthetics import ColorPalette
GEO-INFER-ART/src/geo_infer_art/core/aesthetics/__init__.py:7: in &lt;module&gt;
    from geo_infer_art.core.aesthetics.style_transfer import StyleTransfer
GEO-INFER-ART/src/geo_infer_art/core/aesthetics/style_transfer.py:21: in &lt;module&gt;
    class StyleTransfer:
GEO-INFER-ART/src/geo_infer_art/core/aesthetics/style_transfer.py:182: in StyleTransfer
    def _load_and_preprocess_image(self, image_path: str) -&gt; tf.Tensor:
                                                             ^^
E   NameError: name 'tf' is not defined

During handling of the above exception, another exception occurred:
GEO-INFER-TEST/tests/integration/test_module_imports.py:99: in test_module_package_importable
    pytest.fail(f"Unexpected error importing {package}: {e}")
E   Failed: Unexpected error importing geo_infer_art: name 'tf' is not defined</failure></testcase><testcase classname="tests.integration.test_module_imports.TestModuleImports" name="test_module_package_importable[BAYES-geo_infer_bayes]" time="1.109" /><testcase classname="tests.integration.test_module_imports.TestModuleImports" name="test_module_package_importable[BIO-geo_infer_bio]" time="0.012" /><testcase classname="tests.integration.test_module_imports.TestModuleImports" name="test_module_package_importable[CIV-geo_infer_civ]" time="0.006" /><testcase classname="tests.integration.test_module_imports.TestModuleImports" name="test_module_package_importable[CLIMATE-geo_infer_climate]" time="0.007" /><testcase classname="tests.integration.test_module_imports.TestModuleImports" name="test_module_package_importable[COG-geo_infer_cog]" time="0.739" /><testcase classname="tests.integration.test_module_imports.TestModuleImports" name="test_module_package_importable[COMMS-geo_infer_comms]" time="0.081" /><testcase classname="tests.integration.test_module_imports.TestModuleImports" name="test_module_package_importable[DATA-geo_infer_data]" time="9.497" /><testcase classname="tests.integration.test_module_imports.TestModuleImports" name="test_module_package_importable[ECON-geo_infer_econ]" time="0.494" /><testcase classname="tests.integration.test_module_imports.TestModuleImports" name="test_module_package_importable[EDU-geo_infer_edu]" time="0.032" /><testcase classname="tests.integration.test_module_imports.TestModuleImports" name="test_module_package_importable[EMERGENCY-geo_infer_emergency]" time="0.041" /><testcase classname="tests.integration.test_module_imports.TestModuleImports" name="test_module_package_importable[ENERGY-geo_infer_energy]" time="0.015" /><testcase classname="tests.integration.test_module_imports.TestModuleImports" name="test_module_package_importable[EXAMPLES-geo_infer_examples]" time="0.002" /><testcase classname="tests.integration.test_module_imports.TestModuleImports" name="test_module_package_importable[FOREST-geo_infer_forest]" time="0.010" /><testcase classname="tests.integration.test_module_imports.TestModuleImports" name="test_module_package_importable[GIT-geo_infer_git]" time="0.001" /><testcase classname="tests.integration.test_module_imports.TestModuleImports" name="test_module_package_importable[HEALTH-geo_infer_health]" time="0.030"><skipped type="pytest.skip" message="Optional dependency missing for geo_infer_health: No module named 'loguru'">/Users/4d/Documents/GitHub/GEO-INFER/GEO-INFER-TEST/tests/integration/test_module_imports.py:95: Optional dependency missing for geo_infer_health: No module named 'loguru'</skipped></testcase><testcase classname="tests.integration.test_module_imports.TestModuleImports" name="test_module_package_importable[INTRA-geo_infer_intra]" time="0.002" /><testcase classname="tests.integration.test_module_imports.TestModuleImports" name="test_module_package_importable[IOT-geo_infer_iot]" time="0.273" /><testcase classname="tests.integration.test_module_imports.TestModuleImports" name="test_module_package_importable[LOG-geo_infer_log]" time="0.068" /><testcase classname="tests.integration.test_module_imports.TestModuleImports" name="test_module_package_importable[MARINE-geo_infer_marine]" time="0.008" /><testcase classname="tests.integration.test_module_imports.TestModuleImports" name="test_module_package_importable[MATH-geo_infer_math]" time="0.150" /><testcase classname="tests.integration.test_module_imports.TestModuleImports" name="test_module_package_importable[METAGOV-geo_infer_metagov]" time="0.121" /><testcase classname="tests.integration.test_module_imports.TestModuleImports" name="test_module_package_importable[NORMS-geo_infer_norms]" time="0.000" /><testcase classname="tests.integration.test_module_imports.TestModuleImports" name="test_module_package_importable[OPS-geo_infer_ops]" time="0.083" /><testcase classname="tests.integration.test_module_imports.TestModuleImports" name="test_module_package_importable[ORG-geo_infer_org]" time="0.008" /><testcase classname="tests.integration.test_module_imports.TestModuleImports" name="test_module_package_importable[PEP-geo_infer_pep]" time="0.001" /><testcase classname="tests.integration.test_module_imports.TestModuleImports" name="test_module_package_importable[PLACE-geo_infer_place]" time="0.098" /><testcase classname="tests.integration.test_module_imports.TestModuleImports" name="test_module_package_importable[REQ-geo_infer_req]" time="0.017" /><testcase classname="tests.integration.test_module_imports.TestModuleImports" name="test_module_package_importable[RISK-geo_infer_risk]" time="0.047" /><testcase classname="tests.integration.test_module_imports.TestModuleImports" name="test_module_package_importable[SEC-geo_infer_sec]" time="0.006" /><testcase classname="tests.integration.test_module_imports.TestModuleImports" name="test_module_package_importable[SIM-geo_infer_sim]" time="0.033" /><testcase classname="tests.integration.test_module_imports.TestModuleImports" name="test_module_package_importable[SPACE-geo_infer_space]" time="0.000" /><testcase classname="tests.integration.test_module_imports.TestModuleImports" name="test_module_package_importable[SPM-geo_infer_spm]" time="9.046" /><testcase classname="tests.integration.test_module_imports.TestModuleImports" name="test_module_package_importable[TEST-geo_infer_test]" time="0.003" /><testcase classname="tests.integration.test_module_imports.TestModuleImports" name="test_module_package_importable[TIME-geo_infer_time]" time="0.023" /><testcase classname="tests.integration.test_module_imports.TestModuleImports" name="test_module_package_importable[TRANSPORT-geo_infer_transport]" time="0.030" /><testcase classname="tests.integration.test_module_imports.TestModuleImports" name="test_module_package_importable[WATER-geo_infer_water]" time="0.012" /><testcase classname="tests.integration.test_module_imports.TestModuleImports" name="test_module_has_version_or_init[ACT-geo_infer_act]" time="0.002" /><testcase classname="tests.integration.test_module_imports.TestModuleImports" name="test_module_has_version_or_init[AG-geo_infer_ag]" time="0.001" /><testcase classname="tests.integration.test_module_imports.TestModuleImports" name="test_module_has_version_or_init[AGENT-geo_infer_agent]" time="0.001" /><testcase classname="tests.integration.test_module_imports.TestModuleImports" name="test_module_has_version_or_init[AI-geo_infer_ai]" time="0.001" /><testcase classname="tests.integration.test_module_imports.TestModuleImports" name="test_module_has_version_or_init[ANT-geo_infer_ant]" time="0.001" /><testcase classname="tests.integration.test_module_imports.TestModuleImports" name="test_module_has_version_or_init[API-geo_infer_api]" time="0.001" /><testcase classname="tests.integration.test_module_imports.TestModuleImports" name="test_module_has_version_or_init[APP-geo_infer_app]" time="0.001" /><testcase classname="tests.integration.test_module_imports.TestModuleImports" name="test_module_has_version_or_init[ART-geo_infer_art]" time="0.002" /><testcase classname="tests.integration.test_module_imports.TestModuleImports" name="test_module_has_version_or_init[BAYES-geo_infer_bayes]" time="0.001" /><testcase classname="tests.integration.test_module_imports.TestModuleImports" name="test_module_has_version_or_init[BIO-geo_infer_bio]" time="0.001" /><testcase classname="tests.integration.test_module_imports.TestModuleImports" name="test_module_has_version_or_init[CIV-geo_infer_civ]" time="0.001" /><testcase classname="tests.integration.test_module_imports.TestModuleImports" name="test_module_has_version_or_init[CLIMATE-geo_infer_climate]" time="0.001" /><testcase classname="tests.integration.test_module_imports.TestModuleImports" name="test_module_has_version_or_init[COG-geo_infer_cog]" time="0.001" /><testcase classname="tests.integration.test_module_imports.TestModuleImports" name="test_module_has_version_or_init[COMMS-geo_infer_comms]" time="0.001" /><testcase classname="tests.integration.test_module_imports.TestModuleImports" name="test_module_has_version_or_init[DATA-geo_infer_data]" time="0.001" /><testcase classname="tests.integration.test_module_imports.TestModuleImports" name="test_module_has_version_or_init[ECON-geo_infer_econ]" time="0.001" /><testcase classname="tests.integration.test_module_imports.TestModuleImports" name="test_module_has_version_or_init[EDU-geo_infer_edu]" time="0.001" /><testcase classname="tests.integration.test_module_imports.TestModuleImports" name="test_module_has_version_or_init[EMERGENCY-geo_infer_emergency]" time="0.001" /><testcase classname="tests.integration.test_module_imports.TestModuleImports" name="test_module_has_version_or_init[ENERGY-geo_infer_energy]" time="0.002" /><testcase classname="tests.integration.test_module_imports.TestModuleImports" name="test_module_has_version_or_init[EXAMPLES-geo_infer_examples]" time="0.002" /><testcase classname="tests.integration.test_module_imports.TestModuleImports" name="test_module_has_version_or_init[FOREST-geo_infer_forest]" time="0.001" /><testcase classname="tests.integration.test_module_imports.TestModuleImports" name="test_module_has_version_or_init[GIT-geo_infer_git]" time="0.002" /><testcase classname="tests.integration.test_module_imports.TestModuleImports" name="test_module_has_version_or_init[HEALTH-geo_infer_health]" time="0.001" /><testcase classname="tests.integration.test_module_imports.TestModuleImports" name="test_module_has_version_or_init[INTRA-geo_infer_intra]" time="0.001" /><testcase classname="tests.integration.test_module_imports.TestModuleImports" name="test_module_has_version_or_init[IOT-geo_infer_iot]" time="0.001" /><testcase classname="tests.integration.test_module_imports.TestModuleImports" name="test_module_has_version_or_init[LOG-geo_infer_log]" time="0.003" /><testcase classname="tests.integration.test_module_imports.TestModuleImports" name="test_module_has_version_or_init[MARINE-geo_infer_marine]" time="0.001" /><testcase classname="tests.integration.test_module_imports.TestModuleImports" name="test_module_has_version_or_init[MATH-geo_infer_math]" time="0.001" /><testcase classname="tests.integration.test_module_imports.TestModuleImports" name="test_module_has_version_or_init[METAGOV-geo_infer_metagov]" time="0.001" /><testcase classname="tests.integration.test_module_imports.TestModuleImports" name="test_module_has_version_or_init[NORMS-geo_infer_norms]" time="0.001" /><testcase classname="tests.integration.test_module_imports.TestModuleImports" name="test_module_has_version_or_init[OPS-geo_infer_ops]" time="0.001" /><testcase classname="tests.integration.test_module_imports.TestModuleImports" name="test_module_has_version_or_init[ORG-geo_infer_org]" time="0.001" /><testcase classname="tests.integration.test_module_imports.TestModuleImports" name="test_module_has_version_or_init[PEP-geo_infer_pep]" time="0.001" /><testcase classname="tests.integration.test_module_imports.TestModuleImports" name="test_module_has_version_or_init[PLACE-geo_infer_place]" time="0.001" /><testcase classname="tests.integration.test_module_imports.TestModuleImports" name="test_module_has_version_or_init[REQ-geo_infer_req]" time="0.001" /><testcase classname="tests.integration.test_module_imports.TestModuleImports" name="test_module_has_version_or_init[RISK-geo_infer_risk]" time="0.001" /><testcase classname="tests.integration.test_module_imports.TestModuleImports" name="test_module_has_version_or_init[SEC-geo_infer_sec]" time="0.001" /><testcase classname="tests.integration.test_module_imports.TestModuleImports" name="test_module_has_version_or_init[SIM-geo_infer_sim]" time="0.001" /><testcase classname="tests.integration.test_module_imports.TestModuleImports" name="test_module_has_version_or_init[SPACE-geo_infer_space]" time="0.001" /><testcase classname="tests.integration.test_module_imports.TestModuleImports" name="test_module_has_version_or_init[SPM-geo_infer_spm]" time="0.001" /><testcase classname="tests.integration.test_module_imports.TestModuleImports" name="test_module_has_version_or_init[TEST-geo_infer_test]" time="0.001" /><testcase classname="tests.integration.test_module_imports.TestModuleImports" name="test_module_has_version_or_init[TIME-geo_infer_time]" time="0.001" /><testcase classname="tests.integration.test_module_imports.TestModuleImports" name="test_module_has_version_or_init[TRANSPORT-geo_infer_transport]" time="0.001" /><testcase classname="tests.integration.test_module_imports.TestModuleImports" name="test_module_has_version_or_init[WATER-geo_infer_water]" time="0.001" /><testcase classname="tests.integration.test_module_imports.TestModulePyprojectConsistency" name="test_module_pyproject_exists[ACT]" time="0.001" /><testcase classname="tests.integration.test_module_imports.TestModulePyprojectConsistency" name="test_module_pyproject_exists[AG]" time="0.001" /><testcase classname="tests.integration.test_module_imports.TestModulePyprojectConsistency" name="test_module_pyproject_exists[AGENT]" time="0.001" /><testcase classname="tests.integration.test_module_imports.TestModulePyprojectConsistency" name="test_module_pyproject_exists[AI]" time="0.001" /><testcase classname="tests.integration.test_module_imports.TestModulePyprojectConsistency" name="test_module_pyproject_exists[ANT]" time="0.001" /><testcase classname="tests.integration.test_module_imports.TestModulePyprojectConsistency" name="test_module_pyproject_exists[API]" time="0.000" /><testcase classname="tests.integration.test_module_imports.TestModulePyprojectConsistency" name="test_module_pyproject_exists[APP]" time="0.001" /><testcase classname="tests.integration.test_module_imports.TestModulePyprojectConsistency" name="test_module_pyproject_exists[ART]" time="0.001" /><testcase classname="tests.integration.test_module_imports.TestModulePyprojectConsistency" name="test_module_pyproject_exists[BAYES]" time="0.001" /><testcase classname="tests.integration.test_module_imports.TestModulePyprojectConsistency" name="test_module_pyproject_exists[BIO]" time="0.001" /><testcase classname="tests.integration.test_module_imports.TestModulePyprojectConsistency" name="test_module_pyproject_exists[CIV]" time="0.001" /><testcase classname="tests.integration.test_module_imports.TestModulePyprojectConsistency" name="test_module_pyproject_exists[CLIMATE]" time="0.001" /><testcase classname="tests.
[...]
.unit.test_validators_parametric.TestIoTParametric" name="test_iot_returns_structure[old_timestamp]" time="0.001" /><testcase classname="tests.unit.test_validators_parametric.TestIoTParametric" name="test_iot_returns_structure[anomaly_outlier]" time="0.002" /><testcase classname="tests.unit.test_validators_parametric.TestIoTParametric" name="test_iot_data_quality_embedded[valid_1sensors]" time="0.002" /><testcase classname="tests.unit.test_validators_parametric.TestIoTParametric" name="test_iot_data_quality_embedded[valid_3sensors]" time="0.002" /><testcase classname="tests.unit.test_validators_parametric.TestIoTParametric" name="test_iot_data_quality_embedded[valid_10sensors]" time="0.001" /><testcase classname="tests.unit.test_validators_parametric.TestIoTParametric" name="test_iot_data_quality_embedded[valid_25sensors]" time="0.001" /><testcase classname="tests.unit.test_validators_parametric.TestIoTParametric" name="test_iot_data_quality_embedded[radiation_0.0]" time="0.001" /><testcase classname="tests.unit.test_validators_parametric.TestIoTParametric" name="test_iot_data_quality_embedded[radiation_50.0]" time="0.002" /><testcase classname="tests.unit.test_validators_parametric.TestIoTParametric" name="test_iot_data_quality_embedded[radiation_100.0]" time="0.001" /><testcase classname="tests.unit.test_validators_parametric.TestIoTParametric" name="test_iot_data_quality_embedded[radiation_-1.0]" time="0.001" /><testcase classname="tests.unit.test_validators_parametric.TestIoTParametric" name="test_iot_data_quality_embedded[radiation_101.0]" time="0.002" /><testcase classname="tests.unit.test_validators_parametric.TestIoTParametric" name="test_iot_data_quality_embedded[radiation_999.0]" time="0.001" /><testcase classname="tests.unit.test_validators_parametric.TestIoTParametric" name="test_iot_data_quality_embedded[radiation_nan]" time="0.001" /><testcase classname="tests.unit.test_validators_parametric.TestIoTParametric" name="test_iot_data_quality_embedded[radiation_inf]" time="0.001" /><testcase classname="tests.unit.test_validators_parametric.TestIoTParametric" name="test_iot_data_quality_embedded[radiation_str_0]" time="0.001" /><testcase classname="tests.unit.test_validators_parametric.TestIoTParametric" name="test_iot_data_quality_embedded[radiation_str_50.5]" time="0.001" /><testcase classname="tests.unit.test_validators_parametric.TestIoTParametric" name="test_iot_data_quality_embedded[radiation_str_high]" time="0.002" /><testcase classname="tests.unit.test_validators_parametric.TestIoTParametric" name="test_iot_data_quality_embedded[radiation_str_]" time="0.001" /><testcase classname="tests.unit.test_validators_parametric.TestIoTParametric" name="test_iot_data_quality_embedded[sensor_id_sensor_0]" time="0.001" /><testcase classname="tests.unit.test_validators_parametric.TestIoTParametric" name="test_iot_data_quality_embedded[sensor_id_SENSOR-001]" time="0.001" /><testcase classname="tests.unit.test_validators_parametric.TestIoTParametric" name="test_iot_data_quality_embedded[sensor_id_s]" time="0.001" /><testcase classname="tests.unit.test_validators_parametric.TestIoTParametric" name="test_iot_data_quality_embedded[sensor_id_]" time="0.002" /><testcase classname="tests.unit.test_validators_parametric.TestIoTParametric" name="test_iot_data_quality_embedded[sensor_id_abc_123]" time="0.002" /><testcase classname="tests.unit.test_validators_parametric.TestIoTParametric" name="test_iot_data_quality_embedded[missing_sensor_id_rad]" time="0.001" /><testcase classname="tests.unit.test_validators_parametric.TestIoTParametric" name="test_iot_data_quality_embedded[missing_timestamp_rad]" time="0.000" /><testcase classname="tests.unit.test_validators_parametric.TestIoTParametric" name="test_iot_data_quality_embedded[old_timestamp]" time="0.001" /><testcase classname="tests.unit.test_validators_parametric.TestIoTParametric" name="test_iot_data_quality_embedded[anomaly_outlier]" time="0.003" /><testcase classname="tests.unit.test_validators_parametric.TestBayesianParametric" name="test_bayesian_returns_structure[converged_True]" time="0.000" /><testcase classname="tests.unit.test_validators_parametric.TestBayesianParametric" name="test_bayesian_returns_structure[converged_False]" time="0.000" /><testcase classname="tests.unit.test_validators_parametric.TestBayesianParametric" name="test_bayesian_returns_structure[converged_None]" time="0.000" /><testcase classname="tests.unit.test_validators_parametric.TestBayesianParametric" name="test_bayesian_returns_structure[converged_0]" time="0.000" /><testcase classname="tests.unit.test_validators_parametric.TestBayesianParametric" name="test_bayesian_returns_structure[converged_1]" time="0.000" /><testcase classname="tests.unit.test_validators_parametric.TestBayesianParametric" name="test_bayesian_returns_structure[converged_yes]" time="0.000" /><testcase classname="tests.unit.test_validators_parametric.TestBayesianParametric" name="test_bayesian_returns_structure[preds_0_[]]" time="0.000" /><testcase classname="tests.unit.test_validators_parametric.TestBayesianParametric" name="test_bayesian_returns_structure[preds_1_[0.5]]" time="0.000" /><testcase classname="tests.unit.test_validators_parametric.TestBayesianParametric" name="test_bayesian_returns_structure[preds_5_[0.1, 0.2]]" time="0.000" /><testcase classname="tests.unit.test_validators_parametric.TestBayesianParametric" name="test_bayesian_returns_structure[preds_50_[0.0, 0.02040816326530612]]" time="0.000" /><testcase classname="tests.unit.test_validators_parametric.TestBayesianParametric" name="test_bayesian_returns_structure[preds_100_[0.0, 0.010101010101010102]]" time="0.001" /><testcase classname="tests.unit.test_validators_parametric.TestBayesianParametric" name="test_bayesian_returns_structure[preds_3_[nan, 0.5]]" time="0.000" /><testcase classname="tests.unit.test_validators_parametric.TestBayesianParametric" name="test_bayesian_returns_structure[preds_2_[inf, 0.5]]" time="0.000" /><testcase classname="tests.unit.test_validators_parametric.TestBayesianParametric" name="test_bayesian_returns_structure[preds_3_[-1.0, 0.5]]" time="0.000" /><testcase classname="tests.unit.test_validators_parametric.TestBayesianParametric" name="test_bayesian_returns_structure[preds_20_[0.0, 0.0]]" time="0.000" /><testcase classname="tests.unit.test_validators_parametric.TestBayesianParametric" name="test_bayesian_returns_structure[preds_20_[1.0, 1.0]]" time="0.000" /><testcase classname="tests.unit.test_validators_parametric.TestBayesianParametric" name="test_bayesian_returns_structure[unc_0]" time="0.000" /><testcase classname="tests.unit.test_validators_parametric.TestBayesianParametric" name="test_bayesian_returns_structure[unc_1]" time="0.000" /><testcase classname="tests.unit.test_validators_parametric.TestBayesianParametric" name="test_bayesian_returns_structure[unc_3]" time="0.000" /><testcase classname="tests.unit.test_validators_parametric.TestBayesianParametric" name="test_bayesian_returns_structure[unc_50]" time="0.000" /><testcase classname="tests.unit.test_validators_parametric.TestBayesianParametric" name="test_bayesian_returns_structure[unc_10_0]" time="0.001" /><testcase classname="tests.unit.test_validators_parametric.TestBayesianParametric" name="test_bayesian_returns_structure[unc_10_1]" time="0.000" /><testcase classname="tests.unit.test_validators_parametric.TestBayesianParametric" name="test_bayesian_returns_structure[unc_2]" time="0.000" /><testcase classname="tests.unit.test_validators_parametric.TestBayesianParametric" name="test_bayesian_returns_structure[full_valid_result]" time="0.000" /><testcase classname="tests.unit.test_validators_parametric.TestBayesianParametric" name="test_bayesian_returns_structure[empty_dict]" time="0.000" /><testcase classname="tests.unit.test_validators_parametric.TestBayesianParametric" name="test_bayesian_returns_structure[model_info_only]" time="0.000" /><testcase classname="tests.unit.test_validators_parametric.TestBayesianParametric" name="test_bayesian_has_convergence[converged_True]" time="0.000" /><testcase classname="tests.unit.test_validators_parametric.TestBayesianParametric" name="test_bayesian_has_convergence[converged_False]" time="0.000" /><testcase classname="tests.unit.test_validators_parametric.TestBayesianParametric" name="test_bayesian_has_convergence[converged_None]" time="0.001" /><testcase classname="tests.unit.test_validators_parametric.TestBayesianParametric" name="test_bayesian_has_convergence[converged_0]" time="0.000" /><testcase classname="tests.unit.test_validators_parametric.TestBayesianParametric" name="test_bayesian_has_convergence[converged_1]" time="0.000" /><testcase classname="tests.unit.test_validators_parametric.TestBayesianParametric" name="test_bayesian_has_convergence[converged_yes]" time="0.000" /><testcase classname="tests.unit.test_validators_parametric.TestBayesianParametric" name="test_bayesian_has_convergence[preds_0_[]]" time="0.000" /><testcase classname="tests.unit.test_validators_parametric.TestBayesianParametric" name="test_bayesian_has_convergence[preds_1_[0.5]]" time="0.000" /><testcase classname="tests.unit.test_validators_parametric.TestBayesianParametric" name="test_bayesian_has_convergence[preds_5_[0.1, 0.2]]" time="0.000" /><testcase classname="tests.unit.test_validators_parametric.TestBayesianParametric" name="test_bayesian_has_convergence[preds_50_[0.0, 0.02040816326530612]]" time="0.000" /><testcase classname="tests.unit.test_validators_parametric.TestBayesianParametric" name="test_bayesian_has_convergence[preds_100_[0.0, 0.010101010101010102]]" time="0.000" /><testcase classname="tests.unit.test_validators_parametric.TestBayesianParametric" name="test_bayesian_has_convergence[preds_3_[nan, 0.5]]" time="0.000" /><testcase classname="tests.unit.test_validators_parametric.TestBayesianParametric" name="test_bayesian_has_convergence[preds_2_[inf, 0.5]]" time="0.000" /><testcase classname="tests.unit.test_validators_parametric.TestBayesianParametric" name="test_bayesian_has_convergence[preds_3_[-1.0, 0.5]]" time="0.000" /><testcase classname="tests.unit.test_validators_parametric.TestBayesianParametric" name="test_bayesian_has_convergence[preds_20_[0.0, 0.0]]" time="0.000" /><testcase classname="tests.unit.test_validators_parametric.TestBayesianParametric" name="test_bayesian_has_convergence[preds_20_[1.0, 1.0]]" time="0.000" /><testcase classname="tests.unit.test_validators_parametric.TestBayesianParametric" name="test_bayesian_has_convergence[unc_0]" time="0.000" /><testcase classname="tests.unit.test_validators_parametric.TestBayesianParametric" name="test_bayesian_has_convergence[unc_1]" time="0.000" /><testcase classname="tests.unit.test_validators_parametric.TestBayesianParametric" name="test_bayesian_has_convergence[unc_3]" time="0.000" /><testcase classname="tests.unit.test_validators_parametric.TestBayesianParametric" name="test_bayesian_has_convergence[unc_50]" time="0.000" /><testcase classname="tests.unit.test_validators_parametric.TestBayesianParametric" name="test_bayesian_has_convergence[unc_10_0]" time="0.000" /><testcase classname="tests.unit.test_validators_parametric.TestBayesianParametric" name="test_bayesian_has_convergence[unc_10_1]" time="0.000" /><testcase classname="tests.unit.test_validators_parametric.TestBayesianParametric" name="test_bayesian_has_convergence[unc_2]" time="0.000" /><testcase classname="tests.unit.test_validators_parametric.TestBayesianParametric" name="test_bayesian_has_convergence[full_valid_result]" time="0.000" /><testcase classname="tests.unit.test_validators_parametric.TestBayesianParametric" name="test_bayesian_has_convergence[empty_dict]" time="0.000" /><testcase classname="tests.unit.test_validators_parametric.TestBayesianParametric" name="test_bayesian_has_convergence[model_info_only]" time="0.000" /><testcase classname="tests.unit.test_validators_parametric.TestPerformanceParametric" name="test_performance_returns_structure[time_0.0s]" time="0.000" /><testcase classname="tests.unit.test_validators_parametric.TestPerformanceParametric" name="test_performance_returns_structure[time_0.5s]" time="0.000" /><testcase classname="tests.unit.test_validators_parametric.TestPerformanceParametric" name="test_performance_returns_structure[time_1.0s]" time="0.000" /><testcase classname="tests.unit.test_validators_parametric.TestPerformanceParametric" name="test_performance_returns_structure[time_10.0s]" time="0.000" /><testcase classname="tests.unit.test_validators_parametric.TestPerformanceParametric" name="test_performance_returns_structure[time_29.9s]" time="0.000" /><testcase classname="tests.unit.test_validators_parametric.TestPerformanceParametric" name="test_performance_returns_structure[time_30.0s]" time="0.000" /><testcase classname="tests.unit.test_validators_parametric.TestPerformanceParametric" name="test_performance_returns_structure[time_30.1s]" time="0.000" /><testcase classname="tests.unit.test_validators_parametric.TestPerformanceParametric" name="test_performance_returns_structure[time_60.0s]" time="0.000" /><testcase classname="tests.unit.test_validators_parametric.TestPerformanceParametric" name="test_performance_returns_structure[time_100.0s]" time="0.000" /><testcase classname="tests.unit.test_validators_parametric.TestPerformanceParametric" name="test_performance_returns_structure[accuracy_0.0]" time="0.000" /><testcase classname="tests.unit.test_validators_parametric.TestPerformanceParametric" name="test_performance_returns_structure[accuracy_0.5]" time="0.000" /><testcase classname="tests.unit.test_validators_parametric.TestPerformanceParametric" name="test_performance_returns_structure[accuracy_0.84]" time="0.000" /><testcase classname="tests.unit.test_validators_parametric.TestPerformanceParametric" name="test_performance_returns_structure[accuracy_0.85]" time="0.000" /><testcase classname="tests.unit.test_validators_parametric.TestPerformanceParametric" name="test_performance_returns_structure[accuracy_0.86]" time="0.000" /><testcase classname="tests.unit.test_validators_parametric.TestPerformanceParametric" name="test_performance_returns_structure[accuracy_0.95]" time="0.000" /><testcase classname="tests.unit.test_validators_parametric.TestPerformanceParametric" name="test_performance_returns_structure[accuracy_1.0]" time="0.000" /><testcase classname="tests.unit.test_validators_parametric.TestPerformanceParametric" name="test_performance_returns_structure[memory_1KB]" time="0.000" /><testcase classname="tests.unit.test_validators_parametric.TestPerformanceParametric" name="test_performance_returns_structure[memory_1MB]" time="0.000" /><testcase classname="tests.unit.test_validators_parametric.TestPerformanceParametric" name="test_performance_returns_structure[memory_1GB]" time="0.000" /><testcase classname="tests.unit.test_validators_parametric.TestPerformanceParametric" name="test_performance_returns_structure[memory_4GB]" time="0.000" /><testcase classname="tests.unit.test_validators_parametric.TestPerformanceParametric" name="test_performance_returns_structure[memory_5GB]" time="0.000" /><testcase classname="tests.unit.test_validators_parametric.TestPerformanceParametric" name="test_performance_returns_structure[memory_zero]" time="0.000" /><testcase classname="tests.unit.test_validators_parametric.TestPerformanceParametric" name="test_performance_returns_structure[combined_good]" time="0.000" /><testcase classname="tests.unit.test_validators_parametric.TestPerformanceParametric" name="test_performance_returns_structure[combined_bad]" time="0.000" /><testcase classname="tests.unit.test_validators_parametric.TestPerformanceParametric" name="test_performance_returns_structure[empty]" time="0.000" /><testcase classname="tests.unit.test_validators_parametric.TestPerformanceParametric" name="test_performance_with_config[config_t5s_a0.9]" time="0.000" /><testcase classname="tests.unit.test_validators_parametric.TestPerformanceParametric" name="test_performance_with_config[config_t60s_a0.5]" time="0.000" /><testcase classname="tests.unit.test_validators_parametric.TestPerformanceParametric" name="test_performance_with_config[config_t1m_a0.7]" time="0.000" /><testcase classname="tests.unit.test_validators_parametric.TestPerformanceParametric" name="test_parse_time_string[1s-1.0]" time="0.000" /><testcase classname="tests.unit.test_validators_parametric.TestPerformanceParametric" name="test_parse_time_string[30s-30.0]" time="0.000" /><testcase classname="tests.unit.test_validators_parametric.TestPerformanceParametric" name="test_parse_time_string[1m-60.0]" time="0.000" /><testcase classname="tests.unit.test_validators_parametric.TestPerformanceParametric" name="test_parse_time_string[2h-7200.0]" time="0.000" /><testcase classname="tests.unit.test_validators_parametric.TestPerformanceParametric" name="test_parse_time_string[0.5s-0.5]" time="0.000" /><testcase classname="tests.unit.test_validators_parametric.TestPerformanceParametric" name="test_parse_time_string[100-100.0]" time="0.000" /><testcase classname="tests.unit.test_validators_parametric.TestPerformanceParametric" name="test_parse_memory_string[1KB-1024.0]" time="0.000" /><testcase classname="tests.unit.test_validators_parametric.TestPerformanceParametric" name="test_parse_memory_string[1MB-1048576]" time="0.000" /><testcase classname="tests.unit.test_validators_parametric.TestPerformanceParametric" name="test_parse_memory_string[1GB-1073741824]" time="0.000" /><testcase classname="tests.unit.test_validators_parametric.TestPerformanceParametric" name="test_parse_memory_string[4GB-4294967296]" time="0.000" /><testcase classname="tests.unit.test_validators_parametric.TestPerformanceParametric" name="test_parse_memory_string[512MB-536870912]" time="0.000" /><testcase classname="tests.unit.test_validators_parametric.TestQualityControllerParametric" name="test_qc_combinations[None-None-None]" time="0.000" /><testcase classname="tests.unit.test_validators_parametric.TestQualityControllerParametric" name="test_qc_combinations[None-None-sensor_data1]" time="0.002" /><testcase classname="tests.unit.test_validators_parametric.TestQualityControllerParametric" name="test_qc_combinations[None-inference1-None]" time="0.001" /><testcase classname="tests.unit.test_validators_parametric.TestQualityControllerParametric" name="test_qc_combinations[None-inference1-sensor_data1]" time="0.003" /><testcase classname="tests.unit.test_validators_parametric.TestQualityControllerParametric" name="test_qc_combinations[perf1-None-None]" time="0.000" /><testcase classname="tests.unit.test_validators_parametric.TestQualityControllerParametric" name="test_qc_combinations[perf1-None-sensor_data1]" time="0.002" /><testcase classname="tests.unit.test_validators_parametric.TestQualityControllerParametric" name="test_qc_combinations[perf1-inference1-None]" time="0.001" /><testcase classname="tests.unit.test_validators_parametric.TestQualityControllerParametric" name="test_qc_combinations[perf1-inference1-sensor_data1]" time="0.002" /><testcase classname="tests.unit.test_validators_parametric.TestQualityControllerParametric" name="test_qc_full_pipeline" time="0.002" /><testcase classname="tests.unit.test_validators_parametric.TestQualityControllerParametric" name="test_qc_recommendation_text[excellent]" time="0.000" /><testcase classname="tests.unit.test_validators_parametric.TestQualityControllerParametric" name="test_qc_recommendation_text[good]" time="0.000" /><testcase classname="tests.unit.test_validators_parametric.TestQualityControllerParametric" name="test_qc_recommendation_text[acceptable]" time="0.000" /><testcase classname="tests.unit.test_validators_parametric.TestQualityControllerParametric" name="test_qc_recommendation_text[poor]" time="0.000" /><testcase classname="tests.unit.test_validators_parametric.TestQualityControllerParametric" name="test_qc_recommendation_text[unknown]" time="0.002" /></testsuite></testsuites>