<?xml version="1.0" encoding="utf-8"?><testsuites name="pytest tests"><testsuite name="pytest" errors="1" failures="0" skipped="0" tests="1" time="0.398" timestamp="2025-11-06T09:18:47.782861-08:00" hostname="timelock.local"><testcase classname="" name="tests.unit.test_core" time="0.000"><error message="collection failure">ImportError while importing test module '/Users/4d/Documents/GitHub/GEO-INFER/GEO-INFER-TIME/tests/unit/test_core.py'.
Hint: make sure your test modules/packages have valid Python names.
Traceback:
../../../.pyenv/versions/3.12.11/lib/python3.12/importlib/__init__.py:90: in import_module
    return _bootstrap._gcd_import(name[level:], package, level)
           ^^^^^^^^^^^^^^^^^^^^^^^^^^^^^^^^^^^^^^^^^^^^^^^^^^^^
GEO-INFER-TIME/tests/unit/test_core.py:10: in &lt;module&gt;
    from geo_infer_time import __version__
GEO-INFER-TIME/src/geo_infer_time/__init__.py:11: in &lt;module&gt;
    from geo_infer_time.core.analysis import TemporalAnalyzer
GEO-INFER-TIME/src/geo_infer_time/core/__init__.py:3: in &lt;module&gt;
    from geo_infer_time.core.analysis import TemporalAnalyzer
GEO-INFER-TIME/src/geo_infer_time/core/analysis.py:12: in &lt;module&gt;
    from statsmodels.tsa.seasonal import seasonal_decompose
E   ModuleNotFoundError: No module named 'statsmodels'</error></testcase></testsuite></testsuites>